<?xml version="1.0" encoding="UTF-8"?>
<testsuite xmlns:xsi="http://www.w3.org/2001/XMLSchema-instance" xsi:noNamespaceSchemaLocation="https://maven.apache.org/surefire/maven-surefire-plugin/xsd/surefire-test-report.xsd" name="TestSuite" time="197.591" tests="4" errors="0" skipped="0" failures="2">
  <properties>
    <property name="java.specification.version" value="17"/>
    <property name="sun.cpu.isalist" value="amd64"/>
    <property name="sun.jnu.encoding" value="Cp1258"/>
    <property name="java.class.path" value="D:\Hoc\AuToTest\eclipse-workspace\AutoTestShopee\target\test-classes;D:\Hoc\AuToTest\eclipse-workspace\AutoTestShopee\target\classes;C:\Users\ASUS\.m2\repository\io\appium\java-client\9.3.0\java-client-9.3.0.jar;C:\Users\ASUS\.m2\repository\org\seleniumhq\selenium\selenium-api\4.29.0\selenium-api-4.29.0.jar;C:\Users\ASUS\.m2\repository\org\jspecify\jspecify\1.0.0\jspecify-1.0.0.jar;C:\Users\ASUS\.m2\repository\org\seleniumhq\selenium\selenium-remote-driver\4.29.0\selenium-remote-driver-4.29.0.jar;C:\Users\ASUS\.m2\repository\io\opentelemetry\semconv\opentelemetry-semconv\1.28.0-alpha\opentelemetry-semconv-1.28.0-alpha.jar;C:\Users\ASUS\.m2\repository\io\opentelemetry\opentelemetry-api\1.46.0\opentelemetry-api-1.46.0.jar;C:\Users\ASUS\.m2\repository\io\opentelemetry\opentelemetry-context\1.46.0\opentelemetry-context-1.46.0.jar;C:\Users\ASUS\.m2\repository\io\opentelemetry\opentelemetry-exporter-logging\1.46.0\opentelemetry-exporter-logging-1.46.0.jar;C:\Users\ASUS\.m2\repository\io\opentelemetry\opentelemetry-sdk-common\1.46.0\opentelemetry-sdk-common-1.46.0.jar;C:\Users\ASUS\.m2\repository\io\opentelemetry\opentelemetry-sdk-extension-autoconfigure-spi\1.46.0\opentelemetry-sdk-extension-autoconfigure-spi-1.46.0.jar;C:\Users\ASUS\.m2\repository\io\opentelemetry\opentelemetry-sdk-extension-autoconfigure\1.46.0\opentelemetry-sdk-extension-autoconfigure-1.46.0.jar;C:\Users\ASUS\.m2\repository\io\opentelemetry\opentelemetry-api-incubator\1.46.0-alpha\opentelemetry-api-incubator-1.46.0-alpha.jar;C:\Users\ASUS\.m2\repository\io\opentelemetry\opentelemetry-sdk-trace\1.46.0\opentelemetry-sdk-trace-1.46.0.jar;C:\Users\ASUS\.m2\repository\io\opentelemetry\opentelemetry-sdk\1.46.0\opentelemetry-sdk-1.46.0.jar;C:\Users\ASUS\.m2\repository\io\opentelemetry\opentelemetry-sdk-metrics\1.46.0\opentelemetry-sdk-metrics-1.46.0.jar;C:\Users\ASUS\.m2\repository\io\opentelemetry\opentelemetry-sdk-logs\1.46.0\opentelemetry-sdk-logs-1.46.0.jar;C:\Users\ASUS\.m2\repository\org\seleniumhq\selenium\selenium-http\4.29.0\selenium-http-4.29.0.jar;C:\Users\ASUS\.m2\repository\org\seleniumhq\selenium\selenium-manager\4.29.0\selenium-manager-4.29.0.jar;C:\Users\ASUS\.m2\repository\org\seleniumhq\selenium\selenium-os\4.29.0\selenium-os-4.29.0.jar;C:\Users\ASUS\.m2\repository\org\apache\commons\commons-exec\1.4.0\commons-exec-1.4.0.jar;C:\Users\ASUS\.m2\repository\com\google\code\gson\gson\2.11.0\gson-2.11.0.jar;C:\Users\ASUS\.m2\repository\com\google\errorprone\error_prone_annotations\2.27.0\error_prone_annotations-2.27.0.jar;C:\Users\ASUS\.m2\repository\org\slf4j\slf4j-api\2.0.13\slf4j-api-2.0.13.jar;C:\Users\ASUS\.m2\repository\org\testng\testng\7.10.1\testng-7.10.1.jar;C:\Users\ASUS\.m2\repository\com\beust\jcommander\1.82\jcommander-1.82.jar;C:\Users\ASUS\.m2\repository\org\webjars\jquery\3.7.1\jquery-3.7.1.jar;C:\Users\ASUS\.m2\repository\org\seleniumhq\selenium\selenium-support\4.20.0\selenium-support-4.20.0.jar;C:\Users\ASUS\.m2\repository\com\google\auto\service\auto-service-annotations\1.1.1\auto-service-annotations-1.1.1.jar;C:\Users\ASUS\.m2\repository\com\google\guava\guava\33.1.0-jre\guava-33.1.0-jre.jar;C:\Users\ASUS\.m2\repository\com\google\guava\failureaccess\1.0.2\failureaccess-1.0.2.jar;C:\Users\ASUS\.m2\repository\com\google\guava\listenablefuture\9999.0-empty-to-avoid-conflict-with-guava\listenablefuture-9999.0-empty-to-avoid-conflict-with-guava.jar;C:\Users\ASUS\.m2\repository\com\google\code\findbugs\jsr305\3.0.2\jsr305-3.0.2.jar;C:\Users\ASUS\.m2\repository\org\checkerframework\checker-qual\3.42.0\checker-qual-3.42.0.jar;C:\Users\ASUS\.m2\repository\com\google\j2objc\j2objc-annotations\3.0.0\j2objc-annotations-3.0.0.jar;C:\Users\ASUS\.m2\repository\net\bytebuddy\byte-buddy\1.14.14\byte-buddy-1.14.14.jar;C:\Users\ASUS\.m2\repository\org\seleniumhq\selenium\selenium-json\4.20.0\selenium-json-4.20.0.jar;C:\Users\ASUS\.m2\repository\io\qameta\allure\allure-testng\2.24.0\allure-testng-2.24.0.jar;C:\Users\ASUS\.m2\repository\io\qameta\allure\allure-java-commons\2.24.0\allure-java-commons-2.24.0.jar;C:\Users\ASUS\.m2\repository\io\qameta\allure\allure-model\2.24.0\allure-model-2.24.0.jar;C:\Users\ASUS\.m2\repository\io\qameta\allure\allure-test-filter\2.24.0\allure-test-filter-2.24.0.jar;C:\Users\ASUS\.m2\repository\com\aventstack\extentreports\5.1.1\extentreports-5.1.1.jar;C:\Users\ASUS\.m2\repository\io\reactivex\rxjava3\rxjava\3.1.6\rxjava-3.1.6.jar;C:\Users\ASUS\.m2\repository\org\reactivestreams\reactive-streams\1.0.4\reactive-streams-1.0.4.jar;C:\Users\ASUS\.m2\repository\org\freemarker\freemarker\2.3.32\freemarker-2.3.32.jar;C:\Users\ASUS\.m2\repository\org\projectlombok\lombok\1.18.26\lombok-1.18.26.jar;C:\Users\ASUS\.m2\repository\com\github\stephenc\monte\monte-screen-recorder\0.7.7.0\monte-screen-recorder-0.7.7.0.jar;C:\Users\ASUS\.m2\repository\org\apache\logging\log4j\log4j-core\2.23.1\log4j-core-2.23.1.jar;C:\Users\ASUS\.m2\repository\org\apache\logging\log4j\log4j-api\2.23.1\log4j-api-2.23.1.jar;C:\Users\ASUS\.m2\repository\org\apache\poi\poi-ooxml\5.3.0\poi-ooxml-5.3.0.jar;C:\Users\ASUS\.m2\repository\org\apache\poi\poi-ooxml-lite\5.3.0\poi-ooxml-lite-5.3.0.jar;C:\Users\ASUS\.m2\repository\org\apache\xmlbeans\xmlbeans\5.2.1\xmlbeans-5.2.1.jar;C:\Users\ASUS\.m2\repository\org\apache\commons\commons-compress\1.26.2\commons-compress-1.26.2.jar;C:\Users\ASUS\.m2\repository\commons-io\commons-io\2.16.1\commons-io-2.16.1.jar;C:\Users\ASUS\.m2\repository\com\github\virtuald\curvesapi\1.08\curvesapi-1.08.jar;C:\Users\ASUS\.m2\repository\org\apache\commons\commons-collections4\4.4\commons-collections4-4.4.jar;C:\Users\ASUS\.m2\repository\com\opencsv\opencsv\5.9\opencsv-5.9.jar;C:\Users\ASUS\.m2\repository\org\apache\commons\commons-lang3\3.13.0\commons-lang3-3.13.0.jar;C:\Users\ASUS\.m2\repository\org\apache\commons\commons-text\1.11.0\commons-text-1.11.0.jar;C:\Users\ASUS\.m2\repository\commons-beanutils\commons-beanutils\1.9.4\commons-beanutils-1.9.4.jar;C:\Users\ASUS\.m2\repository\commons-logging\commons-logging\1.2\commons-logging-1.2.jar;C:\Users\ASUS\.m2\repository\commons-collections\commons-collections\3.2.2\commons-collections-3.2.2.jar;C:\Users\ASUS\.m2\repository\org\apache\poi\poi\5.3.0\poi-5.3.0.jar;C:\Users\ASUS\.m2\repository\commons-codec\commons-codec\1.17.0\commons-codec-1.17.0.jar;C:\Users\ASUS\.m2\repository\org\apache\commons\commons-math3\3.6.1\commons-math3-3.6.1.jar;C:\Users\ASUS\.m2\repository\com\zaxxer\SparseBitSet\1.3\SparseBitSet-1.3.jar;"/>
    <property name="java.vm.vendor" value="Oracle Corporation"/>
    <property name="sun.arch.data.model" value="64"/>
    <property name="user.variant" value=""/>
    <property name="java.vendor.url" value="https://java.oracle.com/"/>
    <property name="user.timezone" value="Asia/Saigon"/>
    <property name="suiteXmlFile" value="src/test/java/TestCase/testng.xml"/>
    <property name="os.name" value="Windows 11"/>
    <property name="java.vm.specification.version" value="17"/>
    <property name="sun.java.launcher" value="SUN_STANDARD"/>
    <property name="user.country" value="US"/>
    <property name="sun.boot.library.path" value="C:\Program Files\Java\jdk-17\bin"/>
    <property name="sun.java.command" value="C:\Users\ASUS\AppData\Local\Temp\surefire4855475162245873668\surefirebooter4391960145471712260.jar C:\Users\ASUS\AppData\Local\Temp\surefire4855475162245873668 2025-03-11T08-28-10_364-jvmRun1 surefire1367331962176213676tmp surefire_08430986526273624170tmp"/>
    <property name="jdk.debug" value="release"/>
    <property name="surefire.test.class.path" value="D:\Hoc\AuToTest\eclipse-workspace\AutoTestShopee\target\test-classes;D:\Hoc\AuToTest\eclipse-workspace\AutoTestShopee\target\classes;C:\Users\ASUS\.m2\repository\io\appium\java-client\9.3.0\java-client-9.3.0.jar;C:\Users\ASUS\.m2\repository\org\seleniumhq\selenium\selenium-api\4.29.0\selenium-api-4.29.0.jar;C:\Users\ASUS\.m2\repository\org\jspecify\jspecify\1.0.0\jspecify-1.0.0.jar;C:\Users\ASUS\.m2\repository\org\seleniumhq\selenium\selenium-remote-driver\4.29.0\selenium-remote-driver-4.29.0.jar;C:\Users\ASUS\.m2\repository\io\opentelemetry\semconv\opentelemetry-semconv\1.28.0-alpha\opentelemetry-semconv-1.28.0-alpha.jar;C:\Users\ASUS\.m2\repository\io\opentelemetry\opentelemetry-api\1.46.0\opentelemetry-api-1.46.0.jar;C:\Users\ASUS\.m2\repository\io\opentelemetry\opentelemetry-context\1.46.0\opentelemetry-context-1.46.0.jar;C:\Users\ASUS\.m2\repository\io\opentelemetry\opentelemetry-exporter-logging\1.46.0\opentelemetry-exporter-logging-1.46.0.jar;C:\Users\ASUS\.m2\repository\io\opentelemetry\opentelemetry-sdk-common\1.46.0\opentelemetry-sdk-common-1.46.0.jar;C:\Users\ASUS\.m2\repository\io\opentelemetry\opentelemetry-sdk-extension-autoconfigure-spi\1.46.0\opentelemetry-sdk-extension-autoconfigure-spi-1.46.0.jar;C:\Users\ASUS\.m2\repository\io\opentelemetry\opentelemetry-sdk-extension-autoconfigure\1.46.0\opentelemetry-sdk-extension-autoconfigure-1.46.0.jar;C:\Users\ASUS\.m2\repository\io\opentelemetry\opentelemetry-api-incubator\1.46.0-alpha\opentelemetry-api-incubator-1.46.0-alpha.jar;C:\Users\ASUS\.m2\repository\io\opentelemetry\opentelemetry-sdk-trace\1.46.0\opentelemetry-sdk-trace-1.46.0.jar;C:\Users\ASUS\.m2\repository\io\opentelemetry\opentelemetry-sdk\1.46.0\opentelemetry-sdk-1.46.0.jar;C:\Users\ASUS\.m2\repository\io\opentelemetry\opentelemetry-sdk-metrics\1.46.0\opentelemetry-sdk-metrics-1.46.0.jar;C:\Users\ASUS\.m2\repository\io\opentelemetry\opentelemetry-sdk-logs\1.46.0\opentelemetry-sdk-logs-1.46.0.jar;C:\Users\ASUS\.m2\repository\org\seleniumhq\selenium\selenium-http\4.29.0\selenium-http-4.29.0.jar;C:\Users\ASUS\.m2\repository\org\seleniumhq\selenium\selenium-manager\4.29.0\selenium-manager-4.29.0.jar;C:\Users\ASUS\.m2\repository\org\seleniumhq\selenium\selenium-os\4.29.0\selenium-os-4.29.0.jar;C:\Users\ASUS\.m2\repository\org\apache\commons\commons-exec\1.4.0\commons-exec-1.4.0.jar;C:\Users\ASUS\.m2\repository\com\google\code\gson\gson\2.11.0\gson-2.11.0.jar;C:\Users\ASUS\.m2\repository\com\google\errorprone\error_prone_annotations\2.27.0\error_prone_annotations-2.27.0.jar;C:\Users\ASUS\.m2\repository\org\slf4j\slf4j-api\2.0.13\slf4j-api-2.0.13.jar;C:\Users\ASUS\.m2\repository\org\testng\testng\7.10.1\testng-7.10.1.jar;C:\Users\ASUS\.m2\repository\com\beust\jcommander\1.82\jcommander-1.82.jar;C:\Users\ASUS\.m2\repository\org\webjars\jquery\3.7.1\jquery-3.7.1.jar;C:\Users\ASUS\.m2\repository\org\seleniumhq\selenium\selenium-support\4.20.0\selenium-support-4.20.0.jar;C:\Users\ASUS\.m2\repository\com\google\auto\service\auto-service-annotations\1.1.1\auto-service-annotations-1.1.1.jar;C:\Users\ASUS\.m2\repository\com\google\guava\guava\33.1.0-jre\guava-33.1.0-jre.jar;C:\Users\ASUS\.m2\repository\com\google\guava\failureaccess\1.0.2\failureaccess-1.0.2.jar;C:\Users\ASUS\.m2\repository\com\google\guava\listenablefuture\9999.0-empty-to-avoid-conflict-with-guava\listenablefuture-9999.0-empty-to-avoid-conflict-with-guava.jar;C:\Users\ASUS\.m2\repository\com\google\code\findbugs\jsr305\3.0.2\jsr305-3.0.2.jar;C:\Users\ASUS\.m2\repository\org\checkerframework\checker-qual\3.42.0\checker-qual-3.42.0.jar;C:\Users\ASUS\.m2\repository\com\google\j2objc\j2objc-annotations\3.0.0\j2objc-annotations-3.0.0.jar;C:\Users\ASUS\.m2\repository\net\bytebuddy\byte-buddy\1.14.14\byte-buddy-1.14.14.jar;C:\Users\ASUS\.m2\repository\org\seleniumhq\selenium\selenium-json\4.20.0\selenium-json-4.20.0.jar;C:\Users\ASUS\.m2\repository\io\qameta\allure\allure-testng\2.24.0\allure-testng-2.24.0.jar;C:\Users\ASUS\.m2\repository\io\qameta\allure\allure-java-commons\2.24.0\allure-java-commons-2.24.0.jar;C:\Users\ASUS\.m2\repository\io\qameta\allure\allure-model\2.24.0\allure-model-2.24.0.jar;C:\Users\ASUS\.m2\repository\io\qameta\allure\allure-test-filter\2.24.0\allure-test-filter-2.24.0.jar;C:\Users\ASUS\.m2\repository\com\aventstack\extentreports\5.1.1\extentreports-5.1.1.jar;C:\Users\ASUS\.m2\repository\io\reactivex\rxjava3\rxjava\3.1.6\rxjava-3.1.6.jar;C:\Users\ASUS\.m2\repository\org\reactivestreams\reactive-streams\1.0.4\reactive-streams-1.0.4.jar;C:\Users\ASUS\.m2\repository\org\freemarker\freemarker\2.3.32\freemarker-2.3.32.jar;C:\Users\ASUS\.m2\repository\org\projectlombok\lombok\1.18.26\lombok-1.18.26.jar;C:\Users\ASUS\.m2\repository\com\github\stephenc\monte\monte-screen-recorder\0.7.7.0\monte-screen-recorder-0.7.7.0.jar;C:\Users\ASUS\.m2\repository\org\apache\logging\log4j\log4j-core\2.23.1\log4j-core-2.23.1.jar;C:\Users\ASUS\.m2\repository\org\apache\logging\log4j\log4j-api\2.23.1\log4j-api-2.23.1.jar;C:\Users\ASUS\.m2\repository\org\apache\poi\poi-ooxml\5.3.0\poi-ooxml-5.3.0.jar;C:\Users\ASUS\.m2\repository\org\apache\poi\poi-ooxml-lite\5.3.0\poi-ooxml-lite-5.3.0.jar;C:\Users\ASUS\.m2\repository\org\apache\xmlbeans\xmlbeans\5.2.1\xmlbeans-5.2.1.jar;C:\Users\ASUS\.m2\repository\org\apache\commons\commons-compress\1.26.2\commons-compress-1.26.2.jar;C:\Users\ASUS\.m2\repository\commons-io\commons-io\2.16.1\commons-io-2.16.1.jar;C:\Users\ASUS\.m2\repository\com\github\virtuald\curvesapi\1.08\curvesapi-1.08.jar;C:\Users\ASUS\.m2\repository\org\apache\commons\commons-collections4\4.4\commons-collections4-4.4.jar;C:\Users\ASUS\.m2\repository\com\opencsv\opencsv\5.9\opencsv-5.9.jar;C:\Users\ASUS\.m2\repository\org\apache\commons\commons-lang3\3.13.0\commons-lang3-3.13.0.jar;C:\Users\ASUS\.m2\repository\org\apache\commons\commons-text\1.11.0\commons-text-1.11.0.jar;C:\Users\ASUS\.m2\repository\commons-beanutils\commons-beanutils\1.9.4\commons-beanutils-1.9.4.jar;C:\Users\ASUS\.m2\repository\commons-logging\commons-logging\1.2\commons-logging-1.2.jar;C:\Users\ASUS\.m2\repository\commons-collections\commons-collections\3.2.2\commons-collections-3.2.2.jar;C:\Users\ASUS\.m2\repository\org\apache\poi\poi\5.3.0\poi-5.3.0.jar;C:\Users\ASUS\.m2\repository\commons-codec\commons-codec\1.17.0\commons-codec-1.17.0.jar;C:\Users\ASUS\.m2\repository\org\apache\commons\commons-math3\3.6.1\commons-math3-3.6.1.jar;C:\Users\ASUS\.m2\repository\com\zaxxer\SparseBitSet\1.3\SparseBitSet-1.3.jar;"/>
    <property name="sun.cpu.endian" value="little"/>
    <property name="user.home" value="C:\Users\ASUS"/>
    <property name="user.language" value="en"/>
    <property name="java.specification.vendor" value="Oracle Corporation"/>
    <property name="java.version.date" value="2023-10-17"/>
    <property name="java.home" value="C:\Program Files\Java\jdk-17"/>
    <property name="file.separator" value="\"/>
    <property name="basedir" value="D:\Hoc\AuToTest\eclipse-workspace\AutoTestShopee"/>
    <property name="java.vm.compressedOopsMode" value="Zero based"/>
    <property name="line.separator" value="&#10;"/>
    <property name="java.vm.specification.vendor" value="Oracle Corporation"/>
    <property name="java.specification.name" value="Java Platform API Specification"/>
    <property name="surefire.real.class.path" value="C:\Users\ASUS\AppData\Local\Temp\surefire4855475162245873668\surefirebooter4391960145471712260.jar"/>
    <property name="user.script" value=""/>
    <property name="sun.management.compiler" value="HotSpot 64-Bit Tiered Compilers"/>
    <property name="java.runtime.version" value="17.0.9+11-LTS-201"/>
    <property name="user.name" value="ASUS"/>
    <property name="path.separator" value=";"/>
    <property name="os.version" value="10.0"/>
    <property name="java.runtime.name" value="Java(TM) SE Runtime Environment"/>
    <property name="file.encoding" value="Cp1258"/>
    <property name="java.vm.name" value="Java HotSpot(TM) 64-Bit Server VM"/>
    <property name="localRepository" value="C:\Users\ASUS\.m2\repository"/>
    <property name="java.vendor.url.bug" value="https://bugreport.java.com/bugreport/"/>
    <property name="java.io.tmpdir" value="C:\Users\ASUS\AppData\Local\Temp\"/>
    <property name="java.version" value="17.0.9"/>
    <property name="user.dir" value="D:\Hoc\AuToTest\eclipse-workspace\AutoTestShopee"/>
    <property name="os.arch" value="amd64"/>
    <property name="java.vm.specification.name" value="Java Virtual Machine Specification"/>
    <property name="sun.os.patch.level" value=""/>
    <property name="native.encoding" value="Cp1258"/>
    <property name="java.library.path" value="C:\Program Files\Java\jdk-17\bin;C:\WINDOWS\Sun\Java\bin;C:\WINDOWS\system32;C:\WINDOWS;C:/Users/ASUS/.p2/pool/plugins/org.eclipse.justj.openjdk.hotspot.jre.full.win32.x86_64_17.0.10.v20240120-1143/jre/bin/server;C:/Users/ASUS/.p2/pool/plugins/org.eclipse.justj.openjdk.hotspot.jre.full.win32.x86_64_17.0.10.v20240120-1143/jre/bin;C:\Program Files\Common Files\Oracle\Java\javapath;C:\Program Files (x86)\Common Files\Oracle\Java\javapath;C:\Windows\system32;C:\Windows;C:\Windows\System32\Wbem;C:\Windows\System32\WindowsPowerShell\v1.0\;C:\Windows\System32\OpenSSH\;C:\Program Files (x86)\NVIDIA Corporation\PhysX\Common;C:\Program Files\NVIDIA Corporation\NVIDIA NvDLISR;C:\Program Files\dotnet\;C:\Program Files (x86)\Microsoft SQL Server\160\Tools\Binn\;C:\Program Files\Microsoft SQL Server\160\Tools\Binn\;C:\Program Files\Microsoft SQL Server\Client SDK\ODBC\170\Tools\Binn\;C:\Program Files\Microsoft SQL Server\160\DTS\Binn\;C:\Program Files\Azure Data Studio\bin;C:\Program Files\Microsoft SQL Server\150\Tools\Binn\;C:\Program Files\Git\cmd;C:\xampp\php;C:\ProgramData\ComposerSetup\bin;C:\Program Files\nodejs\;C:\Users\ASUS\AppData\Local\Android\Sdk\tools\bin;C:\Users\ASUS\AppData\Local\Android\Sdk\tools;C:\Users\ASUS\AppData\Local\Android\Sdk\platform-tools;C:\Program Files\nodejs\node_modules\npm\bin;C:\WINDOWS\system32;C:\WINDOWS;C:\WINDOWS\System32\Wbem;C:\WINDOWS\System32\WindowsPowerShell\v1.0\;C:\WINDOWS\System32\OpenSSH\;C:\Program Files (x86)\Windows Kits\10\Windows Performance Toolkit\;C:\Program Files (x86)\Microsoft SQL Server\160\DTS\Binn\;C:\Program Files\Java\jdk-17;C:\Program Files\Cloudflare\Cloudflare WARP\;C:\allure-2.32.2\bin;D:\DOWNLOAD\apache-maven-3.9.9-bin\apache-maven-3.9.9\bin;C:\Program Files\Git\usr\bin;C:\Users\ASUS\AppData\Local\Programs\Python\Python312\Scripts\;C:\Users\ASUS\AppData\Local\Programs\Python\Python312\;C:\Users\ASUS\AppData\Local\Microsoft\WindowsApps;C:\Users\ASUS\.dotnet\tools;C:\Users\ASUS\AppData\Local\Programs\Microsoft VS Code\bin;C:\xampp\php;C:\Program Files\Azure Data Studio\bin;C:\Users\ASUS\AppData\Local\GitHubDesktop\bin;C:\Users\ASUS\AppData\Local\ComposerSetup\bin;C:\Users\ASUS\AppData\Roaming\Composer\vendor\bin;C:\Users\ASUS\AppData\Roaming\npm;D:\Tool\flutter\bin;C:\Users\ASUS\AppData\Local\Programs\cursor\resources\app\bin;C:\Users\ASUS\Desktop;;."/>
    <property name="java.vm.info" value="mixed mode, sharing"/>
    <property name="java.vendor" value="Oracle Corporation"/>
    <property name="java.vm.version" value="17.0.9+11-LTS-201"/>
    <property name="sun.io.unicode.encoding" value="UnicodeLittle"/>
    <property name="java.class.version" value="61.0"/>
  </properties>
  <testcase name="TestLoginWithPhoneNumber" classname="TestCase.TestCaseLogin" time="16.589"/>
  <testcase name="TestLoginWithEmail" classname="TestCase.TestCaseLogin" time="15.383"/>
  <testcase name="TestLoginFail" classname="TestCase.TestCaseLogin" time="6.325">
    <failure message="Thông báo lỗi không khớp.Mong đợi: TĂ i khoáº£n hoáº·c máº­t kháº©u Ä‘Äƒng nháº­p khĂ´ng chĂ­nh xĂ¡c. Vui lĂ²ng thá»­ láº¡i. | Thực tế: Tài khoản hoặc mật khẩu đăng nhập không chính xác. Vui lòng thử lại." type="java.lang.AssertionError">java.lang.AssertionError: Thông báo lỗi không khớp.Mong đợi: TĂ i khoáº£n hoáº·c máº­t kháº©u Ä‘Äƒng nháº­p khĂ´ng chĂ­nh xĂ¡c. Vui lĂ²ng thá»­ láº¡i. | Thực tế: Tài khoản hoặc mật khẩu đăng nhập không chính xác. Vui lòng thử lại.
	at TestCase.TestCaseLogin.TestLoginFail(TestCaseLogin.java:151)
</failure>
    <system-out><![CDATA[Đóng hoàn toàn Appium driver...
&amp#27;[38;5;0m[HTTP]&amp#27;[0m &amp#27;[37m-->&amp#27;[39m &amp#27;[37mDELETE&amp#27;[39m &amp#27;[37m/session/5b289281-b840-4cf5-a6ca-485c359fe6e6&amp#27;[39m
&amp#27;[38;5;0m[HTTP]&amp#27;[0m &amp#27;[90m{}&amp#27;[39m
[debug] &amp#27;[38;5;32m[AndroidUiautomator2Driver@ded0 (5b289281)]&amp#27;[0m Calling AppiumDriver.deleteSession() with args: ["5b289281-b840-4cf5-a6ca-485c359fe6e6"]
[debug] &amp#27;[38;5;16m[AppiumDriver@dfb1]&amp#27;[0m Event 'quitSessionRequested' logged at 1741656611477 (08:30:11 GMT+0700 (Indochina Time))
&amp#27;[38;5;16m[AppiumDriver@dfb1]&amp#27;[0m Removing session 5b289281-b840-4cf5-a6ca-485c359fe6e6 from our master session list
[debug] &amp#27;[38;5;32m[AndroidUiautomator2Driver@ded0 (5b289281)]&amp#27;[0m Deleting UiAutomator2 session
[debug] &amp#27;[38;5;32m[AndroidUiautomator2Driver@ded0 (5b289281)]&amp#27;[0m Deleting UiAutomator2 server session
[debug] &amp#27;[38;5;32m[AndroidUiautomator2Driver@ded0 (5b289281)]&amp#27;[0m Matched '/' to command name 'deleteSession'
[debug] &amp#27;[38;5;32m[AndroidUiautomator2Driver@ded0 (5b289281)]&amp#27;[0m Proxying [DELETE /] to [DELETE http://127.0.0.1:8200/session/289f2f57-b414-4a34-a88e-d73c21c95651] with no body
[debug] &amp#27;[38;5;32m[AndroidUiautomator2Driver@ded0 (5b289281)]&amp#27;[0m Got response with status 200: {"sessionId":"289f2f57-b414-4a34-a88e-d73c21c95651","value":null}
[debug] &amp#27;[38;5;32m[AndroidUiautomator2Driver@ded0 (5b289281)]&amp#27;[0m [Instrumentation] io.appium.uiautomator2.server.test.AppiumUiAutomator2Server:
[debug] &amp#27;[38;5;32m[AndroidUiautomator2Driver@ded0 (5b289281)]&amp#27;[0m [Instrumentation] The process has exited with code null, signal SIGTERM
[debug] &amp#27;[38;5;48m[ADB]&amp#27;[0m Running 'C:\Users\ASUS\AppData\Local\Android\Sdk\platform-tools\adb.exe -P 5037 -s 83639429 shell dumpsys activity services io.appium.settings/.recorder.RecorderService'
[debug] &amp#27;[38;5;48m[ADB]&amp#27;[0m Running 'C:\Users\ASUS\AppData\Local\Android\Sdk\platform-tools\adb.exe -P 5037 -s 83639429 shell am force-stop com.shopee.vn'
[debug] &amp#27;[38;5;48m[ADB]&amp#27;[0m Removing forwarded port socket connection: 8200 
[debug] &amp#27;[38;5;48m[ADB]&amp#27;[0m Running 'C:\Users\ASUS\AppData\Local\Android\Sdk\platform-tools\adb.exe -P 5037 -s 83639429 forward --remove tcp:8200'
&amp#27;[38;5;32m[AndroidUiautomator2Driver@ded0 (5b289281)]&amp#27;[0m Restoring hidden api policy to the device default configuration
[debug] &amp#27;[38;5;48m[ADB]&amp#27;[0m Running 'C:\Users\ASUS\AppData\Local\Android\Sdk\platform-tools\adb.exe -P 5037 -s 83639429 shell 'settings delete global hidden_api_policy_pre_p_apps;settings delete global hidden_api_policy_p_apps;settings delete global hidden_api_policy''
[debug] &amp#27;[38;5;64m[Logcat]&amp#27;[0m Stopping logcat capture
[debug] &amp#27;[38;5;16m[AppiumDriver@dfb1]&amp#27;[0m Event 'quitSessionFinished' logged at 1741656612073 (08:30:12 GMT+0700 (Indochina Time))
[debug] &amp#27;[38;5;16m[AppiumDriver@dfb1]&amp#27;[0m Received response: null
[debug] &amp#27;[38;5;16m[AppiumDriver@dfb1]&amp#27;[0m But deleting session, so not returning
[debug] &amp#27;[38;5;16m[AppiumDriver@dfb1]&amp#27;[0m Responding to client with driver.deleteSession() result: null
&amp#27;[38;5;0m[HTTP]&amp#27;[0m &amp#27;[37m<-- DELETE /session/5b289281-b840-4cf5-a6ca-485c359fe6e6 &amp#27;[39m&amp#27;[32m200&amp#27;[39m &amp#27;[90m597 ms - 14&amp#27;[39m
&amp#27;[38;5;0m[HTTP]&amp#27;[0m &amp#27;[90m&amp#27;[39m
&amp#27;[38;5;0m[HTTP]&amp#27;[0m &amp#27;[37m-->&amp#27;[39m &amp#27;[37mGET&amp#27;[39m &amp#27;[37m/status&amp#27;[39m
&amp#27;[38;5;0m[HTTP]&amp#27;[0m &amp#27;[90m{}&amp#27;[39m
[debug] &amp#27;[38;5;16m[AppiumDriver@dfb1]&amp#27;[0m Calling AppiumDriver.getStatus() with args: []
[debug] &amp#27;[38;5;16m[AppiumDriver@dfb1]&amp#27;[0m Responding to client with driver.getStatus() result: {"build":{"version":"2.0.1","git-sha":"0872803c4f7fdc32137e96f0cd86c5e3cee35677","built":"2024-12-02 15:23:18 +0700"}}
&amp#27;[38;5;0m[HTTP]&amp#27;[0m &amp#27;[37m<-- GET /status &amp#27;[39m&amp#27;[32m200&amp#27;[39m &amp#27;[90m1 ms - 128&amp#27;[39m
&amp#27;[38;5;0m[HTTP]&amp#27;[0m &amp#27;[90m&amp#27;[39m
[debug] &amp#27;[38;5;0m[HTTP]&amp#27;[0m Request idempotency key: 5a39b8cd-ad5f-4982-bb27-078bd3e786ba
&amp#27;[38;5;0m[HTTP]&amp#27;[0m &amp#27;[37m-->&amp#27;[39m &amp#27;[37mPOST&amp#27;[39m &amp#27;[37m/session&amp#27;[39m
&amp#27;[38;5;0m[HTTP]&amp#27;[0m &amp#27;[90m{"capabilities":{"firstMatch":[{"appium:noReset":false,"appium:autoGrantPermissions":true,"appium:ignoreHiddenApiPolicyError":true,"appium:appActivity":"com.shopee.app.ui.home.HomeActivity_","appium:deviceName":"OPPO Reno4","platformName":"ANDROID","appium:automationName":"UiAutomator2","appium:appPackage":"com.shopee.vn"}]}}&amp#27;[39m
[debug] &amp#27;[38;5;16m[AppiumDriver@dfb1]&amp#27;[0m Calling AppiumDriver.createSession() with args: [null,null,{"firstMatch":[{"appium:noReset":false,"appium:autoGrantPermissions":true,"appium:ignoreHiddenApiPolicyError":true,"appium:appActivity":"com.shopee.app.ui.home.HomeActivity_","appium:deviceName":"OPPO Reno4","platformName":"ANDROID","appium:automationName":"UiAutomator2","appium:appPackage":"com.shopee.vn"}]}]
[debug] &amp#27;[38;5;16m[AppiumDriver@dfb1]&amp#27;[0m Event 'newSessionRequested' logged at 1741656612102 (08:30:12 GMT+0700 (Indochina Time))
&amp#27;[35m[Appium]&amp#27;[39m Attempting to find matching driver for automationName 'UiAutomator2' and platformName 'ANDROID'
&amp#27;[35m[Appium]&amp#27;[39m The 'uiautomator2' driver was installed and matched caps.
&amp#27;[35m[Appium]&amp#27;[39m Will require it at C:\Users\ASUS\.appium\node_modules\appium-uiautomator2-driver
[debug] &amp#27;[35m[Appium]&amp#27;[39m Requiring driver at C:\Users\ASUS\.appium\node_modules\appium-uiautomator2-driver
&amp#27;[38;5;16m[AppiumDriver@dfb1]&amp#27;[0m Appium v2.0.1 creating new AndroidUiautomator2Driver (v3.8.1) session
&amp#27;[38;5;16m[AppiumDriver@dfb1]&amp#27;[0m Checking BaseDriver versions for Appium and AndroidUiautomator2Driver
&amp#27;[38;5;16m[AppiumDriver@dfb1]&amp#27;[0m Appium's BaseDriver version is 9.6.0
&amp#27;[38;5;16m[AppiumDriver@dfb1]&amp#27;[0m AndroidUiautomator2Driver's BaseDriver version is 9.6.0
[debug] &amp#27;[38;5;32m[AndroidUiautomator2Driver@9c7c]&amp#27;[0m Creating session with W3C capabilities: {
[debug] &amp#27;[38;5;32m[AndroidUiautomator2Driver@9c7c]&amp#27;[0m   "alwaysMatch": {
[debug] &amp#27;[38;5;32m[AndroidUiautomator2Driver@9c7c]&amp#27;[0m     "platformName": "ANDROID",
[debug] &amp#27;[38;5;32m[AndroidUiautomator2Driver@9c7c]&amp#27;[0m     "appium:noReset": false,
[debug] &amp#27;[38;5;32m[AndroidUiautomator2Driver@9c7c]&amp#27;[0m     "appium:autoGrantPermissions": true,
[debug] &amp#27;[38;5;32m[AndroidUiautomator2Driver@9c7c]&amp#27;[0m     "appium:ignoreHiddenApiPolicyError": true,
[debug] &amp#27;[38;5;32m[AndroidUiautomator2Driver@9c7c]&amp#27;[0m     "appium:appActivity": "com.shopee.app.ui.home.HomeActivity_",
[debug] &amp#27;[38;5;32m[AndroidUiautomator2Driver@9c7c]&amp#27;[0m     "appium:deviceName": "OPPO Reno4",
[debug] &amp#27;[38;5;32m[AndroidUiautomator2Driver@9c7c]&amp#27;[0m     "appium:automationName": "UiAutomator2",
[debug] &amp#27;[38;5;32m[AndroidUiautomator2Driver@9c7c]&amp#27;[0m     "appium:appPackage": "com.shopee.vn"
[debug] &amp#27;[38;5;32m[AndroidUiautomator2Driver@9c7c]&amp#27;[0m   },
[debug] &amp#27;[38;5;32m[AndroidUiautomator2Driver@9c7c]&amp#27;[0m   "firstMatch": [
[debug] &amp#27;[38;5;32m[AndroidUiautomator2Driver@9c7c]&amp#27;[0m     {}
[debug] &amp#27;[38;5;32m[AndroidUiautomator2Driver@9c7c]&amp#27;[0m   ]
[debug] &amp#27;[38;5;32m[AndroidUiautomator2Driver@9c7c]&amp#27;[0m }
&amp#27;[38;5;32m[AndroidUiautomator2Driver@9c7c (bbc92ba8)]&amp#27;[0m Session created with session id: bbc92ba8-adbe-420a-aba2-e3598bd99daa
&amp#27;[38;5;48m[ADB]&amp#27;[0m Using 'adb.exe' from 'C:\Users\ASUS\AppData\Local\Android\Sdk\platform-tools\adb.exe'
[debug] &amp#27;[38;5;48m[ADB]&amp#27;[0m Running 'C:\Users\ASUS\AppData\Local\Android\Sdk\platform-tools\adb.exe -P 5037 start-server'
&amp#27;[38;5;32m[AndroidUiautomator2Driver@9c7c (bbc92ba8)]&amp#27;[0m Retrieving device list
[debug] &amp#27;[38;5;48m[ADB]&amp#27;[0m Trying to find connected Android devices
[debug] &amp#27;[38;5;48m[ADB]&amp#27;[0m Getting connected devices
[debug] &amp#27;[38;5;48m[ADB]&amp#27;[0m Connected devices: [{"udid":"83639429","state":"device"}]
&amp#27;[38;5;32m[AndroidUiautomator2Driver@9c7c (bbc92ba8)]&amp#27;[0m Using device: 83639429
&amp#27;[38;5;48m[ADB]&amp#27;[0m Using 'adb.exe' from 'C:\Users\ASUS\AppData\Local\Android\Sdk\platform-tools\adb.exe'
[debug] &amp#27;[38;5;48m[ADB]&amp#27;[0m Running 'C:\Users\ASUS\AppData\Local\Android\Sdk\platform-tools\adb.exe -P 5037 start-server'
[debug] &amp#27;[38;5;48m[ADB]&amp#27;[0m Setting device id to 83639429
&amp#27;[38;5;32m[AndroidUiautomator2Driver@9c7c (bbc92ba8)]&amp#27;[0m Starting 'com.shopee.vn' directly on the device
[debug] &amp#27;[38;5;48m[ADB]&amp#27;[0m Running 'C:\Users\ASUS\AppData\Local\Android\Sdk\platform-tools\adb.exe -P 5037 -s 83639429 shell getprop ro.build.version.sdk'
[debug] &amp#27;[38;5;48m[ADB]&amp#27;[0m Current device property 'ro.build.version.sdk': 31
&amp#27;[38;5;48m[ADB]&amp#27;[0m Getting device platform version
[debug] &amp#27;[38;5;48m[ADB]&amp#27;[0m Running 'C:\Users\ASUS\AppData\Local\Android\Sdk\platform-tools\adb.exe -P 5037 -s 83639429 shell getprop ro.build.version.release'
[debug] &amp#27;[38;5;48m[ADB]&amp#27;[0m Current device property 'ro.build.version.release': 12
[debug] &amp#27;[38;5;48m[ADB]&amp#27;[0m Device API level: 31
&amp#27;[38;5;32m[AndroidUiautomator2Driver@9c7c (bbc92ba8)]&amp#27;[0m Relaxing hidden api policy
[debug] &amp#27;[38;5;48m[ADB]&amp#27;[0m Running 'C:\Users\ASUS\AppData\Local\Android\Sdk\platform-tools\adb.exe -P 5037 -s 83639429 shell 'settings put global hidden_api_policy_pre_p_apps 1;settings put global hidden_api_policy_p_apps 1;settings put global hidden_api_policy 1''
[debug] &amp#27;[38;5;32m[AndroidUiautomator2Driver@9c7c (bbc92ba8)]&amp#27;[0m Pushing settings apk to the device...
[debug] &amp#27;[38;5;48m[ADB]&amp#27;[0m Getting package info for 'io.appium.settings'
[debug] &amp#27;[38;5;48m[ADB]&amp#27;[0m Running 'C:\Users\ASUS\AppData\Local\Android\Sdk\platform-tools\adb.exe -P 5037 -s 83639429 shell dumpsys package io.appium.settings'
&amp#27;[38;5;48m[ADB]&amp#27;[0m Using 'aapt2.exe' from 'C:\Users\ASUS\AppData\Local\Android\Sdk\build-tools\35.0.0-rc3\aapt2.exe'
[debug] &amp#27;[38;5;48m[ADB]&amp#27;[0m Reading package manifest: 'C:\\Users\\ASUS\\AppData\\Local\\Android\\Sdk\\build-tools\\35.0.0-rc3\\aapt2.exe dump badging C:\\Users\\ASUS\\.appium\\node_modules\\appium-uiautomator2-driver\\node_modules\\io.appium.settings\\apks\\settings_apk-debug.apk'
[debug] &amp#27;[38;5;48m[ADB]&amp#27;[0m The version name of the installed 'io.appium.settings' is greater or equal to the application version name ('5.12.22' >= '5.12.22')
[debug] &amp#27;[38;5;48m[ADB]&amp#27;[0m There is no need to install/upgrade 'C:\Users\ASUS\.appium\node_modules\appium-uiautomator2-driver\node_modules\io.appium.settings\apks\settings_apk-debug.apk'
[debug] &amp#27;[38;5;48m[ADB]&amp#27;[0m Running 'C:\Users\ASUS\AppData\Local\Android\Sdk\platform-tools\adb.exe -P 5037 -s 83639429 shell dumpsys activity services io.appium.settings'
[debug] &amp#27;[38;5;32m[AndroidUiautomator2Driver@9c7c (bbc92ba8)]&amp#27;[0m io.appium.settings is already running. There is no need to reset its permissions.
[debug] &amp#27;[38;5;64m[Logcat]&amp#27;[0m Starting logs capture with command: C:\\Users\\ASUS\\AppData\\Local\\Android\\Sdk\\platform-tools\\adb.exe -P 5037 -s 83639429 logcat -v threadtime
[debug] &amp#27;[38;5;48m[ADB]&amp#27;[0m Running 'C:\Users\ASUS\AppData\Local\Android\Sdk\platform-tools\adb.exe -P 5037 -s 83639429 shell appops set io.appium.settings android:mock_location allow'
[debug] &amp#27;[38;5;48m[ADB]&amp#27;[0m Running 'C:\Users\ASUS\AppData\Local\Android\Sdk\platform-tools\adb.exe -P 5037 -s 83639429 shell "[ -e '/data/local/tmp/mock_apps.json' ] && echo __PASS__"'
[debug] &amp#27;[38;5;48m[ADB]&amp#27;[0m Running 'C:\Users\ASUS\AppData\Local\Android\Sdk\platform-tools\adb.exe -P 5037 -s 83639429 shell cat /data/local/tmp/mock_apps.json'
[debug] &amp#27;[38;5;32m[AndroidUiautomator2Driver@9c7c (bbc92ba8)]&amp#27;[0m Forwarding UiAutomator2 Server port 6790 to local port 8200
[debug] &amp#27;[38;5;48m[ADB]&amp#27;[0m Forwarding system: 8200 to device: 6790
[debug] &amp#27;[38;5;48m[ADB]&amp#27;[0m Running 'C:\Users\ASUS\AppData\Local\Android\Sdk\platform-tools\adb.exe -P 5037 -s 83639429 forward tcp:8200 tcp:6790'
[debug] &amp#27;[38;5;48m[ADB]&amp#27;[0m Getting package info for 'io.appium.uiautomator2.server'
[debug] &amp#27;[38;5;48m[ADB]&amp#27;[0m Running 'C:\Users\ASUS\AppData\Local\Android\Sdk\platform-tools\adb.exe -P 5037 -s 83639429 shell dumpsys package io.appium.uiautomator2.server'
[debug] &amp#27;[38;5;48m[ADB]&amp#27;[0m Getting install status for io.appium.uiautomator2.server.test
[debug] &amp#27;[38;5;32m[AndroidUiautomator2Driver@9c7c (bbc92ba8)]&amp#27;[0m No app capability. Assuming it is already on the device
[debug] &amp#27;[38;5;48m[ADB]&amp#27;[0m Getting install status for com.shopee.vn
[debug] &amp#27;[38;5;48m[ADB]&amp#27;[0m Running 'C:\Users\ASUS\AppData\Local\Android\Sdk\platform-tools\adb.exe -P 5037 -s 83639429 shell cmd package list packages'
[debug] &amp#27;[38;5;48m[ADB]&amp#27;[0m Running 'C:\Users\ASUS\AppData\Local\Android\Sdk\platform-tools\adb.exe -P 5037 -s 83639429 shell cmd package list packages'
[debug] &amp#27;[38;5;48m[ADB]&amp#27;[0m 'com.shopee.vn' is installed
[debug] &amp#27;[38;5;48m[ADB]&amp#27;[0m Running 'C:\Users\ASUS\AppData\Local\Android\Sdk\platform-tools\adb.exe -P 5037 -s 83639429 shell am force-stop com.shopee.vn'
[debug] &amp#27;[38;5;48m[ADB]&amp#27;[0m 'io.appium.uiautomator2.server.test' is installed
[debug] &amp#27;[38;5;48m[ADB]&amp#27;[0m Reading package manifest: 'C:\\Users\\ASUS\\AppData\\Local\\Android\\Sdk\\build-tools\\35.0.0-rc3\\aapt2.exe dump badging C:\\Users\\ASUS\\.appium\\node_modules\\appium-uiautomator2-driver\\node_modules\\appium-uiautomator2-server\\apks\\appium-uiautomator2-server-v7.2.3.apk'
[debug] &amp#27;[38;5;48m[ADB]&amp#27;[0m The version name of the installed 'io.appium.uiautomator2.server' is greater or equal to the application version name ('7.2.3' >= '7.2.3')
[debug] &amp#27;[38;5;32m[AndroidUiautomator2Driver@9c7c (bbc92ba8)]&amp#27;[0m Server packages status: [{"installState":"sameVersionInstalled","appPath":"C:\\Users\\ASUS\\.appium\\node_modules\\appium-uiautomator2-driver\\node_modules\\appium-uiautomator2-server\\apks\\appium-uiautomator2-server-v7.2.3.apk","appId":"io.appium.uiautomator2.server"},{"installState":"sameVersionInstalled","appPath":"C:\\Users\\ASUS\\.appium\\node_modules\\appium-uiautomator2-driver\\node_modules\\appium-uiautomator2-server\\apks\\appium-uiautomator2-server-debug-androidTest.apk","appId":"io.appium.uiautomator2.server.test"}]
&amp#27;[38;5;32m[AndroidUiautomator2Driver@9c7c (bbc92ba8)]&amp#27;[0m Server packages are not going to be (re)installed
[debug] &amp#27;[38;5;32m[AndroidUiautomator2Driver@9c7c (bbc92ba8)]&amp#27;[0m Waiting up to 30000ms for services to be available
[debug] &amp#27;[38;5;48m[ADB]&amp#27;[0m Running 'C:\Users\ASUS\AppData\Local\Android\Sdk\platform-tools\adb.exe -P 5037 -s 83639429 shell pm list instrumentation'
[debug] &amp#27;[38;5;48m[ADB]&amp#27;[0m Running 'C:\Users\ASUS\AppData\Local\Android\Sdk\platform-tools\adb.exe -P 5037 -s 83639429 shell pm clear com.shopee.vn'
[debug] &amp#27;[38;5;32m[AndroidUiautomator2Driver@9c7c (bbc92ba8)]&amp#27;[0m Instrumentation target 'io.appium.uiautomator2.server.test/androidx.test.runner.AndroidJUnitRunner' is available
&amp#27;[38;5;48m[ADB]&amp#27;[0m Adding packages ["io.appium.settings","io.appium.uiautomator2.server","io.appium.uiautomator2.server.test"] to Doze whitelist
[debug] &amp#27;[38;5;48m[ADB]&amp#27;[0m Got the following command chunks to execute: [["dumpsys","deviceidle","whitelist","+io.appium.settings",";","dumpsys","deviceidle","whitelist","+io.appium.uiautomator2.server",";","dumpsys","deviceidle","whitelist","+io.appium.uiautomator2.server.test",";"]]
[debug] &amp#27;[38;5;48m[ADB]&amp#27;[0m Running 'C:\Users\ASUS\AppData\Local\Android\Sdk\platform-tools\adb.exe -P 5037 -s 83639429 shell dumpsys deviceidle whitelist +io.appium.settings ; dumpsys deviceidle whitelist +io.appium.uiautomator2.server ; dumpsys deviceidle whitelist +io.appium.uiautomator2.server.test ;'
[debug] &amp#27;[38;5;48m[ADB]&amp#27;[0m Running 'C:\Users\ASUS\AppData\Local\Android\Sdk\platform-tools\adb.exe -P 5037 -s 83639429 shell dumpsys package com.shopee.vn'
[debug] &amp#27;[38;5;48m[ADB]&amp#27;[0m Retrieving requested permissions
[debug] &amp#27;[38;5;48m[ADB]&amp#27;[0m Retrieved 105 permissions from requested group
[debug] &amp#27;[38;5;48m[ADB]&amp#27;[0m Retrieving granted permissions
[debug] &amp#27;[38;5;48m[ADB]&amp#27;[0m Retrieved 23 permissions from install,runtime groups
[debug] &amp#27;[38;5;48m[ADB]&amp#27;[0m Granting permissions ["android.permission.ACCESS_BACKGROUND_LOCATION","android.permission.CAMERA","android.permission.READ_MEDIA_IMAGES","android.permission.READ_MEDIA_AUDIO","android.permission.READ_MEDIA_VIDEO","android.permission.READ_EXTERNAL_STORAGE","android.permission.WRITE_EXTERNAL_STORAGE","android.permission.ACCESS_FINE_LOCATION","android.permission.ACCESS_COARSE_LOCATION","android.permission.RECORD_AUDIO","android.permission.READ_CONTACTS","android.permission.BLUETOOTH_CONNECT","android.permission.POST_NOTIFICATIONS","android.permission.READ_MEDIA_VISUAL_USER_SELECTED","android.permission.SYSTEM_OVERLAY_WINDOW","android.permission.FOREGROUND_SERVICE_MICROPHONE","android.permission.FOREGROUND_SERVICE_PHONE_CALL","android.permission.INSTALL_SHORTCUT","android.permission.FOREGROUND_SERVICE_DATA_SYNC","android.launcher.permission.CHANGE_BADGE","android.launcher.permission.READ_SETTINGS","android.launcher.permission.WRITE_SETTINGS","android.permission.WRITE_CALENDAR","android.permission.READ_CALENDAR","android.permission.READ_CALENDAR","android.permission.ACCESS_FINE_LOCATION","android.permission.BLUETOOTH_CONNECT","android.permission.READ_EXTERNAL_STORAGE","android.permission.ACCESS_COARSE_LOCATION","android.permission.CAMERA","android.permission.WRITE_CALENDAR","android.permission.WRITE_EXTERNAL_STORAGE","android.permission.RECORD_AUDIO","android.permission.READ_CONTACTS","android.permission.ACCESS_BACKGROUND_LOCATION","android.permission.READ_CALENDAR","android.permission.ACCESS_FINE_LOCATION","android.permission.BLUETOOTH_CONNECT","android.permission.READ_EXTERNAL_STORAGE","android.permission.ACCESS_COARSE_LOCATION","android.permission.CAMERA","android.permission.WRITE_CALENDAR","android.permission.WRITE_EXTERNAL_STORAGE","android.permission.RECORD_AUDIO","android.permission.READ_CONTACTS","android.permission.ACCESS_BACKGROUND_LOCATION","android.permission.READ_CALENDAR","android.permission.ACCESS_FINE_LOCATION","android.permission.BLUETOOTH_CONNECT","android.permission.READ_EXTERNAL_STORAGE","android.permission.ACCESS_COARSE_LOCATION","android.permission.CAMERA","android.permission.WRITE_CALENDAR","android.permission.WRITE_EXTERNAL_STORAGE","android.permission.RECORD_AUDIO","android.permission.READ_CONTACTS","android.permission.ACCESS_BACKGROUND_LOCATION"] to 'com.shopee.vn'
[debug] &amp#27;[38;5;48m[ADB]&amp#27;[0m Got the following command chunks to execute: [["pm","grant","com.shopee.vn","android.permission.ACCESS_BACKGROUND_LOCATION",";","pm","grant","com.shopee.vn","android.permission.CAMERA",";","pm","grant","com.shopee.vn","android.permission.READ_MEDIA_IMAGES",";","pm","grant","com.shopee.vn","android.permission.READ_MEDIA_AUDIO",";","pm","grant","com.shopee.vn","android.permission.READ_MEDIA_VIDEO",";","pm","grant","com.shopee.vn","android.permission.READ_EXTERNAL_STORAGE",";","pm","grant","com.shopee.vn","android.permission.WRITE_EXTERNAL_STORAGE",";","pm","grant","com.shopee.vn","android.permission.ACCESS_FINE_LOCATION",";","pm","grant","com.shopee.vn","android.permission.ACCESS_COARSE_LOCATION",";","pm","grant","com.shopee.vn","android.permission.RECORD_AUDIO",";","pm","grant","com.shopee.vn","android.permission.READ_CONTACTS",";","pm","grant","com.shopee.vn","android.permission.BLUETOOTH_CONNECT",";","pm","grant","com.shopee.vn","android.permission.POST_NOTIFICATIONS",";","pm","grant","com.shopee.vn","android.permission.READ_MEDIA_VISUAL_USER_SELECTED",";","pm","grant","com.shopee.vn","android.permission.SYSTEM_OVERLAY_WINDOW",";"],["pm","grant","com.shopee.vn","android.permission.FOREGROUND_SERVICE_MICROPHONE",";","pm","grant","com.shopee.vn","android.permission.FOREGROUND_SERVICE_PHONE_CALL",";","pm","grant","com.shopee.vn","android.permission.INSTALL_SHORTCUT",";","pm","grant","com.shopee.vn","android.permission.FOREGROUND_SERVICE_DATA_SYNC",";","pm","grant","com.shopee.vn","android.launcher.permission.CHANGE_BADGE",";","pm","grant","com.shopee.vn","android.launcher.permission.READ_SETTINGS",";","pm","grant","com.shopee.vn","android.launcher.permission.WRITE_SETTINGS",";","pm","grant","com.shopee.vn","android.permission.WRITE_CALENDAR",";","pm","grant","com.shopee.vn","android.permission.READ_CALENDAR",";","pm","grant","com.shopee.vn","android.permission.READ_CALENDAR",";","pm","grant","com.shopee.vn","android.permission.ACCESS_FINE_LOCATION",";","pm","grant","com.shopee.vn","android.permission.BLUETOOTH_CONNECT",";","pm","grant","com.shopee.vn","android.permission.READ_EXTERNAL_STORAGE",";","pm","grant","com.shopee.vn","android.permission.ACCESS_COARSE_LOCATION",";","pm","grant","com.shopee.vn","android.permission.CAMERA",";"],["pm","grant","com.shopee.vn","android.permission.WRITE_CALENDAR",";","pm","grant","com.shopee.vn","android.permission.WRITE_EXTERNAL_STORAGE",";","pm","grant","com.shopee.vn","android.permission.RECORD_AUDIO",";","pm","grant","com.shopee.vn","android.permission.READ_CONTACTS",";","pm","grant","com.shopee.vn","android.permission.ACCESS_BACKGROUND_LOCATION",";","pm","grant","com.shopee.vn","android.permission.READ_CALENDAR",";","pm","grant","com.shopee.vn","android.permission.ACCESS_FINE_LOCATION",";","pm","grant","com.shopee.vn","android.permission.BLUETOOTH_CONNECT",";","pm","grant","com.shopee.vn","android.permission.READ_EXTERNAL_STORAGE",";","pm","grant","com.shopee.vn","android.permission.ACCESS_COARSE_LOCATION",";","pm","grant","com.shopee.vn","android.permission.CAMERA",";","pm","grant","com.shopee.vn","android.permission.WRITE_CALENDAR",";","pm","grant","com.shopee.vn","android.permission.WRITE_EXTERNAL_STORAGE",";","pm","grant","com.shopee.vn","android.permission.RECORD_AUDIO",";","pm","grant","com.shopee.vn","android.permission.READ_CONTACTS",";","pm","grant","com.shopee.vn","android.permission.ACCESS_BACKGROUND_LOCATION",";"],["pm","grant","com.shopee.vn","android.permission.READ_CALENDAR",";","pm","grant","com.shopee.vn","android.permission.ACCESS_FINE_LOCATION",";","pm","grant","com.shopee.vn","android.permission.BLUETOOTH_CONNECT",";","pm","grant","com.shopee.vn","android.permission.READ_EXTERNAL_STORAGE",";","pm","grant","com.shopee.vn","android.permission.ACCESS_COARSE_LOCATION",";","pm","grant","com.shopee.vn","android.permission.CAMERA",";","pm","grant","com.shopee.vn","android.permission.WRITE_CALENDAR",";","pm","grant","com.shopee.vn","android.permission.WRITE_EXTERNAL_STORAGE",";","pm","grant","com.shopee.vn","android.permission.RECORD_AUDIO",";","pm","grant","com.shopee.vn","android.permission.READ_CONTACTS",";","pm","grant","com.shopee.vn","android.permission.ACCESS_BACKGROUND_LOCATION",";"]]
[debug] &amp#27;[38;5;48m[ADB]&amp#27;[0m Running 'C:\Users\ASUS\AppData\Local\Android\Sdk\platform-tools\adb.exe -P 5037 -s 83639429 shell pm grant com.shopee.vn android.permission.ACCESS_BACKGROUND_LOCATION ; pm grant com.shopee.vn android.permission.CAMERA ; pm grant com.shopee.vn android.permission.READ_MEDIA_IMAGES ; pm grant com.shopee.vn android.permission.READ_MEDIA_AUDIO ; pm grant com.shopee.vn android.permission.READ_MEDIA_VIDEO ; pm grant com.shopee.vn android.permission.READ_EXTERNAL_STORAGE ; pm grant com.shopee.vn android.permission.WRITE_EXTERNAL_STORAGE ; pm grant com.shopee.vn android.permission.ACCESS_FINE_LOCATION ; pm grant com.shopee.vn android.permission.ACCESS_COARSE_LOCATION ; pm grant com.shopee.vn android.permission.RECORD_AUDIO ; pm grant com.shopee.vn android.permission.READ_CONTACTS ; pm grant com.shopee.vn android.permission.BLUETOOTH_CONNECT ; pm grant com.shopee.vn android.permission.POST_NOTIFICATIONS ; pm grant com.shopee.vn android.permission.READ_MEDIA_VISUAL_USER_SELECTED ; pm grant com.shopee.vn android.permission.SYSTEM_OVERLAY_WINDOW ;'
WARN Appium Appium encountered 1 warning while validating drivers found in manifest C:\Users\ASUS\.appium\node_modules\.cache\appium\extensions.yaml
WARN Appium Driver "uiautomator2" has 1 potential problem: 
WARN Appium   - Driver "uiautomator2" (package `appium-uiautomator2-driver`) may be incompatible with the current version of Appium (v2.0.1) due to its peer dependency on older Appium v^2.4.1. Please upgrade `appium-uiautomator2-driver` to v3.10.0 or newer.
[debug] &amp#27;[38;5;48m[ADB]&amp#27;[0m Running 'C:\Users\ASUS\AppData\Local\Android\Sdk\platform-tools\adb.exe -P 5037 -s 83639429 shell pm grant com.shopee.vn android.permission.FOREGROUND_SERVICE_MICROPHONE ; pm grant com.shopee.vn android.permission.FOREGROUND_SERVICE_PHONE_CALL ; pm grant com.shopee.vn android.permission.INSTALL_SHORTCUT ; pm grant com.shopee.vn android.permission.FOREGROUND_SERVICE_DATA_SYNC ; pm grant com.shopee.vn android.launcher.permission.CHANGE_BADGE ; pm grant com.shopee.vn android.launcher.permission.READ_SETTINGS ; pm grant com.shopee.vn android.launcher.permission.WRITE_SETTINGS ; pm grant com.shopee.vn android.permission.WRITE_CALENDAR ; pm grant com.shopee.vn android.permission.READ_CALENDAR ; pm grant com.shopee.vn android.permission.READ_CALENDAR ; pm grant com.shopee.vn android.permission.ACCESS_FINE_LOCATION ; pm grant com.shopee.vn android.permission.BLUETOOTH_CONNECT ; pm grant com.shopee.vn android.permission.READ_EXTERNAL_STORAGE ; pm grant com.shopee.vn android.permission.ACCESS_COARSE_LOCATION ; pm grant com.shopee.vn android.permission.CAMERA ;'
&amp#27;[35m[Appium]&amp#27;[39m Welcome to Appium v2.0.1 (REV 0872803c4f7fdc32137e96f0cd86c5e3cee35677)
&amp#27;[35m[Appium]&amp#27;[39m Non-default server args:
&amp#27;[35m[Appium]&amp#27;[39m { address: &amp#27;[32m'127.0.0.1'&amp#27;[39m }
&amp#27;[35m[Appium]&amp#27;[39m Attempting to load driver uiautomator2...
[debug] &amp#27;[35m[Appium]&amp#27;[39m Requiring driver at C:\Users\ASUS\.appium\node_modules\appium-uiautomator2-driver
[debug] &amp#27;[38;5;48m[ADB]&amp#27;[0m Running 'C:\Users\ASUS\AppData\Local\Android\Sdk\platform-tools\adb.exe -P 5037 -s 83639429 shell pm grant com.shopee.vn android.permission.WRITE_CALENDAR ; pm grant com.shopee.vn android.permission.WRITE_EXTERNAL_STORAGE ; pm grant com.shopee.vn android.permission.RECORD_AUDIO ; pm grant com.shopee.vn android.permission.READ_CONTACTS ; pm grant com.shopee.vn android.permission.ACCESS_BACKGROUND_LOCATION ; pm grant com.shopee.vn android.permission.READ_CALENDAR ; pm grant com.shopee.vn android.permission.ACCESS_FINE_LOCATION ; pm grant com.shopee.vn android.permission.BLUETOOTH_CONNECT ; pm grant com.shopee.vn android.permission.READ_EXTERNAL_STORAGE ; pm grant com.shopee.vn android.permission.ACCESS_COARSE_LOCATION ; pm grant com.shopee.vn android.permission.CAMERA ; pm grant com.shopee.vn android.permission.WRITE_CALENDAR ; pm grant com.shopee.vn android.permission.WRITE_EXTERNAL_STORAGE ; pm grant com.shopee.vn android.permission.RECORD_AUDIO ; pm grant com.shopee.vn android.permission.READ_CONTACTS ; pm grant com.shopee.vn android.permission.ACCESS_BACKGROUND_LOCATION ;'
&amp#27;[38;5;0m[HTTP]&amp#27;[0m Could not start REST http interface listener. The requested port may already be in use. Please make sure there is no other instance of this server running already.
&amp#27;[35m[Appium]&amp#27;[39m Could not configure Appium server. It's possible that a driver or plugin tried to update the server and failed. Original error: listen EADDRINUSE: address already in use 127.0.0.1:4723
[debug] &amp#27;[35m[Appium]&amp#27;[39m Error: listen EADDRINUSE: address already in use 127.0.0.1:4723
[debug] &amp#27;[35m[Appium]&amp#27;[39m     at Server.setupListenHandle [as _listen2] (node:net:1872:16)
[debug] &amp#27;[35m[Appium]&amp#27;[39m     at listenInCluster (node:net:1920:12)
[debug] &amp#27;[35m[Appium]&amp#27;[39m     at doListen (node:net:2075:7)
[debug] &amp#27;[35m[Appium]&amp#27;[39m     at processTicksAndRejections (node:internal/process/task_queues:83:21)
[debug] &amp#27;[38;5;48m[ADB]&amp#27;[0m Running 'C:\Users\ASUS\AppData\Local\Android\Sdk\platform-tools\adb.exe -P 5037 -s 83639429 shell pm grant com.shopee.vn android.permission.READ_CALENDAR ; pm grant com.shopee.vn android.permission.ACCESS_FINE_LOCATION ; pm grant com.shopee.vn android.permission.BLUETOOTH_CONNECT ; pm grant com.shopee.vn android.permission.READ_EXTERNAL_STORAGE ; pm grant com.shopee.vn android.permission.ACCESS_COARSE_LOCATION ; pm grant com.shopee.vn android.permission.CAMERA ; pm grant com.shopee.vn android.permission.WRITE_CALENDAR ; pm grant com.shopee.vn android.permission.WRITE_EXTERNAL_STORAGE ; pm grant com.shopee.vn android.permission.RECORD_AUDIO ; pm grant com.shopee.vn android.permission.READ_CONTACTS ; pm grant com.shopee.vn android.permission.ACCESS_BACKGROUND_LOCATION ;'
[debug] &amp#27;[38;5;32m[AndroidUiautomator2Driver@9c7c (bbc92ba8)]&amp#27;[0m Performed fast reset on the installed 'com.shopee.vn' application (stop and clear)
[debug] &amp#27;[38;5;32m[AndroidUiautomator2Driver@9c7c (bbc92ba8)]&amp#27;[0m Performing shallow cleanup of automation leftovers
[debug] &amp#27;[38;5;32m[AndroidUiautomator2Driver@9c7c (bbc92ba8)]&amp#27;[0m No obsolete sessions have been detected (socket hang up)
[debug] &amp#27;[38;5;48m[ADB]&amp#27;[0m Running 'C:\Users\ASUS\AppData\Local\Android\Sdk\platform-tools\adb.exe -P 5037 -s 83639429 shell am force-stop io.appium.uiautomator2.server'
[debug] &amp#27;[38;5;48m[ADB]&amp#27;[0m Running 'C:\Users\ASUS\AppData\Local\Android\Sdk\platform-tools\adb.exe -P 5037 -s 83639429 shell am force-stop io.appium.uiautomator2.server.test'
&amp#27;[38;5;32m[AndroidUiautomator2Driver@9c7c (bbc92ba8)]&amp#27;[0m Starting UIAutomator2 server 7.2.3
&amp#27;[38;5;32m[AndroidUiautomator2Driver@9c7c (bbc92ba8)]&amp#27;[0m Using UIAutomator2 server from 'C:\Users\ASUS\.appium\node_modules\appium-uiautomator2-driver\node_modules\appium-uiautomator2-server\apks\appium-uiautomator2-server-v7.2.3.apk' and test from 'C:\Users\ASUS\.appium\node_modules\appium-uiautomator2-driver\node_modules\appium-uiautomator2-server\apks\appium-uiautomator2-server-debug-androidTest.apk'
&amp#27;[38;5;32m[AndroidUiautomator2Driver@9c7c (bbc92ba8)]&amp#27;[0m Waiting up to 30000ms for UiAutomator2 to be online...
[debug] &amp#27;[38;5;48m[ADB]&amp#27;[0m Creating ADB subprocess with args: ["-P","5037","-s","83639429","shell","am","instrument","-w","-e","disableAnalytics","true","io.appium.uiautomator2.server.test/androidx.test.runner.AndroidJUnitRunner"]
[debug] &amp#27;[38;5;32m[AndroidUiautomator2Driver@9c7c (bbc92ba8)]&amp#27;[0m Matched '/status' to command name 'getStatus'
[debug] &amp#27;[38;5;32m[AndroidUiautomator2Driver@9c7c (bbc92ba8)]&amp#27;[0m Proxying [GET /status] to [GET http://127.0.0.1:8200/status] with no body
&amp#27;[38;5;32m[AndroidUiautomator2Driver@9c7c (bbc92ba8)]&amp#27;[0m socket hang up
[debug] &amp#27;[38;5;32m[AndroidUiautomator2Driver@9c7c (bbc92ba8)]&amp#27;[0m Matched '/status' to command name 'getStatus'
[debug] &amp#27;[38;5;32m[AndroidUiautomator2Driver@9c7c (bbc92ba8)]&amp#27;[0m Proxying [GET /status] to [GET http://127.0.0.1:8200/status] with no body
&amp#27;[38;5;32m[AndroidUiautomator2Driver@9c7c (bbc92ba8)]&amp#27;[0m socket hang up
[debug] &amp#27;[38;5;32m[AndroidUiautomator2Driver@9c7c (bbc92ba8)]&amp#27;[0m [Instrumentation] 
[debug] &amp#27;[38;5;32m[AndroidUiautomator2Driver@9c7c (bbc92ba8)]&amp#27;[0m Matched '/status' to command name 'getStatus'
[debug] &amp#27;[38;5;32m[AndroidUiautomator2Driver@9c7c (bbc92ba8)]&amp#27;[0m Proxying [GET /status] to [GET http://127.0.0.1:8200/status] with no body
&amp#27;[38;5;32m[AndroidUiautomator2Driver@9c7c (bbc92ba8)]&amp#27;[0m socket hang up
[debug] &amp#27;[38;5;32m[AndroidUiautomator2Driver@9c7c (bbc92ba8)]&amp#27;[0m Matched '/status' to command name 'getStatus'
[debug] &amp#27;[38;5;32m[AndroidUiautomator2Driver@9c7c (bbc92ba8)]&amp#27;[0m Proxying [GET /status] to [GET http://127.0.0.1:8200/status] with no body
[debug] &amp#27;[38;5;32m[AndroidUiautomator2Driver@9c7c (bbc92ba8)]&amp#27;[0m Got response with status 200: {"sessionId":"None","value":{"message":"UiAutomator2 Server is ready to accept commands","ready":true}}
[debug] &amp#27;[38;5;32m[AndroidUiautomator2Driver@9c7c (bbc92ba8)]&amp#27;[0m The initialization of the instrumentation process took 3161ms
[debug] &amp#27;[38;5;32m[AndroidUiautomator2Driver@9c7c (bbc92ba8)]&amp#27;[0m Matched '/session' to command name 'createSession'
[debug] &amp#27;[38;5;32m[AndroidUiautomator2Driver@9c7c (bbc92ba8)]&amp#27;[0m Proxying [POST /session] to [POST http://127.0.0.1:8200/session] with body: {"capabilities":{"firstMatch":[{"platformName":"ANDROID","noReset":false,"autoGrantPermissions":true,"ignoreHiddenApiPolicyError":true,"appActivity":"com.shopee.app.ui.home.HomeActivity_","deviceName":"83639429","automationName":"UiAutomator2","appPackage":"com.shopee.vn","platform":"LINUX","webStorageEnabled":false,"takesScreenshot":true,"javascriptEnabled":true,"databaseEnabled":false,"networkConnectionEnabled":true,"locationContextEnabled":false,"warnings":{},"desired":{"platformName":"ANDROID","noReset":false,"autoGrantPermissions":true,"ignoreHiddenApiPolicyError":true,"appActivity":"com.shopee.app.ui.home.HomeActivity_","deviceName":"OPPO Reno4","automationName":"UiAutomator2","appPackage":"com.shopee.vn"},"deviceUDID":"83639429"}],"alwaysMatch":{}}}
[debug] &amp#27;[38;5;32m[AndroidUiautomator2Driver@9c7c (bbc92ba8)]&amp#27;[0m Got response with status 200: {"sessionId":"94c00423-d384-4605-9e4d-bf6da0426c3a","value":{"capabilities":{"firstMatch":[{"platformName":"ANDROID","noReset":false,"autoGrantPermissions":true,"ignoreHiddenApiPolicyError":true,"appActivity":"com.shopee.app.ui.home.HomeActivity_","deviceName":"83639429","automationName":"UiAutomator2","appPackage":"com.shopee.vn","platform":"LINUX","webStorageEnabled":false,"takesScreenshot":true,"javascriptEnabled":true,"databaseEnabled":false,"networkConnectionEnabled":true,"locationContextEnabled":false,"warnings":{},"desired":{"platformName":"ANDROID","noReset":false,"autoGrantPermissions":true,"ignoreHiddenApiPolicyError":true,"appActivity":"com.shopee.app.ui.home.HomeActivity_","deviceName":"OPPO Reno4","automationName":"UiAutomator2","appPackage":"com.shopee.vn"},"deviceUDID":"83639429"}],"alwaysMatch":{}},"sessionId":"94c00423-d384-4605-9e4d-bf6da0426c3a"}}
&amp#27;[38;5;32m[AndroidUiautomator2Driver@9c7c (bbc92ba8)]&amp#27;[0m Determined the downstream protocol as 'W3C'
[debug] &amp#27;[38;5;32m[AndroidUiautomator2Driver@9c7c (bbc92ba8)]&amp#27;[0m Proxying [GET /appium/device/pixel_ratio] to [GET http://127.0.0.1:8200/session/94c00423-d384-4605-9e4d-bf6da0426c3a/appium/device/pixel_ratio] with no body
[debug] &amp#27;[38;5;32m[AndroidUiautomator2Driver@9c7c (bbc92ba8)]&amp#27;[0m Matched '/appium/device/system_bars' to command name 'getSystemBars'
[debug] &amp#27;[38;5;32m[AndroidUiautomator2Driver@9c7c (bbc92ba8)]&amp#27;[0m Proxying [GET /appium/device/system_bars] to [GET http://127.0.0.1:8200/session/94c00423-d384-4605-9e4d-bf6da0426c3a/appium/device/system_bars] with no body
[debug] &amp#27;[38;5;32m[AndroidUiautomator2Driver@9c7c (bbc92ba8)]&amp#27;[0m Matched '/window/current/size' to command name 'getWindowSize'
[debug] &amp#27;[38;5;32m[AndroidUiautomator2Driver@9c7c (bbc92ba8)]&amp#27;[0m Proxying [GET /window/current/size] to [GET http://127.0.0.1:8200/session/94c00423-d384-4605-9e4d-bf6da0426c3a/window/current/size] with no body
[debug] &amp#27;[38;5;32m[AndroidUiautomator2Driver@9c7c (bbc92ba8)]&amp#27;[0m Proxying [GET /appium/device/info] to [GET http://127.0.0.1:8200/session/94c00423-d384-4605-9e4d-bf6da0426c3a/appium/device/info] with no body
[debug] &amp#27;[38;5;48m[ADB]&amp#27;[0m Running 'C:\Users\ASUS\AppData\Local\Android\Sdk\platform-tools\adb.exe -P 5037 -s 83639429 shell dumpsys window'
[debug] &amp#27;[38;5;48m[ADB]&amp#27;[0m Running 'C:\Users\ASUS\AppData\Local\Android\Sdk\platform-tools\adb.exe -P 5037 -s 83639429 shell dumpsys power'
[debug] &amp#27;[38;5;32m[AndroidUiautomator2Driver@9c7c (bbc92ba8)]&amp#27;[0m Got response with status 200: {"sessionId":"94c00423-d384-4605-9e4d-bf6da0426c3a","value":3}
[debug] &amp#27;[38;5;32m[AndroidUiautomator2Driver@9c7c (bbc92ba8)]&amp#27;[0m Got response with status 200: {"sessionId":"94c00423-d384-4605-9e4d-bf6da0426c3a","value":{"height":2400,"width":1080}}
[debug] &amp#27;[38;5;32m[AndroidUiautomator2Driver@9c7c (bbc92ba8)]&amp#27;[0m Got response with status 200: {"sessionId":"94c00423-d384-4605-9e4d-bf6da0426c3a","value":{"statusBar":111}}
[debug] &amp#27;[38;5;32m[AndroidUiautomator2Driver@9c7c (bbc92ba8)]&amp#27;[0m Got response with status 200: {"sessionId":"94c00423-d384-4605-9e4d-bf6da0426c3a","value":{"androidId":"9a84d9556c736d65","apiVersion":"31","bluetooth":{"state":"OFF"},"brand":"OPPO","carrierName":"Viettel","displayDensity":480,"locale":"vi_VN","manufacturer":"OPPO","model":"CPH2113","networks":[{"capabilities":{"SSID":null,"linkDownBandwidthKbps":25214,"linkUpstreamBandwidthKbps":1235287,"networkCapabilities":"NET_CAPABILITY_IMS,NET_CAPABILITY_NOT_METERED,NET_CAPABILITY_TRUSTED,NET_CAPABILITY_NOT_VPN,NET_CAPABILITY_VALIDATED,NET_CAPABILITY_NOT_ROAMING,NET_CAPABILITY_FOREGROUND,NET_CAPABILITY_NOT_CONGESTED,NET_CAPABILITY_NOT_SUSPENDED","signalStrength":-2147483648,"transportTypes":"TRANSPORT_CELLULAR"},"detailedState":"CONNECTED","extraInfo":"ims","isAvailable":true,"isConnected":true,"isFailover":false,"isRoaming":false,"state":"CONNECTED","subtype":13,"subtypeName":"LTE","type":0,"typeName":"MOBILE"},{"capabilities":{"SSID":null,"linkDownBandwidthKbps":25214,"linkUpstreamBandwidthKbps":1235287,"networkCapabilities":"NET_CAPABILITY_IM...
&amp#27;[38;5;32m[AndroidUiautomator2Driver@9c7c (bbc92ba8)]&amp#27;[0m Screen already unlocked, doing nothing
&amp#27;[38;5;32m[AndroidUiautomator2Driver@9c7c (bbc92ba8)]&amp#27;[0m Starting 'com.shopee.vn/com.shopee.app.ui.home.HomeActivity_' and waiting for 'com.shopee.vn/com.shopee.app.ui.home.HomeActivity_'
[debug] &amp#27;[38;5;48m[ADB]&amp#27;[0m Running 'C:\Users\ASUS\AppData\Local\Android\Sdk\platform-tools\adb.exe -P 5037 -s 83639429 shell am start-activity -W -n com.shopee.vn/com.shopee.app.ui.home.HomeActivity_ -S -a android.intent.action.MAIN -c android.intent.category.LAUNCHER -f 0x10200000'
&amp#27;[38;5;16m[AppiumDriver@dfb1]&amp#27;[0m New AndroidUiautomator2Driver session created successfully, session bbc92ba8-adbe-420a-aba2-e3598bd99daa added to master session list
[debug] &amp#27;[38;5;16m[AppiumDriver@dfb1]&amp#27;[0m Event 'newSessionStarted' logged at 1741656625604 (08:30:25 GMT+0700 (Indochina Time))
[debug] &amp#27;[38;5;32m[AndroidUiautomator2Driver@9c7c (bbc92ba8)]&amp#27;[0m Cached the protocol value 'W3C' for the new session bbc92ba8-adbe-420a-aba2-e3598bd99daa
[debug] &amp#27;[38;5;32m[AndroidUiautomator2Driver@9c7c (bbc92ba8)]&amp#27;[0m Responding to client with driver.createSession() result: {"capabilities":{"platformName":"ANDROID","noReset":false,"autoGrantPermissions":true,"ignoreHiddenApiPolicyError":true,"appActivity":"com.shopee.app.ui.home.HomeActivity_","deviceName":"83639429","automationName":"UiAutomator2","appPackage":"com.shopee.vn","platform":"LINUX","webStorageEnabled":false,"takesScreenshot":true,"javascriptEnabled":true,"databaseEnabled":false,"networkConnectionEnabled":true,"locationContextEnabled":false,"warnings":{},"desired":{"platformName":"ANDROID","noReset":false,"autoGrantPermissions":true,"ignoreHiddenApiPolicyError":true,"appActivity":"com.shopee.app.ui.home.HomeActivity_","deviceName":"OPPO Reno4","automationName":"UiAutomator2","appPackage":"com.shopee.vn"},"deviceUDID":"83639429","pixelRatio":"3","statBarHeight":111,"viewportRect":{"left":0,"top":111,"width":1080,"height":2289},"deviceApiLevel":31,"platformVersion":"12","deviceManufacturer":"OPPO","deviceModel":"CPH2113","deviceScreenSize":"1080x2400","deviceScreenDensity":480}}
&amp#27;[38;5;0m[HTTP]&amp#27;[0m &amp#27;[37m<-- POST /session &amp#27;[39m&amp#27;[32m200&amp#27;[39m &amp#27;[90m13504 ms - 1045&amp#27;[39m
&amp#27;[38;5;0m[HTTP]&amp#27;[0m &amp#27;[90m&amp#27;[39m
&amp#27;[38;5;0m[HTTP]&amp#27;[0m &amp#27;[37m-->&amp#27;[39m &amp#27;[37mPOST&amp#27;[39m &amp#27;[37m/session/bbc92ba8-adbe-420a-aba2-e3598bd99daa/timeouts&amp#27;[39m
&amp#27;[38;5;0m[HTTP]&amp#27;[0m &amp#27;[90m{"implicit":10000}&amp#27;[39m
[debug] &amp#27;[38;5;32m[AndroidUiautomator2Driver@9c7c (bbc92ba8)]&amp#27;[0m Calling AppiumDriver.timeouts() with args: [null,null,null,null,10000,"bbc92ba8-adbe-420a-aba2-e3598bd99daa"]
[debug] &amp#27;[38;5;32m[AndroidUiautomator2Driver@9c7c (bbc92ba8)]&amp#27;[0m W3C timeout argument: {"implicit":10000}}
[debug] &amp#27;[38;5;32m[AndroidUiautomator2Driver@9c7c (bbc92ba8)]&amp#27;[0m Set implicit wait to 10000ms
[debug] &amp#27;[38;5;32m[AndroidUiautomator2Driver@9c7c (bbc92ba8)]&amp#27;[0m Responding to client with driver.timeouts() result: null
&amp#27;[38;5;0m[HTTP]&amp#27;[0m &amp#27;[37m<-- POST /session/bbc92ba8-adbe-420a-aba2-e3598bd99daa/timeouts &amp#27;[39m&amp#27;[32m200&amp#27;[39m &amp#27;[90m1 ms - 14&amp#27;[39m
&amp#27;[38;5;0m[HTTP]&amp#27;[0m &amp#27;[90m&amp#27;[39m
&amp#27;[38;5;0m[HTTP]&amp#27;[0m &amp#27;[37m-->&amp#27;[39m &amp#27;[37mGET&amp#27;[39m &amp#27;[37m/session/bbc92ba8-adbe-420a-aba2-e3598bd99daa/context&amp#27;[39m
&amp#27;[38;5;0m[HTTP]&amp#27;[0m &amp#27;[90m{}&amp#27;[39m
[debug] &amp#27;[38;5;32m[AndroidUiautomator2Driver@9c7c (bbc92ba8)]&amp#27;[0m Calling AppiumDriver.getCurrentContext() with args: ["bbc92ba8-adbe-420a-aba2-e3598bd99daa"]
[debug] &amp#27;[38;5;32m[AndroidUiautomator2Driver@9c7c (bbc92ba8)]&amp#27;[0m Responding to client with driver.getCurrentContext() result: "NATIVE_APP"
&amp#27;[38;5;0m[HTTP]&amp#27;[0m &amp#27;[37m<-- GET /session/bbc92ba8-adbe-420a-aba2-e3598bd99daa/context &amp#27;[39m&amp#27;[32m200&amp#27;[39m &amp#27;[90m1 ms - 22&amp#27;[39m
&amp#27;[38;5;0m[HTTP]&amp#27;[0m &amp#27;[90m&amp#27;[39m
&amp#27;[38;5;0m[HTTP]&amp#27;[0m &amp#27;[37m-->&amp#27;[39m &amp#27;[37mPOST&amp#27;[39m &amp#27;[37m/session/bbc92ba8-adbe-420a-aba2-e3598bd99daa/element&amp#27;[39m
&amp#27;[38;5;0m[HTTP]&amp#27;[0m &amp#27;[90m{"value":"com.shopee.vn:id/btn","using":"id"}&amp#27;[39m
[debug] &amp#27;[38;5;32m[AndroidUiautomator2Driver@9c7c (bbc92ba8)]&amp#27;[0m Calling AppiumDriver.findElement() with args: ["id","com.shopee.vn:id/btn","bbc92ba8-adbe-420a-aba2-e3598bd99daa"]
[debug] &amp#27;[38;5;32m[AndroidUiautomator2Driver@9c7c (bbc92ba8)]&amp#27;[0m Valid locator strategies for this request: xpath, id, class name, accessibility id, css selector, -android uiautomator
[debug] &amp#27;[38;5;32m[AndroidUiautomator2Driver@9c7c (bbc92ba8)]&amp#27;[0m Waiting up to 10000 ms for condition
[debug] &amp#27;[38;5;32m[AndroidUiautomator2Driver@9c7c (bbc92ba8)]&amp#27;[0m Matched '/element' to command name 'findElement'
[debug] &amp#27;[38;5;32m[AndroidUiautomator2Driver@9c7c (bbc92ba8)]&amp#27;[0m Proxying [POST /element] to [POST http://127.0.0.1:8200/session/94c00423-d384-4605-9e4d-bf6da0426c3a/element] with body: {"strategy":"id","selector":"com.shopee.vn:id/btn","context":"","multiple":false}
[debug] &amp#27;[38;5;32m[AndroidUiautomator2Driver@9c7c (bbc92ba8)]&amp#27;[0m Got response with status 200: {"sessionId":"94c00423-d384-4605-9e4d-bf6da0426c3a","value":{"ELEMENT":"00000000-0000-0123-ffff-ffff000000cd","element-6066-11e4-a52e-4f735466cecf":"00000000-0000-0123-ffff-ffff000000cd"}}
[debug] &amp#27;[38;5;32m[AndroidUiautomator2Driver@9c7c (bbc92ba8)]&amp#27;[0m Responding to client with driver.findElement() result: {"element-6066-11e4-a52e-4f735466cecf":"00000000-0000-0123-ffff-ffff000000cd","ELEMENT":"00000000-0000-0123-ffff-ffff000000cd"}
&amp#27;[38;5;0m[HTTP]&amp#27;[0m &amp#27;[37m<-- POST /session/bbc92ba8-adbe-420a-aba2-e3598bd99daa/element &amp#27;[39m&amp#27;[32m200&amp#27;[39m &amp#27;[90m114 ms - 137&amp#27;[39m
&amp#27;[38;5;0m[HTTP]&amp#27;[0m &amp#27;[90m&amp#27;[39m
&amp#27;[38;5;0m[HTTP]&amp#27;[0m &amp#27;[37m-->&amp#27;[39m &amp#27;[37mGET&amp#27;[39m &amp#27;[37m/session/bbc92ba8-adbe-420a-aba2-e3598bd99daa/element/00000000-0000-0123-ffff-ffff000000cd/displayed&amp#27;[39m
&amp#27;[38;5;0m[HTTP]&amp#27;[0m &amp#27;[90m{}&amp#27;[39m
[debug] &amp#27;[38;5;32m[AndroidUiautomator2Driver@9c7c (bbc92ba8)]&amp#27;[0m Calling AppiumDriver.elementDisplayed() with args: ["00000000-0000-0123-ffff-ffff000000cd","bbc92ba8-adbe-420a-aba2-e3598bd99daa"]
[debug] &amp#27;[38;5;32m[AndroidUiautomator2Driver@9c7c (bbc92ba8)]&amp#27;[0m Matched '/element/00000000-0000-0123-ffff-ffff000000cd/attribute/displayed' to command name 'getAttribute'
[debug] &amp#27;[38;5;32m[AndroidUiautomator2Driver@9c7c (bbc92ba8)]&amp#27;[0m Proxying [GET /element/00000000-0000-0123-ffff-ffff000000cd/attribute/displayed] to [GET http://127.0.0.1:8200/session/94c00423-d384-4605-9e4d-bf6da0426c3a/element/00000000-0000-0123-ffff-ffff000000cd/attribute/displayed] with no body
[debug] &amp#27;[38;5;32m[AndroidUiautomator2Driver@9c7c (bbc92ba8)]&amp#27;[0m Got response with status 200: {"sessionId":"94c00423-d384-4605-9e4d-bf6da0426c3a","value":"true"}
[debug] &amp#27;[38;5;32m[AndroidUiautomator2Driver@9c7c (bbc92ba8)]&amp#27;[0m Responding to client with driver.elementDisplayed() result: true
&amp#27;[38;5;0m[HTTP]&amp#27;[0m &amp#27;[37m<-- GET /session/bbc92ba8-adbe-420a-aba2-e3598bd99daa/element/00000000-0000-0123-ffff-ffff000000cd/displayed &amp#27;[39m&amp#27;[32m200&amp#27;[39m &amp#27;[90m42 ms - 14&amp#27;[39m
&amp#27;[38;5;0m[HTTP]&amp#27;[0m &amp#27;[90m&amp#27;[39m
&amp#27;[38;5;0m[HTTP]&amp#27;[0m &amp#27;[37m-->&amp#27;[39m &amp#27;[37mGET&amp#27;[39m &amp#27;[37m/session/bbc92ba8-adbe-420a-aba2-e3598bd99daa/context&amp#27;[39m
&amp#27;[38;5;0m[HTTP]&amp#27;[0m &amp#27;[90m{}&amp#27;[39m
[debug] &amp#27;[38;5;32m[AndroidUiautomator2Driver@9c7c (bbc92ba8)]&amp#27;[0m Calling AppiumDriver.getCurrentContext() with args: ["bbc92ba8-adbe-420a-aba2-e3598bd99daa"]
[debug] &amp#27;[38;5;32m[AndroidUiautomator2Driver@9c7c (bbc92ba8)]&amp#27;[0m Responding to client with driver.getCurrentContext() result: "NATIVE_APP"
&amp#27;[38;5;0m[HTTP]&amp#27;[0m &amp#27;[37m<-- GET /session/bbc92ba8-adbe-420a-aba2-e3598bd99daa/context &amp#27;[39m&amp#27;[32m200&amp#27;[39m &amp#27;[90m1 ms - 22&amp#27;[39m
&amp#27;[38;5;0m[HTTP]&amp#27;[0m &amp#27;[90m&amp#27;[39m
&amp#27;[38;5;0m[HTTP]&amp#27;[0m &amp#27;[37m-->&amp#27;[39m &amp#27;[37mPOST&amp#27;[39m &amp#27;[37m/session/bbc92ba8-adbe-420a-aba2-e3598bd99daa/element&amp#27;[39m
&amp#27;[38;5;0m[HTTP]&amp#27;[0m &amp#27;[90m{"value":"com.shopee.vn:id/btn","using":"id"}&amp#27;[39m
[debug] &amp#27;[38;5;32m[AndroidUiautomator2Driver@9c7c (bbc92ba8)]&amp#27;[0m Calling AppiumDriver.findElement() with args: ["id","com.shopee.vn:id/btn","bbc92ba8-adbe-420a-aba2-e3598bd99daa"]
[debug] &amp#27;[38;5;32m[AndroidUiautomator2Driver@9c7c (bbc92ba8)]&amp#27;[0m Valid locator strategies for this request: xpath, id, class name, accessibility id, css selector, -android uiautomator
[debug] &amp#27;[38;5;32m[AndroidUiautomator2Driver@9c7c (bbc92ba8)]&amp#27;[0m Waiting up to 10000 ms for condition
[debug] &amp#27;[38;5;32m[AndroidUiautomator2Driver@9c7c (bbc92ba8)]&amp#27;[0m Matched '/element' to command name 'findElement'
[debug] &amp#27;[38;5;32m[AndroidUiautomator2Driver@9c7c (bbc92ba8)]&amp#27;[0m Proxying [POST /element] to [POST http://127.0.0.1:8200/session/94c00423-d384-4605-9e4d-bf6da0426c3a/element] with body: {"strategy":"id","selector":"com.shopee.vn:id/btn","context":"","multiple":false}
[debug] &amp#27;[38;5;32m[AndroidUiautomator2Driver@9c7c (bbc92ba8)]&amp#27;[0m Got response with status 200: {"sessionId":"94c00423-d384-4605-9e4d-bf6da0426c3a","value":{"ELEMENT":"00000000-0000-0123-ffff-ffff000000cd","element-6066-11e4-a52e-4f735466cecf":"00000000-0000-0123-ffff-ffff000000cd"}}
[debug] &amp#27;[38;5;32m[AndroidUiautomator2Driver@9c7c (bbc92ba8)]&amp#27;[0m Responding to client with driver.findElement() result: {"element-6066-11e4-a52e-4f735466cecf":"00000000-0000-0123-ffff-ffff000000cd","ELEMENT":"00000000-0000-0123-ffff-ffff000000cd"}
&amp#27;[38;5;0m[HTTP]&amp#27;[0m &amp#27;[37m<-- POST /session/bbc92ba8-adbe-420a-aba2-e3598bd99daa/element &amp#27;[39m&amp#27;[32m200&amp#27;[39m &amp#27;[90m81 ms - 137&amp#27;[39m
&amp#27;[38;5;0m[HTTP]&amp#27;[0m &amp#27;[90m&amp#27;[39m
&amp#27;[38;5;0m[HTTP]&amp#27;[0m &amp#27;[37m-->&amp#27;[39m &amp#27;[37mGET&amp#27;[39m &amp#27;[37m/session/bbc92ba8-adbe-420a-aba2-e3598bd99daa/element/00000000-0000-0123-ffff-ffff000000cd/enabled&amp#27;[39m
&amp#27;[38;5;0m[HTTP]&amp#27;[0m &amp#27;[90m{}&amp#27;[39m
[debug] &amp#27;[38;5;32m[AndroidUiautomator2Driver@9c7c (bbc92ba8)]&amp#27;[0m Calling AppiumDriver.elementEnabled() with args: ["00000000-0000-0123-ffff-ffff000000cd","bbc92ba8-adbe-420a-aba2-e3598bd99daa"]
[debug] &amp#27;[38;5;32m[AndroidUiautomator2Driver@9c7c (bbc92ba8)]&amp#27;[0m Matched '/element/00000000-0000-0123-ffff-ffff000000cd/attribute/enabled' to command name 'getAttribute'
[debug] &amp#27;[38;5;32m[AndroidUiautomator2Driver@9c7c (bbc92ba8)]&amp#27;[0m Proxying [GET /element/00000000-0000-0123-ffff-ffff000000cd/attribute/enabled] to [GET http://127.0.0.1:8200/session/94c00423-d384-4605-9e4d-bf6da0426c3a/element/00000000-0000-0123-ffff-ffff000000cd/attribute/enabled] with no body
[debug] &amp#27;[38;5;32m[AndroidUiautomator2Driver@9c7c (bbc92ba8)]&amp#27;[0m Got response with status 200: {"sessionId":"94c00423-d384-4605-9e4d-bf6da0426c3a","value":"true"}
[debug] &amp#27;[38;5;32m[AndroidUiautomator2Driver@9c7c (bbc92ba8)]&amp#27;[0m Responding to client with driver.elementEnabled() result: true
&amp#27;[38;5;0m[HTTP]&amp#27;[0m &amp#27;[37m<-- GET /session/bbc92ba8-adbe-420a-aba2-e3598bd99daa/element/00000000-0000-0123-ffff-ffff000000cd/enabled &amp#27;[39m&amp#27;[32m200&amp#27;[39m &amp#27;[90m32 ms - 14&amp#27;[39m
&amp#27;[38;5;0m[HTTP]&amp#27;[0m &amp#27;[90m&amp#27;[39m
&amp#27;[38;5;0m[HTTP]&amp#27;[0m &amp#27;[37m-->&amp#27;[39m &amp#27;[37mGET&amp#27;[39m &amp#27;[37m/session/bbc92ba8-adbe-420a-aba2-e3598bd99daa/context&amp#27;[39m
&amp#27;[38;5;0m[HTTP]&amp#27;[0m &amp#27;[90m{}&amp#27;[39m
[debug] &amp#27;[38;5;32m[AndroidUiautomator2Driver@9c7c (bbc92ba8)]&amp#27;[0m Calling AppiumDriver.getCurrentContext() with args: ["bbc92ba8-adbe-420a-aba2-e3598bd99daa"]
[debug] &amp#27;[38;5;32m[AndroidUiautomator2Driver@9c7c (bbc92ba8)]&amp#27;[0m Responding to client with driver.getCurrentContext() result: "NATIVE_APP"
&amp#27;[38;5;0m[HTTP]&amp#27;[0m &amp#27;[37m<-- GET /session/bbc92ba8-adbe-420a-aba2-e3598bd99daa/context &amp#27;[39m&amp#27;[32m200&amp#27;[39m &amp#27;[90m1 ms - 22&amp#27;[39m
&amp#27;[38;5;0m[HTTP]&amp#27;[0m &amp#27;[90m&amp#27;[39m
&amp#27;[38;5;0m[HTTP]&amp#27;[0m &amp#27;[37m-->&amp#27;[39m &amp#27;[37mPOST&amp#27;[39m &amp#27;[37m/session/bbc92ba8-adbe-420a-aba2-e3598bd99daa/element&amp#27;[39m
&amp#27;[38;5;0m[HTTP]&amp#27;[0m &amp#27;[90m{"value":"com.shopee.vn:id/btn","using":"id"}&amp#27;[39m
[debug] &amp#27;[38;5;32m[AndroidUiautomator2Driver@9c7c (bbc92ba8)]&amp#27;[0m Calling AppiumDriver.findElement() with args: ["id","com.shopee.vn:id/btn","bbc92ba8-adbe-420a-aba2-e3598bd99daa"]
[debug] &amp#27;[38;5;32m[AndroidUiautomator2Driver@9c7c (bbc92ba8)]&amp#27;[0m Valid locator strategies for this request: xpath, id, class name, accessibility id, css selector, -android uiautomator
[debug] &amp#27;[38;5;32m[AndroidUiautomator2Driver@9c7c (bbc92ba8)]&amp#27;[0m Waiting up to 10000 ms for condition
[debug] &amp#27;[38;5;32m[AndroidUiautomator2Driver@9c7c (bbc92ba8)]&amp#27;[0m Matched '/element' to command name 'findElement'
[debug] &amp#27;[38;5;32m[AndroidUiautomator2Driver@9c7c (bbc92ba8)]&amp#27;[0m Proxying [POST /element] to [POST http://127.0.0.1:8200/session/94c00423-d384-4605-9e4d-bf6da0426c3a/element] with body: {"strategy":"id","selector":"com.shopee.vn:id/btn","context":"","multiple":false}
[debug] &amp#27;[38;5;32m[AndroidUiautomator2Driver@9c7c (bbc92ba8)]&amp#27;[0m Got response with status 200: {"sessionId":"94c00423-d384-4605-9e4d-bf6da0426c3a","value":{"ELEMENT":"00000000-0000-0123-ffff-ffff000000cd","element-6066-11e4-a52e-4f735466cecf":"00000000-0000-0123-ffff-ffff000000cd"}}
[debug] &amp#27;[38;5;32m[AndroidUiautomator2Driver@9c7c (bbc92ba8)]&amp#27;[0m Responding to client with driver.findElement() result: {"element-6066-11e4-a52e-4f735466cecf":"00000000-0000-0123-ffff-ffff000000cd","ELEMENT":"00000000-0000-0123-ffff-ffff000000cd"}
&amp#27;[38;5;0m[HTTP]&amp#27;[0m &amp#27;[37m<-- POST /session/bbc92ba8-adbe-420a-aba2-e3598bd99daa/element &amp#27;[39m&amp#27;[32m200&amp#27;[39m &amp#27;[90m74 ms - 137&amp#27;[39m
&amp#27;[38;5;0m[HTTP]&amp#27;[0m &amp#27;[90m&amp#27;[39m
&amp#27;[38;5;0m[HTTP]&amp#27;[0m &amp#27;[37m-->&amp#27;[39m &amp#27;[37mPOST&amp#27;[39m &amp#27;[37m/session/bbc92ba8-adbe-420a-aba2-e3598bd99daa/element/00000000-0000-0123-ffff-ffff000000cd/click&amp#27;[39m
&amp#27;[38;5;0m[HTTP]&amp#27;[0m &amp#27;[90m{"id":"00000000-0000-0123-ffff-ffff000000cd"}&amp#27;[39m
[debug] &amp#27;[38;5;32m[AndroidUiautomator2Driver@9c7c (bbc92ba8)]&amp#27;[0m Calling AppiumDriver.click() with args: ["00000000-0000-0123-ffff-ffff000000cd","bbc92ba8-adbe-420a-aba2-e3598bd99daa"]
[debug] &amp#27;[38;5;32m[AndroidUiautomator2Driver@9c7c (bbc92ba8)]&amp#27;[0m Matched '/element/00000000-0000-0123-ffff-ffff000000cd/click' to command name 'click'
[debug] &amp#27;[38;5;32m[AndroidUiautomator2Driver@9c7c (bbc92ba8)]&amp#27;[0m Proxying [POST /element/00000000-0000-0123-ffff-ffff000000cd/click] to [POST http://127.0.0.1:8200/session/94c00423-d384-4605-9e4d-bf6da0426c3a/element/00000000-0000-0123-ffff-ffff000000cd/click] with body: {"element":"00000000-0000-0123-ffff-ffff000000cd"}
[debug] &amp#27;[38;5;32m[AndroidUiautomator2Driver@9c7c (bbc92ba8)]&amp#27;[0m Got response with status 200: {"sessionId":"94c00423-d384-4605-9e4d-bf6da0426c3a","value":null}
[debug] &amp#27;[38;5;32m[AndroidUiautomator2Driver@9c7c (bbc92ba8)]&amp#27;[0m Responding to client with driver.click() result: null
&amp#27;[38;5;0m[HTTP]&amp#27;[0m &amp#27;[37m<-- POST /session/bbc92ba8-adbe-420a-aba2-e3598bd99daa/element/00000000-0000-0123-ffff-ffff000000cd/click &amp#27;[39m&amp#27;[32m200&amp#27;[39m &amp#27;[90m102 ms - 14&amp#27;[39m
&amp#27;[38;5;0m[HTTP]&amp#27;[0m &amp#27;[90m&amp#27;[39m
&amp#27;[38;5;0m[HTTP]&amp#27;[0m &amp#27;[37m-->&amp#27;[39m &amp#27;[37mGET&amp#27;[39m &amp#27;[37m/session/bbc92ba8-adbe-420a-aba2-e3598bd99daa/context&amp#27;[39m
&amp#27;[38;5;0m[HTTP]&amp#27;[0m &amp#27;[90m{}&amp#27;[39m
[debug] &amp#27;[38;5;32m[AndroidUiautomator2Driver@9c7c (bbc92ba8)]&amp#27;[0m Calling AppiumDriver.getCurrentContext() with args: ["bbc92ba8-adbe-420a-aba2-e3598bd99daa"]
[debug] &amp#27;[38;5;32m[AndroidUiautomator2Driver@9c7c (bbc92ba8)]&amp#27;[0m Responding to client with driver.getCurrentContext() result: "NATIVE_APP"
&amp#27;[38;5;0m[HTTP]&amp#27;[0m &amp#27;[37m<-- GET /session/bbc92ba8-adbe-420a-aba2-e3598bd99daa/context &amp#27;[39m&amp#27;[32m200&amp#27;[39m &amp#27;[90m1 ms - 22&amp#27;[39m
&amp#27;[38;5;0m[HTTP]&amp#27;[0m &amp#27;[90m&amp#27;[39m
&amp#27;[38;5;0m[HTTP]&amp#27;[0m &amp#27;[37m-->&amp#27;[39m &amp#27;[37mPOST&amp#27;[39m &amp#27;[37m/session/bbc92ba8-adbe-420a-aba2-e3598bd99daa/element&amp#27;[39m
&amp#27;[38;5;0m[HTTP]&amp#27;[0m &amp#27;[90m{"value":"new UiSelector().text(\"TĂ´i\")","using":"-android uiautomator"}&amp#27;[39m
[debug] &amp#27;[38;5;32m[AndroidUiautomator2Driver@9c7c (bbc92ba8)]&amp#27;[0m Calling AppiumDriver.findElement() with args: ["-android uiautomator","new UiSelector().text(\"TĂ´i\")","bbc92ba8-adbe-420a-aba2-e3598bd99daa"]
[debug] &amp#27;[38;5;32m[AndroidUiautomator2Driver@9c7c (bbc92ba8)]&amp#27;[0m Valid locator strategies for this request: xpath, id, class name, accessibility id, css selector, -android uiautomator
[debug] &amp#27;[38;5;32m[AndroidUiautomator2Driver@9c7c (bbc92ba8)]&amp#27;[0m Waiting up to 10000 ms for condition
[debug] &amp#27;[38;5;32m[AndroidUiautomator2Driver@9c7c (bbc92ba8)]&amp#27;[0m Matched '/element' to command name 'findElement'
[debug] &amp#27;[38;5;32m[AndroidUiautomator2Driver@9c7c (bbc92ba8)]&amp#27;[0m Proxying [POST /element] to [POST http://127.0.0.1:8200/session/94c00423-d384-4605-9e4d-bf6da0426c3a/element] with body: {"strategy":"-android uiautomator","selector":"new UiSelector().text(\"TĂ´i\")","context":"","multiple":false}
[debug] &amp#27;[38;5;32m[AndroidUiautomator2Driver@9c7c (bbc92ba8)]&amp#27;[0m Got response with status 200: {"sessionId":"94c00423-d384-4605-9e4d-bf6da0426c3a","value":{"ELEMENT":"00000000-0000-0122-ffff-ffff0000004f","element-6066-11e4-a52e-4f735466cecf":"00000000-0000-0122-ffff-ffff0000004f"}}
[debug] &amp#27;[38;5;32m[AndroidUiautomator2Driver@9c7c (bbc92ba8)]&amp#27;[0m Responding to client with driver.findElement() result: {"element-6066-11e4-a52e-4f735466cecf":"00000000-0000-0122-ffff-ffff0000004f","ELEMENT":"00000000-0000-0122-ffff-ffff0000004f"}
&amp#27;[38;5;0m[HTTP]&amp#27;[0m &amp#27;[37m<-- POST /session/bbc92ba8-adbe-420a-aba2-e3598bd99daa/element &amp#27;[39m&amp#27;[32m200&amp#27;[39m &amp#27;[90m1433 ms - 137&amp#27;[39m
&amp#27;[38;5;0m[HTTP]&amp#27;[0m &amp#27;[90m&amp#27;[39m
&amp#27;[38;5;0m[HTTP]&amp#27;[0m &amp#27;[37m-->&amp#27;[39m &amp#27;[37mPOST&amp#27;[39m &amp#27;[37m/session/bbc92ba8-adbe-420a-aba2-e3598bd99daa/element/00000000-0000-0122-ffff-ffff0000004f/click&amp#27;[39m
&amp#27;[38;5;0m[HTTP]&amp#27;[0m &amp#27;[90m{"id":"00000000-0000-0122-ffff-ffff0000004f"}&amp#27;[39m
[debug] &amp#27;[38;5;32m[AndroidUiautomator2Driver@9c7c (bbc92ba8)]&amp#27;[0m Calling AppiumDriver.click() with args: ["00000000-0000-0122-ffff-ffff0000004f","bbc92ba8-adbe-420a-aba2-e3598bd99daa"]
[debug] &amp#27;[38;5;32m[AndroidUiautomator2Driver@9c7c (bbc92ba8)]&amp#27;[0m Matched '/element/00000000-0000-0122-ffff-ffff0000004f/click' to command name 'click'
[debug] &amp#27;[38;5;32m[AndroidUiautomator2Driver@9c7c (bbc92ba8)]&amp#27;[0m Proxying [POST /element/00000000-0000-0122-ffff-ffff0000004f/click] to [POST http://127.0.0.1:8200/session/94c00423-d384-4605-9e4d-bf6da0426c3a/element/00000000-0000-0122-ffff-ffff0000004f/click] with body: {"element":"00000000-0000-0122-ffff-ffff0000004f"}
[debug] &amp#27;[38;5;32m[AndroidUiautomator2Driver@9c7c (bbc92ba8)]&amp#27;[0m Got response with status 200: {"sessionId":"94c00423-d384-4605-9e4d-bf6da0426c3a","value":null}
[debug] &amp#27;[38;5;32m[AndroidUiautomator2Driver@9c7c (bbc92ba8)]&amp#27;[0m Responding to client with driver.click() result: null
&amp#27;[38;5;0m[HTTP]&amp#27;[0m &amp#27;[37m<-- POST /session/bbc92ba8-adbe-420a-aba2-e3598bd99daa/element/00000000-0000-0122-ffff-ffff0000004f/click &amp#27;[39m&amp#27;[32m200&amp#27;[39m &amp#27;[90m2117 ms - 14&amp#27;[39m
&amp#27;[38;5;0m[HTTP]&amp#27;[0m &amp#27;[90m&amp#27;[39m
&amp#27;[38;5;0m[HTTP]&amp#27;[0m &amp#27;[37m-->&amp#27;[39m &amp#27;[37mGET&amp#27;[39m &amp#27;[37m/session/bbc92ba8-adbe-420a-aba2-e3598bd99daa/context&amp#27;[39m
&amp#27;[38;5;0m[HTTP]&amp#27;[0m &amp#27;[90m{}&amp#27;[39m
[debug] &amp#27;[38;5;32m[AndroidUiautomator2Driver@9c7c (bbc92ba8)]&amp#27;[0m Calling AppiumDriver.getCurrentContext() with args: ["bbc92ba8-adbe-420a-aba2-e3598bd99daa"]
[debug] &amp#27;[38;5;32m[AndroidUiautomator2Driver@9c7c (bbc92ba8)]&amp#27;[0m Responding to client with driver.getCurrentContext() result: "NATIVE_APP"
&amp#27;[38;5;0m[HTTP]&amp#27;[0m &amp#27;[37m<-- GET /session/bbc92ba8-adbe-420a-aba2-e3598bd99daa/context &amp#27;[39m&amp#27;[32m200&amp#27;[39m &amp#27;[90m1 ms - 22&amp#27;[39m
&amp#27;[38;5;0m[HTTP]&amp#27;[0m &amp#27;[90m&amp#27;[39m
&amp#27;[38;5;0m[HTTP]&amp#27;[0m &amp#27;[37m-->&amp#27;[39m &amp#27;[37mPOST&amp#27;[39m &amp#27;[37m/session/bbc92ba8-adbe-420a-aba2-e3598bd99daa/element&amp#27;[39m
&amp#27;[38;5;0m[HTTP]&amp#27;[0m &amp#27;[90m{"value":"new UiSelector().text(\"Ä�Äƒng nháº­p\")","using":"-android uiautomator"}&amp#27;[39m
[debug] &amp#27;[38;5;32m[AndroidUiautomator2Driver@9c7c (bbc92ba8)]&amp#27;[0m Calling AppiumDriver.findElement() with args: ["-android uiautomator","new UiSelector().text(\"Ä�Äƒng nháº­p\")","bbc92ba8-adbe-420a-aba2-e3598bd99daa"]
[debug] &amp#27;[38;5;32m[AndroidUiautomator2Driver@9c7c (bbc92ba8)]&amp#27;[0m Valid locator strategies for this request: xpath, id, class name, accessibility id, css selector, -android uiautomator
[debug] &amp#27;[38;5;32m[AndroidUiautomator2Driver@9c7c (bbc92ba8)]&amp#27;[0m Waiting up to 10000 ms for condition
[debug] &amp#27;[38;5;32m[AndroidUiautomator2Driver@9c7c (bbc92ba8)]&amp#27;[0m Matched '/element' to command name 'findElement'
[debug] &amp#27;[38;5;32m[AndroidUiautomator2Driver@9c7c (bbc92ba8)]&amp#27;[0m Proxying [POST /element] to [POST http://127.0.0.1:8200/session/94c00423-d384-4605-9e4d-bf6da0426c3a/element] with body: {"strategy":"-android uiautomator","selector":"new UiSelector().text(\"Ä�Äƒng nháº­p\")","context":"","multiple":false}
&amp#27;[38;5;32m[AndroidUiautomator2Driver@9c7c (bbc92ba8)]&amp#27;[0m Got response with status 404: {"sessionId":"94c00423-d384-4605-9e4d-bf6da0426c3a","value":{"error":"no such element","message":"An element could not be located on the page using the given search parameters","stacktrace":"io.appium.uiautomator2.common.exceptions.ElementNotFoundException: An element could not be located on the page using the given search parameters\n\tat io.appium.uiautomator2.handler.FindElement.safeHandle(FindElement.java:63)\n\tat io.appium.uiautomator2.handler.request.SafeRequestHandler.handle(SafeRequestHandler.java:59)\n\tat io.appium.uiautomator2.server.AppiumServlet.handleRequest(AppiumServlet.java:259)\n\tat io.appium.uiautomator2.server.AppiumServlet.handleHttpRequest(AppiumServlet.java:253)\n\tat io.appium.uiautomator2.http.ServerHandler.channelRead(ServerHandler.java:77)\n\tat io.netty.channel.AbstractChannelHandlerContext.invokeChannelRead(AbstractChannelHandlerContext.java:366)\n\tat io.netty.channel.AbstractChannelHandlerContext.invokeChannelRead(AbstractChannelHandlerContext.java:352)\n\tat io.netty.chann...
[debug] &amp#27;[38;5;80m[W3C]&amp#27;[0m Matched W3C error code 'no such element' to NoSuchElementError
[debug] &amp#27;[38;5;32m[AndroidUiautomator2Driver@9c7c (bbc92ba8)]&amp#27;[0m Waited for 351 ms so far
[debug] &amp#27;[38;5;32m[AndroidUiautomator2Driver@9c7c (bbc92ba8)]&amp#27;[0m Matched '/element' to command name 'findElement'
[debug] &amp#27;[38;5;32m[AndroidUiautomator2Driver@9c7c (bbc92ba8)]&amp#27;[0m Proxying [POST /element] to [POST http://127.0.0.1:8200/session/94c00423-d384-4605-9e4d-bf6da0426c3a/element] with body: {"strategy":"-android uiautomator","selector":"new UiSelector().text(\"Ä�Äƒng nháº­p\")","context":"","multiple":false}
&amp#27;[38;5;32m[AndroidUiautomator2Driver@9c7c (bbc92ba8)]&amp#27;[0m Got response with status 404: {"sessionId":"94c00423-d384-4605-9e4d-bf6da0426c3a","value":{"error":"no such element","message":"An element could not be located on the page using the given search parameters","stacktrace":"io.appium.uiautomator2.common.exceptions.ElementNotFoundException: An element could not be located on the page using the given search parameters\n\tat io.appium.uiautomator2.handler.FindElement.safeHandle(FindElement.java:63)\n\tat io.appium.uiautomator2.handler.request.SafeRequestHandler.handle(SafeRequestHandler.java:59)\n\tat io.appium.uiautomator2.server.AppiumServlet.handleRequest(AppiumServlet.java:259)\n\tat io.appium.uiautomator2.server.AppiumServlet.handleHttpRequest(AppiumServlet.java:253)\n\tat io.appium.uiautomator2.http.ServerHandler.channelRead(ServerHandler.java:77)\n\tat io.netty.channel.AbstractChannelHandlerContext.invokeChannelRead(AbstractChannelHandlerContext.java:366)\n\tat io.netty.channel.AbstractChannelHandlerContext.invokeChannelRead(AbstractChannelHandlerContext.java:352)\n\tat io.netty.chann...
[debug] &amp#27;[38;5;80m[W3C]&amp#27;[0m Matched W3C error code 'no such element' to NoSuchElementError
[debug] &amp#27;[38;5;32m[AndroidUiautomator2Driver@9c7c (bbc92ba8)]&amp#27;[0m Waited for 1115 ms so far
[debug] &amp#27;[38;5;32m[AndroidUiautomator2Driver@9c7c (bbc92ba8)]&amp#27;[0m Matched '/element' to command name 'findElement'
[debug] &amp#27;[38;5;32m[AndroidUiautomator2Driver@9c7c (bbc92ba8)]&amp#27;[0m Proxying [POST /element] to [POST http://127.0.0.1:8200/session/94c00423-d384-4605-9e4d-bf6da0426c3a/element] with body: {"strategy":"-android uiautomator","selector":"new UiSelector().text(\"Ä�Äƒng nháº­p\")","context":"","multiple":false}
&amp#27;[38;5;32m[AndroidUiautomator2Driver@9c7c (bbc92ba8)]&amp#27;[0m Got response with status 404: {"sessionId":"94c00423-d384-4605-9e4d-bf6da0426c3a","value":{"error":"no such element","message":"An element could not be located on the page using the given search parameters","stacktrace":"io.appium.uiautomator2.common.exceptions.ElementNotFoundException: An element could not be located on the page using the given search parameters\n\tat io.appium.uiautomator2.handler.FindElement.safeHandle(FindElement.java:63)\n\tat io.appium.uiautomator2.handler.request.SafeRequestHandler.handle(SafeRequestHandler.java:59)\n\tat io.appium.uiautomator2.server.AppiumServlet.handleRequest(AppiumServlet.java:259)\n\tat io.appium.uiautomator2.server.AppiumServlet.handleHttpRequest(AppiumServlet.java:253)\n\tat io.appium.uiautomator2.http.ServerHandler.channelRead(ServerHandler.java:77)\n\tat io.netty.channel.AbstractChannelHandlerContext.invokeChannelRead(AbstractChannelHandlerContext.java:366)\n\tat io.netty.channel.AbstractChannelHandlerContext.invokeChannelRead(AbstractChannelHandlerContext.java:352)\n\tat io.netty.chann...
[debug] &amp#27;[38;5;80m[W3C]&amp#27;[0m Matched W3C error code 'no such element' to NoSuchElementError
[debug] &amp#27;[38;5;32m[AndroidUiautomator2Driver@9c7c (bbc92ba8)]&amp#27;[0m Waited for 2141 ms so far
[debug] &amp#27;[38;5;32m[AndroidUiautomator2Driver@9c7c (bbc92ba8)]&amp#27;[0m Matched '/element' to command name 'findElement'
[debug] &amp#27;[38;5;32m[AndroidUiautomator2Driver@9c7c (bbc92ba8)]&amp#27;[0m Proxying [POST /element] to [POST http://127.0.0.1:8200/session/94c00423-d384-4605-9e4d-bf6da0426c3a/element] with body: {"strategy":"-android uiautomator","selector":"new UiSelector().text(\"Ä�Äƒng nháº­p\")","context":"","multiple":false}
&amp#27;[38;5;32m[AndroidUiautomator2Driver@9c7c (bbc92ba8)]&amp#27;[0m Got response with status 404: {"sessionId":"94c00423-d384-4605-9e4d-bf6da0426c3a","value":{"error":"no such element","message":"An element could not be located on the page using the given search parameters","stacktrace":"io.appium.uiautomator2.common.exceptions.ElementNotFoundException: An element could not be located on the page using the given search parameters\n\tat io.appium.uiautomator2.handler.FindElement.safeHandle(FindElement.java:63)\n\tat io.appium.uiautomator2.handler.request.SafeRequestHandler.handle(SafeRequestHandler.java:59)\n\tat io.appium.uiautomator2.server.AppiumServlet.handleRequest(AppiumServlet.java:259)\n\tat io.appium.uiautomator2.server.AppiumServlet.handleHttpRequest(AppiumServlet.java:253)\n\tat io.appium.uiautomator2.http.ServerHandler.channelRead(ServerHandler.java:77)\n\tat io.netty.channel.AbstractChannelHandlerContext.invokeChannelRead(AbstractChannelHandlerContext.java:366)\n\tat io.netty.channel.AbstractChannelHandlerContext.invokeChannelRead(AbstractChannelHandlerContext.java:352)\n\tat io.netty.chann...
[debug] &amp#27;[38;5;80m[W3C]&amp#27;[0m Matched W3C error code 'no such element' to NoSuchElementError
[debug] &amp#27;[38;5;32m[AndroidUiautomator2Driver@9c7c (bbc92ba8)]&amp#27;[0m Waited for 2981 ms so far
[debug] &amp#27;[38;5;32m[AndroidUiautomator2Driver@9c7c (bbc92ba8)]&amp#27;[0m Matched '/element' to command name 'findElement'
[debug] &amp#27;[38;5;32m[AndroidUiautomator2Driver@9c7c (bbc92ba8)]&amp#27;[0m Proxying [POST /element] to [POST http://127.0.0.1:8200/session/94c00423-d384-4605-9e4d-bf6da0426c3a/element] with body: {"strategy":"-android uiautomator","selector":"new UiSelector().text(\"Ä�Äƒng nháº­p\")","context":"","multiple":false}
[debug] &amp#27;[38;5;32m[AndroidUiautomator2Driver@9c7c (bbc92ba8)]&amp#27;[0m Got response with status 200: {"sessionId":"94c00423-d384-4605-9e4d-bf6da0426c3a","value":{"ELEMENT":"00000000-0000-0122-ffff-ffff00000216","element-6066-11e4-a52e-4f735466cecf":"00000000-0000-0122-ffff-ffff00000216"}}
[debug] &amp#27;[38;5;32m[AndroidUiautomator2Driver@9c7c (bbc92ba8)]&amp#27;[0m Responding to client with driver.findElement() result: {"element-6066-11e4-a52e-4f735466cecf":"00000000-0000-0122-ffff-ffff00000216","ELEMENT":"00000000-0000-0122-ffff-ffff00000216"}
&amp#27;[38;5;0m[HTTP]&amp#27;[0m &amp#27;[37m<-- POST /session/bbc92ba8-adbe-420a-aba2-e3598bd99daa/element &amp#27;[39m&amp#27;[32m200&amp#27;[39m &amp#27;[90m5662 ms - 137&amp#27;[39m
&amp#27;[38;5;0m[HTTP]&amp#27;[0m &amp#27;[90m&amp#27;[39m
&amp#27;[38;5;0m[HTTP]&amp#27;[0m &amp#27;[37m-->&amp#27;[39m &amp#27;[37mGET&amp#27;[39m &amp#27;[37m/session/bbc92ba8-adbe-420a-aba2-e3598bd99daa/element/00000000-0000-0122-ffff-ffff00000216/displayed&amp#27;[39m
&amp#27;[38;5;0m[HTTP]&amp#27;[0m &amp#27;[90m{}&amp#27;[39m
[debug] &amp#27;[38;5;32m[AndroidUiautomator2Driver@9c7c (bbc92ba8)]&amp#27;[0m Calling AppiumDriver.elementDisplayed() with args: ["00000000-0000-0122-ffff-ffff00000216","bbc92ba8-adbe-420a-aba2-e3598bd99daa"]
[debug] &amp#27;[38;5;32m[AndroidUiautomator2Driver@9c7c (bbc92ba8)]&amp#27;[0m Matched '/element/00000000-0000-0122-ffff-ffff00000216/attribute/displayed' to command name 'getAttribute'
[debug] &amp#27;[38;5;32m[AndroidUiautomator2Driver@9c7c (bbc92ba8)]&amp#27;[0m Proxying [GET /element/00000000-0000-0122-ffff-ffff00000216/attribute/displayed] to [GET http://127.0.0.1:8200/session/94c00423-d384-4605-9e4d-bf6da0426c3a/element/00000000-0000-0122-ffff-ffff00000216/attribute/displayed] with no body
[debug] &amp#27;[38;5;32m[AndroidUiautomator2Driver@9c7c (bbc92ba8)]&amp#27;[0m Got response with status 200: {"sessionId":"94c00423-d384-4605-9e4d-bf6da0426c3a","value":"true"}
[debug] &amp#27;[38;5;32m[AndroidUiautomator2Driver@9c7c (bbc92ba8)]&amp#27;[0m Responding to client with driver.elementDisplayed() result: true
&amp#27;[38;5;0m[HTTP]&amp#27;[0m &amp#27;[37m<-- GET /session/bbc92ba8-adbe-420a-aba2-e3598bd99daa/element/00000000-0000-0122-ffff-ffff00000216/displayed &amp#27;[39m&amp#27;[32m200&amp#27;[39m &amp#27;[90m61 ms - 14&amp#27;[39m
&amp#27;[38;5;0m[HTTP]&amp#27;[0m &amp#27;[90m&amp#27;[39m
&amp#27;[38;5;0m[HTTP]&amp#27;[0m &amp#27;[37m-->&amp#27;[39m &amp#27;[37mGET&amp#27;[39m &amp#27;[37m/session/bbc92ba8-adbe-420a-aba2-e3598bd99daa/context&amp#27;[39m
&amp#27;[38;5;0m[HTTP]&amp#27;[0m &amp#27;[90m{}&amp#27;[39m
[debug] &amp#27;[38;5;32m[AndroidUiautomator2Driver@9c7c (bbc92ba8)]&amp#27;[0m Calling AppiumDriver.getCurrentContext() with args: ["bbc92ba8-adbe-420a-aba2-e3598bd99daa"]
[debug] &amp#27;[38;5;32m[AndroidUiautomator2Driver@9c7c (bbc92ba8)]&amp#27;[0m Responding to client with driver.getCurrentContext() result: "NATIVE_APP"
&amp#27;[38;5;0m[HTTP]&amp#27;[0m &amp#27;[37m<-- GET /session/bbc92ba8-adbe-420a-aba2-e3598bd99daa/context &amp#27;[39m&amp#27;[32m200&amp#27;[39m &amp#27;[90m1 ms - 22&amp#27;[39m
&amp#27;[38;5;0m[HTTP]&amp#27;[0m &amp#27;[90m&amp#27;[39m
&amp#27;[38;5;0m[HTTP]&amp#27;[0m &amp#27;[37m-->&amp#27;[39m &amp#27;[37mPOST&amp#27;[39m &amp#27;[37m/session/bbc92ba8-adbe-420a-aba2-e3598bd99daa/element&amp#27;[39m
&amp#27;[38;5;0m[HTTP]&amp#27;[0m &amp#27;[90m{"value":"new UiSelector().text(\"Ä�Äƒng nháº­p\")","using":"-android uiautomator"}&amp#27;[39m
[debug] &amp#27;[38;5;32m[AndroidUiautomator2Driver@9c7c (bbc92ba8)]&amp#27;[0m Calling AppiumDriver.findElement() with args: ["-android uiautomator","new UiSelector().text(\"Ä�Äƒng nháº­p\")","bbc92ba8-adbe-420a-aba2-e3598bd99daa"]
[debug] &amp#27;[38;5;32m[AndroidUiautomator2Driver@9c7c (bbc92ba8)]&amp#27;[0m Valid locator strategies for this request: xpath, id, class name, accessibility id, css selector, -android uiautomator
[debug] &amp#27;[38;5;32m[AndroidUiautomator2Driver@9c7c (bbc92ba8)]&amp#27;[0m Waiting up to 10000 ms for condition
[debug] &amp#27;[38;5;32m[AndroidUiautomator2Driver@9c7c (bbc92ba8)]&amp#27;[0m Matched '/element' to command name 'findElement'
[debug] &amp#27;[38;5;32m[AndroidUiautomator2Driver@9c7c (bbc92ba8)]&amp#27;[0m Proxying [POST /element] to [POST http://127.0.0.1:8200/session/94c00423-d384-4605-9e4d-bf6da0426c3a/element] with body: {"strategy":"-android uiautomator","selector":"new UiSelector().text(\"Ä�Äƒng nháº­p\")","context":"","multiple":false}
[debug] &amp#27;[38;5;32m[AndroidUiautomator2Driver@9c7c (bbc92ba8)]&amp#27;[0m Got response with status 200: {"sessionId":"94c00423-d384-4605-9e4d-bf6da0426c3a","value":{"ELEMENT":"00000000-0000-0122-ffff-ffff00000216","element-6066-11e4-a52e-4f735466cecf":"00000000-0000-0122-ffff-ffff00000216"}}
[debug] &amp#27;[38;5;32m[AndroidUiautomator2Driver@9c7c (bbc92ba8)]&amp#27;[0m Responding to client with driver.findElement() result: {"element-6066-11e4-a52e-4f735466cecf":"00000000-0000-0122-ffff-ffff00000216","ELEMENT":"00000000-0000-0122-ffff-ffff00000216"}
&amp#27;[38;5;0m[HTTP]&amp#27;[0m &amp#27;[37m<-- POST /session/bbc92ba8-adbe-420a-aba2-e3598bd99daa/element &amp#27;[39m&amp#27;[32m200&amp#27;[39m &amp#27;[90m93 ms - 137&amp#27;[39m
&amp#27;[38;5;0m[HTTP]&amp#27;[0m &amp#27;[90m&amp#27;[39m
&amp#27;[38;5;0m[HTTP]&amp#27;[0m &amp#27;[37m-->&amp#27;[39m &amp#27;[37mGET&amp#27;[39m &amp#27;[37m/session/bbc92ba8-adbe-420a-aba2-e3598bd99daa/element/00000000-0000-0122-ffff-ffff00000216/enabled&amp#27;[39m
&amp#27;[38;5;0m[HTTP]&amp#27;[0m &amp#27;[90m{}&amp#27;[39m
[debug] &amp#27;[38;5;32m[AndroidUiautomator2Driver@9c7c (bbc92ba8)]&amp#27;[0m Calling AppiumDriver.elementEnabled() with args: ["00000000-0000-0122-ffff-ffff00000216","bbc92ba8-adbe-420a-aba2-e3598bd99daa"]
[debug] &amp#27;[38;5;32m[AndroidUiautomator2Driver@9c7c (bbc92ba8)]&amp#27;[0m Matched '/element/00000000-0000-0122-ffff-ffff00000216/attribute/enabled' to command name 'getAttribute'
[debug] &amp#27;[38;5;32m[AndroidUiautomator2Driver@9c7c (bbc92ba8)]&amp#27;[0m Proxying [GET /element/00000000-0000-0122-ffff-ffff00000216/attribute/enabled] to [GET http://127.0.0.1:8200/session/94c00423-d384-4605-9e4d-bf6da0426c3a/element/00000000-0000-0122-ffff-ffff00000216/attribute/enabled] with no body
[debug] &amp#27;[38;5;32m[AndroidUiautomator2Driver@9c7c (bbc92ba8)]&amp#27;[0m Got response with status 200: {"sessionId":"94c00423-d384-4605-9e4d-bf6da0426c3a","value":"true"}
[debug] &amp#27;[38;5;32m[AndroidUiautomator2Driver@9c7c (bbc92ba8)]&amp#27;[0m Responding to client with driver.elementEnabled() result: true
&amp#27;[38;5;0m[HTTP]&amp#27;[0m &amp#27;[37m<-- GET /session/bbc92ba8-adbe-420a-aba2-e3598bd99daa/element/00000000-0000-0122-ffff-ffff00000216/enabled &amp#27;[39m&amp#27;[32m200&amp#27;[39m &amp#27;[90m55 ms - 14&amp#27;[39m
&amp#27;[38;5;0m[HTTP]&amp#27;[0m &amp#27;[90m&amp#27;[39m
&amp#27;[38;5;0m[HTTP]&amp#27;[0m &amp#27;[37m-->&amp#27;[39m &amp#27;[37mGET&amp#27;[39m &amp#27;[37m/session/bbc92ba8-adbe-420a-aba2-e3598bd99daa/context&amp#27;[39m
&amp#27;[38;5;0m[HTTP]&amp#27;[0m &amp#27;[90m{}&amp#27;[39m
[debug] &amp#27;[38;5;32m[AndroidUiautomator2Driver@9c7c (bbc92ba8)]&amp#27;[0m Calling AppiumDriver.getCurrentContext() with args: ["bbc92ba8-adbe-420a-aba2-e3598bd99daa"]
[debug] &amp#27;[38;5;32m[AndroidUiautomator2Driver@9c7c (bbc92ba8)]&amp#27;[0m Responding to client with driver.getCurrentContext() result: "NATIVE_APP"
&amp#27;[38;5;0m[HTTP]&amp#27;[0m &amp#27;[37m<-- GET /session/bbc92ba8-adbe-420a-aba2-e3598bd99daa/context &amp#27;[39m&amp#27;[32m200&amp#27;[39m &amp#27;[90m1 ms - 22&amp#27;[39m
&amp#27;[38;5;0m[HTTP]&amp#27;[0m &amp#27;[90m&amp#27;[39m
&amp#27;[38;5;0m[HTTP]&amp#27;[0m &amp#27;[37m-->&amp#27;[39m &amp#27;[37mPOST&amp#27;[39m &amp#27;[37m/session/bbc92ba8-adbe-420a-aba2-e3598bd99daa/element&amp#27;[39m
&amp#27;[38;5;0m[HTTP]&amp#27;[0m &amp#27;[90m{"value":"new UiSelector().text(\"Ä�Äƒng nháº­p\")","using":"-android uiautomator"}&amp#27;[39m
[debug] &amp#27;[38;5;32m[AndroidUiautomator2Driver@9c7c (bbc92ba8)]&amp#27;[0m Calling AppiumDriver.findElement() with args: ["-android uiautomator","new UiSelector().text(\"Ä�Äƒng nháº­p\")","bbc92ba8-adbe-420a-aba2-e3598bd99daa"]
[debug] &amp#27;[38;5;32m[AndroidUiautomator2Driver@9c7c (bbc92ba8)]&amp#27;[0m Valid locator strategies for this request: xpath, id, class name, accessibility id, css selector, -android uiautomator
[debug] &amp#27;[38;5;32m[AndroidUiautomator2Driver@9c7c (bbc92ba8)]&amp#27;[0m Waiting up to 10000 ms for condition
[debug] &amp#27;[38;5;32m[AndroidUiautomator2Driver@9c7c (bbc92ba8)]&amp#27;[0m Matched '/element' to command name 'findElement'
[debug] &amp#27;[38;5;32m[AndroidUiautomator2Driver@9c7c (bbc92ba8)]&amp#27;[0m Proxying [POST /element] to [POST http://127.0.0.1:8200/session/94c00423-d384-4605-9e4d-bf6da0426c3a/element] with body: {"strategy":"-android uiautomator","selector":"new UiSelector().text(\"Ä�Äƒng nháº­p\")","context":"","multiple":false}
[debug] &amp#27;[38;5;32m[AndroidUiautomator2Driver@9c7c (bbc92ba8)]&amp#27;[0m Got response with status 200: {"sessionId":"94c00423-d384-4605-9e4d-bf6da0426c3a","value":{"ELEMENT":"00000000-0000-0122-ffff-ffff00000216","element-6066-11e4-a52e-4f735466cecf":"00000000-0000-0122-ffff-ffff00000216"}}
[debug] &amp#27;[38;5;32m[AndroidUiautomator2Driver@9c7c (bbc92ba8)]&amp#27;[0m Responding to client with driver.findElement() result: {"element-6066-11e4-a52e-4f735466cecf":"00000000-0000-0122-ffff-ffff00000216","ELEMENT":"00000000-0000-0122-ffff-ffff00000216"}
&amp#27;[38;5;0m[HTTP]&amp#27;[0m &amp#27;[37m<-- POST /session/bbc92ba8-adbe-420a-aba2-e3598bd99daa/element &amp#27;[39m&amp#27;[32m200&amp#27;[39m &amp#27;[90m110 ms - 137&amp#27;[39m
&amp#27;[38;5;0m[HTTP]&amp#27;[0m &amp#27;[90m&amp#27;[39m
&amp#27;[38;5;0m[HTTP]&amp#27;[0m &amp#27;[37m-->&amp#27;[39m &amp#27;[37mPOST&amp#27;[39m &amp#27;[37m/session/bbc92ba8-adbe-420a-aba2-e3598bd99daa/element/00000000-0000-0122-ffff-ffff00000216/click&amp#27;[39m
&amp#27;[38;5;0m[HTTP]&amp#27;[0m &amp#27;[90m{"id":"00000000-0000-0122-ffff-ffff00000216"}&amp#27;[39m
[debug] &amp#27;[38;5;32m[AndroidUiautomator2Driver@9c7c (bbc92ba8)]&amp#27;[0m Calling AppiumDriver.click() with args: ["00000000-0000-0122-ffff-ffff00000216","bbc92ba8-adbe-420a-aba2-e3598bd99daa"]
[debug] &amp#27;[38;5;32m[AndroidUiautomator2Driver@9c7c (bbc92ba8)]&amp#27;[0m Matched '/element/00000000-0000-0122-ffff-ffff00000216/click' to command name 'click'
[debug] &amp#27;[38;5;32m[AndroidUiautomator2Driver@9c7c (bbc92ba8)]&amp#27;[0m Proxying [POST /element/00000000-0000-0122-ffff-ffff00000216/click] to [POST http://127.0.0.1:8200/session/94c00423-d384-4605-9e4d-bf6da0426c3a/element/00000000-0000-0122-ffff-ffff00000216/click] with body: {"element":"00000000-0000-0122-ffff-ffff00000216"}
[debug] &amp#27;[38;5;32m[AndroidUiautomator2Driver@9c7c (bbc92ba8)]&amp#27;[0m Got response with status 200: {"sessionId":"94c00423-d384-4605-9e4d-bf6da0426c3a","value":null}
[debug] &amp#27;[38;5;32m[AndroidUiautomator2Driver@9c7c (bbc92ba8)]&amp#27;[0m Responding to client with driver.click() result: null
&amp#27;[38;5;0m[HTTP]&amp#27;[0m &amp#27;[37m<-- POST /session/bbc92ba8-adbe-420a-aba2-e3598bd99daa/element/00000000-0000-0122-ffff-ffff00000216/click &amp#27;[39m&amp#27;[32m200&amp#27;[39m &amp#27;[90m1177 ms - 14&amp#27;[39m
&amp#27;[38;5;0m[HTTP]&amp#27;[0m &amp#27;[90m&amp#27;[39m
&amp#27;[38;5;0m[HTTP]&amp#27;[0m &amp#27;[37m-->&amp#27;[39m &amp#27;[37mGET&amp#27;[39m &amp#27;[37m/session/bbc92ba8-adbe-420a-aba2-e3598bd99daa/context&amp#27;[39m
&amp#27;[38;5;0m[HTTP]&amp#27;[0m &amp#27;[90m{}&amp#27;[39m
[debug] &amp#27;[38;5;32m[AndroidUiautomator2Driver@9c7c (bbc92ba8)]&amp#27;[0m Calling AppiumDriver.getCurrentContext() with args: ["bbc92ba8-adbe-420a-aba2-e3598bd99daa"]
[debug] &amp#27;[38;5;32m[AndroidUiautomator2Driver@9c7c (bbc92ba8)]&amp#27;[0m Responding to client with driver.getCurrentContext() result: "NATIVE_APP"
&amp#27;[38;5;0m[HTTP]&amp#27;[0m &amp#27;[37m<-- GET /session/bbc92ba8-adbe-420a-aba2-e3598bd99daa/context &amp#27;[39m&amp#27;[32m200&amp#27;[39m &amp#27;[90m1 ms - 22&amp#27;[39m
&amp#27;[38;5;0m[HTTP]&amp#27;[0m &amp#27;[90m&amp#27;[39m
&amp#27;[38;5;0m[HTTP]&amp#27;[0m &amp#27;[37m-->&amp#27;[39m &amp#27;[37mPOST&amp#27;[39m &amp#27;[37m/session/bbc92ba8-adbe-420a-aba2-e3598bd99daa/element&amp#27;[39m
&amp#27;[38;5;0m[HTTP]&amp#27;[0m &amp#27;[90m{"value":"(//android.widget.EditText[@resource-id=\"com.shopee.vn:id/cret_edit_text\"])[1]","using":"xpath"}&amp#27;[39m
[debug] &amp#27;[38;5;32m[AndroidUiautomator2Driver@9c7c (bbc92ba8)]&amp#27;[0m Calling AppiumDriver.findElement() with args: ["xpath","(//android.widget.EditText[@resource-id=\"com.shopee.vn:id/cret_edit_text\"])[1]","bbc92ba8-adbe-420a-aba2-e3598bd99daa"]
[debug] &amp#27;[38;5;32m[AndroidUiautomator2Driver@9c7c (bbc92ba8)]&amp#27;[0m Valid locator strategies for this request: xpath, id, class name, accessibility id, css selector, -android uiautomator
[debug] &amp#27;[38;5;32m[AndroidUiautomator2Driver@9c7c (bbc92ba8)]&amp#27;[0m Waiting up to 10000 ms for condition
[debug] &amp#27;[38;5;32m[AndroidUiautomator2Driver@9c7c (bbc92ba8)]&amp#27;[0m Matched '/element' to command name 'findElement'
[debug] &amp#27;[38;5;32m[AndroidUiautomator2Driver@9c7c (bbc92ba8)]&amp#27;[0m Proxying [POST /element] to [POST http://127.0.0.1:8200/session/94c00423-d384-4605-9e4d-bf6da0426c3a/element] with body: {"strategy":"xpath","selector":"(//android.widget.EditText[@resource-id=\"com.shopee.vn:id/cret_edit_text\"])[1]","context":"","multiple":false}
[debug] &amp#27;[38;5;32m[AndroidUiautomator2Driver@9c7c (bbc92ba8)]&amp#27;[0m Got response with status 200: {"sessionId":"94c00423-d384-4605-9e4d-bf6da0426c3a","value":{"ELEMENT":"00000000-0000-0124-ffff-ffff00000304","element-6066-11e4-a52e-4f735466cecf":"00000000-0000-0124-ffff-ffff00000304"}}
[debug] &amp#27;[38;5;32m[AndroidUiautomator2Driver@9c7c (bbc92ba8)]&amp#27;[0m Responding to client with driver.findElement() result: {"element-6066-11e4-a52e-4f735466cecf":"00000000-0000-0124-ffff-ffff00000304","ELEMENT":"00000000-0000-0124-ffff-ffff00000304"}
&amp#27;[38;5;0m[HTTP]&amp#27;[0m &amp#27;[37m<-- POST /session/bbc92ba8-adbe-420a-aba2-e3598bd99daa/element &amp#27;[39m&amp#27;[32m200&amp#27;[39m &amp#27;[90m621 ms - 137&amp#27;[39m
&amp#27;[38;5;0m[HTTP]&amp#27;[0m &amp#27;[90m&amp#27;[39m
&amp#27;[38;5;0m[HTTP]&amp#27;[0m &amp#27;[37m-->&amp#27;[39m &amp#27;[37mGET&amp#27;[39m &amp#27;[37m/session/bbc92ba8-adbe-420a-aba2-e3598bd99daa/element/00000000-0000-0124-ffff-ffff00000304/displayed&amp#27;[39m
&amp#27;[38;5;0m[HTTP]&amp#27;[0m &amp#27;[90m{}&amp#27;[39m
[debug] &amp#27;[38;5;32m[AndroidUiautomator2Driver@9c7c (bbc92ba8)]&amp#27;[0m Calling AppiumDriver.elementDisplayed() with args: ["00000000-0000-0124-ffff-ffff00000304","bbc92ba8-adbe-420a-aba2-e3598bd99daa"]
[debug] &amp#27;[38;5;32m[AndroidUiautomator2Driver@9c7c (bbc92ba8)]&amp#27;[0m Matched '/element/00000000-0000-0124-ffff-ffff00000304/attribute/displayed' to command name 'getAttribute'
[debug] &amp#27;[38;5;32m[AndroidUiautomator2Driver@9c7c (bbc92ba8)]&amp#27;[0m Proxying [GET /element/00000000-0000-0124-ffff-ffff00000304/attribute/displayed] to [GET http://127.0.0.1:8200/session/94c00423-d384-4605-9e4d-bf6da0426c3a/element/00000000-0000-0124-ffff-ffff00000304/attribute/displayed] with no body
[debug] &amp#27;[38;5;32m[AndroidUiautomator2Driver@9c7c (bbc92ba8)]&amp#27;[0m Got response with status 200: {"sessionId":"94c00423-d384-4605-9e4d-bf6da0426c3a","value":"true"}
[debug] &amp#27;[38;5;32m[AndroidUiautomator2Driver@9c7c (bbc92ba8)]&amp#27;[0m Responding to client with driver.elementDisplayed() result: true
&amp#27;[38;5;0m[HTTP]&amp#27;[0m &amp#27;[37m<-- GET /session/bbc92ba8-adbe-420a-aba2-e3598bd99daa/element/00000000-0000-0124-ffff-ffff00000304/displayed &amp#27;[39m&amp#27;[32m200&amp#27;[39m &amp#27;[90m36 ms - 14&amp#27;[39m
&amp#27;[38;5;0m[HTTP]&amp#27;[0m &amp#27;[90m&amp#27;[39m
&amp#27;[38;5;0m[HTTP]&amp#27;[0m &amp#27;[37m-->&amp#27;[39m &amp#27;[37mGET&amp#27;[39m &amp#27;[37m/session/bbc92ba8-adbe-420a-aba2-e3598bd99daa/context&amp#27;[39m
&amp#27;[38;5;0m[HTTP]&amp#27;[0m &amp#27;[90m{}&amp#27;[39m
[debug] &amp#27;[38;5;32m[AndroidUiautomator2Driver@9c7c (bbc92ba8)]&amp#27;[0m Calling AppiumDriver.getCurrentContext() with args: ["bbc92ba8-adbe-420a-aba2-e3598bd99daa"]
[debug] &amp#27;[38;5;32m[AndroidUiautomator2Driver@9c7c (bbc92ba8)]&amp#27;[0m Responding to client with driver.getCurrentContext() result: "NATIVE_APP"
&amp#27;[38;5;0m[HTTP]&amp#27;[0m &amp#27;[37m<-- GET /session/bbc92ba8-adbe-420a-aba2-e3598bd99daa/context &amp#27;[39m&amp#27;[32m200&amp#27;[39m &amp#27;[90m1 ms - 22&amp#27;[39m
&amp#27;[38;5;0m[HTTP]&amp#27;[0m &amp#27;[90m&amp#27;[39m
&amp#27;[38;5;0m[HTTP]&amp#27;[0m &amp#27;[37m-->&amp#27;[39m &amp#27;[37mPOST&amp#27;[39m &amp#27;[37m/session/bbc92ba8-adbe-420a-aba2-e3598bd99daa/element&amp#27;[39m
&amp#27;[38;5;0m[HTTP]&amp#27;[0m &amp#27;[90m{"value":"(//android.widget.EditText[@resource-id=\"com.shopee.vn:id/cret_edit_text\"])[1]","using":"xpath"}&amp#27;[39m
[debug] &amp#27;[38;5;32m[AndroidUiautomator2Driver@9c7c (bbc92ba8)]&amp#27;[0m Calling AppiumDriver.findElement() with args: ["xpath","(//android.widget.EditText[@resource-id=\"com.shopee.vn:id/cret_edit_text\"])[1]","bbc92ba8-adbe-420a-aba2-e3598bd99daa"]
[debug] &amp#27;[38;5;32m[AndroidUiautomator2Driver@9c7c (bbc92ba8)]&amp#27;[0m Valid locator strategies for this request: xpath, id, class name, accessibility id, css selector, -android uiautomator
[debug] &amp#27;[38;5;32m[AndroidUiautomator2Driver@9c7c (bbc92ba8)]&amp#27;[0m Waiting up to 10000 ms for condition
[debug] &amp#27;[38;5;32m[AndroidUiautomator2Driver@9c7c (bbc92ba8)]&amp#27;[0m Matched '/element' to command name 'findElement'
[debug] &amp#27;[38;5;32m[AndroidUiautomator2Driver@9c7c (bbc92ba8)]&amp#27;[0m Proxying [POST /element] to [POST http://127.0.0.1:8200/session/94c00423-d384-4605-9e4d-bf6da0426c3a/element] with body: {"strategy":"xpath","selector":"(//android.widget.EditText[@resource-id=\"com.shopee.vn:id/cret_edit_text\"])[1]","context":"","multiple":false}
[debug] &amp#27;[38;5;32m[AndroidUiautomator2Driver@9c7c (bbc92ba8)]&amp#27;[0m Got response with status 200: {"sessionId":"94c00423-d384-4605-9e4d-bf6da0426c3a","value":{"ELEMENT":"00000000-0000-0124-ffff-ffff00000304","element-6066-11e4-a52e-4f735466cecf":"00000000-0000-0124-ffff-ffff00000304"}}
[debug] &amp#27;[38;5;32m[AndroidUiautomator2Driver@9c7c (bbc92ba8)]&amp#27;[0m Responding to client with driver.findElement() result: {"element-6066-11e4-a52e-4f735466cecf":"00000000-0000-0124-ffff-ffff00000304","ELEMENT":"00000000-0000-0124-ffff-ffff00000304"}
&amp#27;[38;5;0m[HTTP]&amp#27;[0m &amp#27;[37m<-- POST /session/bbc92ba8-adbe-420a-aba2-e3598bd99daa/element &amp#27;[39m&amp#27;[32m200&amp#27;[39m &amp#27;[90m151 ms - 137&amp#27;[39m
&amp#27;[38;5;0m[HTTP]&amp#27;[0m &amp#27;[90m&amp#27;[39m
&amp#27;[38;5;0m[HTTP]&amp#27;[0m &amp#27;[37m-->&amp#27;[39m &amp#27;[37mPOST&amp#27;[39m &amp#27;[37m/session/bbc92ba8-adbe-420a-aba2-e3598bd99daa/element/00000000-0000-0124-ffff-ffff00000304/value&amp#27;[39m
&amp#27;[38;5;0m[HTTP]&amp#27;[0m &amp#27;[90m{"id":"00000000-0000-0124-ffff-ffff00000304","value":["9","8","3","4","9","5","9","3","5"],"text":"983495935"}&amp#27;[39m
[debug] &amp#27;[38;5;32m[AndroidUiautomator2Driver@9c7c (bbc92ba8)]&amp#27;[0m Calling AppiumDriver.setValue() with args: [["9","8","3","4","9","5","9","3","5"],"00000000-0000-0124-ffff-ffff00000304","bbc92ba8-adbe-420a-aba2-e3598bd99daa"]
[debug] &amp#27;[38;5;32m[AndroidUiautomator2Driver@9c7c (bbc92ba8)]&amp#27;[0m Matched '/element/00000000-0000-0124-ffff-ffff00000304/value' to command name 'setValue'
[debug] &amp#27;[38;5;32m[AndroidUiautomator2Driver@9c7c (bbc92ba8)]&amp#27;[0m Added 'value' property ["9","8","3","4","9","5","9","3","5"] to 'setValue' request body
[debug] &amp#27;[38;5;32m[AndroidUiautomator2Driver@9c7c (bbc92ba8)]&amp#27;[0m Proxying [POST /element/00000000-0000-0124-ffff-ffff00000304/value] to [POST http://127.0.0.1:8200/session/94c00423-d384-4605-9e4d-bf6da0426c3a/element/00000000-0000-0124-ffff-ffff00000304/value] with body: {"elementId":"00000000-0000-0124-ffff-ffff00000304","text":"983495935","replace":false,"value":["9","8","3","4","9","5","9","3","5"]}
[debug] &amp#27;[38;5;32m[AndroidUiautomator2Driver@9c7c (bbc92ba8)]&amp#27;[0m Got response with status 200: {"sessionId":"94c00423-d384-4605-9e4d-bf6da0426c3a","value":null}
[debug] &amp#27;[38;5;32m[AndroidUiautomator2Driver@9c7c (bbc92ba8)]&amp#27;[0m Responding to client with driver.setValue() result: null
&amp#27;[38;5;0m[HTTP]&amp#27;[0m &amp#27;[37m<-- POST /session/bbc92ba8-adbe-420a-aba2-e3598bd99daa/element/00000000-0000-0124-ffff-ffff00000304/value &amp#27;[39m&amp#27;[32m200&amp#27;[39m &amp#27;[90m683 ms - 14&amp#27;[39m
&amp#27;[38;5;0m[HTTP]&amp#27;[0m &amp#27;[90m&amp#27;[39m
&amp#27;[38;5;0m[HTTP]&amp#27;[0m &amp#27;[37m-->&amp#27;[39m &amp#27;[37mGET&amp#27;[39m &amp#27;[37m/session/bbc92ba8-adbe-420a-aba2-e3598bd99daa/context&amp#27;[39m
&amp#27;[38;5;0m[HTTP]&amp#27;[0m &amp#27;[90m{}&amp#27;[39m
[debug] &amp#27;[38;5;32m[AndroidUiautomator2Driver@9c7c (bbc92ba8)]&amp#27;[0m Calling AppiumDriver.getCurrentContext() with args: ["bbc92ba8-adbe-420a-aba2-e3598bd99daa"]
[debug] &amp#27;[38;5;32m[AndroidUiautomator2Driver@9c7c (bbc92ba8)]&amp#27;[0m Responding to client with driver.getCurrentContext() result: "NATIVE_APP"
&amp#27;[38;5;0m[HTTP]&amp#27;[0m &amp#27;[37m<-- GET /session/bbc92ba8-adbe-420a-aba2-e3598bd99daa/context &amp#27;[39m&amp#27;[32m200&amp#27;[39m &amp#27;[90m1 ms - 22&amp#27;[39m
&amp#27;[38;5;0m[HTTP]&amp#27;[0m &amp#27;[90m&amp#27;[39m
&amp#27;[38;5;0m[HTTP]&amp#27;[0m &amp#27;[37m-->&amp#27;[39m &amp#27;[37mPOST&amp#27;[39m &amp#27;[37m/session/bbc92ba8-adbe-420a-aba2-e3598bd99daa/element&amp#27;[39m
&amp#27;[38;5;0m[HTTP]&amp#27;[0m &amp#27;[90m{"value":"(//android.widget.EditText[@resource-id=\"com.shopee.vn:id/cret_edit_text\"])[2]","using":"xpath"}&amp#27;[39m
[debug] &amp#27;[38;5;32m[AndroidUiautomator2Driver@9c7c (bbc92ba8)]&amp#27;[0m Calling AppiumDriver.findElement() with args: ["xpath","(//android.widget.EditText[@resource-id=\"com.shopee.vn:id/cret_edit_text\"])[2]","bbc92ba8-adbe-420a-aba2-e3598bd99daa"]
[debug] &amp#27;[38;5;32m[AndroidUiautomator2Driver@9c7c (bbc92ba8)]&amp#27;[0m Valid locator strategies for this request: xpath, id, class name, accessibility id, css selector, -android uiautomator
[debug] &amp#27;[38;5;32m[AndroidUiautomator2Driver@9c7c (bbc92ba8)]&amp#27;[0m Waiting up to 10000 ms for condition
[debug] &amp#27;[38;5;32m[AndroidUiautomator2Driver@9c7c (bbc92ba8)]&amp#27;[0m Matched '/element' to command name 'findElement'
[debug] &amp#27;[38;5;32m[AndroidUiautomator2Driver@9c7c (bbc92ba8)]&amp#27;[0m Proxying [POST /element] to [POST http://127.0.0.1:8200/session/94c00423-d384-4605-9e4d-bf6da0426c3a/element] with body: {"strategy":"xpath","selector":"(//android.widget.EditText[@resource-id=\"com.shopee.vn:id/cret_edit_text\"])[2]","context":"","multiple":false}
[debug] &amp#27;[38;5;32m[AndroidUiautomator2Driver@9c7c (bbc92ba8)]&amp#27;[0m Got response with status 200: {"sessionId":"94c00423-d384-4605-9e4d-bf6da0426c3a","value":{"ELEMENT":"00000000-0000-0124-ffff-ffff0000030c","element-6066-11e4-a52e-4f735466cecf":"00000000-0000-0124-ffff-ffff0000030c"}}
[debug] &amp#27;[38;5;32m[AndroidUiautomator2Driver@9c7c (bbc92ba8)]&amp#27;[0m Responding to client with driver.findElement() result: {"element-6066-11e4-a52e-4f735466cecf":"00000000-0000-0124-ffff-ffff0000030c","ELEMENT":"00000000-0000-0124-ffff-ffff0000030c"}
&amp#27;[38;5;0m[HTTP]&amp#27;[0m &amp#27;[37m<-- POST /session/bbc92ba8-adbe-420a-aba2-e3598bd99daa/element &amp#27;[39m&amp#27;[32m200&amp#27;[39m &amp#27;[90m659 ms - 137&amp#27;[39m
&amp#27;[38;5;0m[HTTP]&amp#27;[0m &amp#27;[90m&amp#27;[39m
&amp#27;[38;5;0m[HTTP]&amp#27;[0m &amp#27;[37m-->&amp#27;[39m &amp#27;[37mGET&amp#27;[39m &amp#27;[37m/session/bbc92ba8-adbe-420a-aba2-e3598bd99daa/element/00000000-0000-0124-ffff-ffff0000030c/displayed&amp#27;[39m
&amp#27;[38;5;0m[HTTP]&amp#27;[0m &amp#27;[90m{}&amp#27;[39m
[debug] &amp#27;[38;5;32m[AndroidUiautomator2Driver@9c7c (bbc92ba8)]&amp#27;[0m Calling AppiumDriver.elementDisplayed() with args: ["00000000-0000-0124-ffff-ffff0000030c","bbc92ba8-adbe-420a-aba2-e3598bd99daa"]
[debug] &amp#27;[38;5;32m[AndroidUiautomator2Driver@9c7c (bbc92ba8)]&amp#27;[0m Matched '/element/00000000-0000-0124-ffff-ffff0000030c/attribute/displayed' to command name 'getAttribute'
[debug] &amp#27;[38;5;32m[AndroidUiautomator2Driver@9c7c (bbc92ba8)]&amp#27;[0m Proxying [GET /element/00000000-0000-0124-ffff-ffff0000030c/attribute/displayed] to [GET http://127.0.0.1:8200/session/94c00423-d384-4605-9e4d-bf6da0426c3a/element/00000000-0000-0124-ffff-ffff0000030c/attribute/displayed] with no body
[debug] &amp#27;[38;5;32m[AndroidUiautomator2Driver@9c7c (bbc92ba8)]&amp#27;[0m Got response with status 200: {"sessionId":"94c00423-d384-4605-9e4d-bf6da0426c3a","value":"true"}
[debug] &amp#27;[38;5;32m[AndroidUiautomator2Driver@9c7c (bbc92ba8)]&amp#27;[0m Responding to client with driver.elementDisplayed() result: true
&amp#27;[38;5;0m[HTTP]&amp#27;[0m &amp#27;[37m<-- GET /session/bbc92ba8-adbe-420a-aba2-e3598bd99daa/element/00000000-0000-0124-ffff-ffff0000030c/displayed &amp#27;[39m&amp#27;[32m200&amp#27;[39m &amp#27;[90m17 ms - 14&amp#27;[39m
&amp#27;[38;5;0m[HTTP]&amp#27;[0m &amp#27;[90m&amp#27;[39m
&amp#27;[38;5;0m[HTTP]&amp#27;[0m &amp#27;[37m-->&amp#27;[39m &amp#27;[37mGET&amp#27;[39m &amp#27;[37m/session/bbc92ba8-adbe-420a-aba2-e3598bd99daa/context&amp#27;[39m
&amp#27;[38;5;0m[HTTP]&amp#27;[0m &amp#27;[90m{}&amp#27;[39m
[debug] &amp#27;[38;5;32m[AndroidUiautomator2Driver@9c7c (bbc92ba8)]&amp#27;[0m Calling AppiumDriver.getCurrentContext() with args: ["bbc92ba8-adbe-420a-aba2-e3598bd99daa"]
[debug] &amp#27;[38;5;32m[AndroidUiautomator2Driver@9c7c (bbc92ba8)]&amp#27;[0m Responding to client with driver.getCurrentContext() result: "NATIVE_APP"
&amp#27;[38;5;0m[HTTP]&amp#27;[0m &amp#27;[37m<-- GET /session/bbc92ba8-adbe-420a-aba2-e3598bd99daa/context &amp#27;[39m&amp#27;[32m200&amp#27;[39m &amp#27;[90m1 ms - 22&amp#27;[39m
&amp#27;[38;5;0m[HTTP]&amp#27;[0m &amp#27;[90m&amp#27;[39m
&amp#27;[38;5;0m[HTTP]&amp#27;[0m &amp#27;[37m-->&amp#27;[39m &amp#27;[37mPOST&amp#27;[39m &amp#27;[37m/session/bbc92ba8-adbe-420a-aba2-e3598bd99daa/element&amp#27;[39m
&amp#27;[38;5;0m[HTTP]&amp#27;[0m &amp#27;[90m{"value":"(//android.widget.EditText[@resource-id=\"com.shopee.vn:id/cret_edit_text\"])[2]","using":"xpath"}&amp#27;[39m
[debug] &amp#27;[38;5;32m[AndroidUiautomator2Driver@9c7c (bbc92ba8)]&amp#27;[0m Calling AppiumDriver.findElement() with args: ["xpath","(//android.widget.EditText[@resource-id=\"com.shopee.vn:id/cret_edit_text\"])[2]","bbc92ba8-adbe-420a-aba2-e3598bd99daa"]
[debug] &amp#27;[38;5;32m[AndroidUiautomator2Driver@9c7c (bbc92ba8)]&amp#27;[0m Valid locator strategies for this request: xpath, id, class name, accessibility id, css selector, -android uiautomator
[debug] &amp#27;[38;5;32m[AndroidUiautomator2Driver@9c7c (bbc92ba8)]&amp#27;[0m Waiting up to 10000 ms for condition
[debug] &amp#27;[38;5;32m[AndroidUiautomator2Driver@9c7c (bbc92ba8)]&amp#27;[0m Matched '/element' to command name 'findElement'
[debug] &amp#27;[38;5;32m[AndroidUiautomator2Driver@9c7c (bbc92ba8)]&amp#27;[0m Proxying [POST /element] to [POST http://127.0.0.1:8200/session/94c00423-d384-4605-9e4d-bf6da0426c3a/element] with body: {"strategy":"xpath","selector":"(//android.widget.EditText[@resource-id=\"com.shopee.vn:id/cret_edit_text\"])[2]","context":"","multiple":false}
[debug] &amp#27;[38;5;32m[AndroidUiautomator2Driver@9c7c (bbc92ba8)]&amp#27;[0m Got response with status 200: {"sessionId":"94c00423-d384-4605-9e4d-bf6da0426c3a","value":{"ELEMENT":"00000000-0000-0124-ffff-ffff0000030c","element-6066-11e4-a52e-4f735466cecf":"00000000-0000-0124-ffff-ffff0000030c"}}
[debug] &amp#27;[38;5;32m[AndroidUiautomator2Driver@9c7c (bbc92ba8)]&amp#27;[0m Responding to client with driver.findElement() result: {"element-6066-11e4-a52e-4f735466cecf":"00000000-0000-0124-ffff-ffff0000030c","ELEMENT":"00000000-0000-0124-ffff-ffff0000030c"}
&amp#27;[38;5;0m[HTTP]&amp#27;[0m &amp#27;[37m<-- POST /session/bbc92ba8-adbe-420a-aba2-e3598bd99daa/element &amp#27;[39m&amp#27;[32m200&amp#27;[39m &amp#27;[90m174 ms - 137&amp#27;[39m
&amp#27;[38;5;0m[HTTP]&amp#27;[0m &amp#27;[90m&amp#27;[39m
&amp#27;[38;5;0m[HTTP]&amp#27;[0m &amp#27;[37m-->&amp#27;[39m &amp#27;[37mPOST&amp#27;[39m &amp#27;[37m/session/bbc92ba8-adbe-420a-aba2-e3598bd99daa/element/00000000-0000-0124-ffff-ffff0000030c/value&amp#27;[39m
&amp#27;[38;5;0m[HTTP]&amp#27;[0m &amp#27;[90m{"id":"00000000-0000-0124-ffff-ffff0000030c","value":["U","K","s","j","s","d","W","@","1","2","3"],"text":"UKsjsdW@123"}&amp#27;[39m
[debug] &amp#27;[38;5;32m[AndroidUiautomator2Driver@9c7c (bbc92ba8)]&amp#27;[0m Calling AppiumDriver.setValue() with args: [["U","K","s","j","s","d","W","@","1","2","3"],"00000000-0000-0124-ffff-ffff0000030c","bbc92ba8-adbe-420a-aba2-e3598bd99daa"]
[debug] &amp#27;[38;5;32m[AndroidUiautomator2Driver@9c7c (bbc92ba8)]&amp#27;[0m Matched '/element/00000000-0000-0124-ffff-ffff0000030c/value' to command name 'setValue'
[debug] &amp#27;[38;5;32m[AndroidUiautomator2Driver@9c7c (bbc92ba8)]&amp#27;[0m Added 'value' property ["U","K","s","j","s","d","W","@","1","2","3"] to 'setValue' request body
[debug] &amp#27;[38;5;32m[AndroidUiautomator2Driver@9c7c (bbc92ba8)]&amp#27;[0m Proxying [POST /element/00000000-0000-0124-ffff-ffff0000030c/value] to [POST http://127.0.0.1:8200/session/94c00423-d384-4605-9e4d-bf6da0426c3a/element/00000000-0000-0124-ffff-ffff0000030c/value] with body: {"elementId":"00000000-0000-0124-ffff-ffff0000030c","text":"UKsjsdW@123","replace":false,"value":["U","K","s","j","s","d","W","@","1","2","3"]}
[debug] &amp#27;[38;5;32m[AndroidUiautomator2Driver@9c7c (bbc92ba8)]&amp#27;[0m Got response with status 200: {"sessionId":"94c00423-d384-4605-9e4d-bf6da0426c3a","value":null}
[debug] &amp#27;[38;5;32m[AndroidUiautomator2Driver@9c7c (bbc92ba8)]&amp#27;[0m Responding to client with driver.setValue() result: null
&amp#27;[38;5;0m[HTTP]&amp#27;[0m &amp#27;[37m<-- POST /session/bbc92ba8-adbe-420a-aba2-e3598bd99daa/element/00000000-0000-0124-ffff-ffff0000030c/value &amp#27;[39m&amp#27;[32m200&amp#27;[39m &amp#27;[90m55 ms - 14&amp#27;[39m
&amp#27;[38;5;0m[HTTP]&amp#27;[0m &amp#27;[90m&amp#27;[39m
&amp#27;[38;5;0m[HTTP]&amp#27;[0m &amp#27;[37m-->&amp#27;[39m &amp#27;[37mGET&amp#27;[39m &amp#27;[37m/session/bbc92ba8-adbe-420a-aba2-e3598bd99daa/context&amp#27;[39m
&amp#27;[38;5;0m[HTTP]&amp#27;[0m &amp#27;[90m{}&amp#27;[39m
[debug] &amp#27;[38;5;32m[AndroidUiautomator2Driver@9c7c (bbc92ba8)]&amp#27;[0m Calling AppiumDriver.getCurrentContext() with args: ["bbc92ba8-adbe-420a-aba2-e3598bd99daa"]
[debug] &amp#27;[38;5;32m[AndroidUiautomator2Driver@9c7c (bbc92ba8)]&amp#27;[0m Responding to client with driver.getCurrentContext() result: "NATIVE_APP"
&amp#27;[38;5;0m[HTTP]&amp#27;[0m &amp#27;[37m<-- GET /session/bbc92ba8-adbe-420a-aba2-e3598bd99daa/context &amp#27;[39m&amp#27;[32m200&amp#27;[39m &amp#27;[90m1 ms - 22&amp#27;[39m
&amp#27;[38;5;0m[HTTP]&amp#27;[0m &amp#27;[90m&amp#27;[39m
&amp#27;[38;5;0m[HTTP]&amp#27;[0m &amp#27;[37m-->&amp#27;[39m &amp#27;[37mPOST&amp#27;[39m &amp#27;[37m/session/bbc92ba8-adbe-420a-aba2-e3598bd99daa/element&amp#27;[39m
&amp#27;[38;5;0m[HTTP]&amp#27;[0m &amp#27;[90m{"value":"com.shopee.vn:id/cret_show_hide_text_image_view","using":"id"}&amp#27;[39m
[debug] &amp#27;[38;5;32m[AndroidUiautomator2Driver@9c7c (bbc92ba8)]&amp#27;[0m Calling AppiumDriver.findElement() with args: ["id","com.shopee.vn:id/cret_show_hide_text_image_view","bbc92ba8-adbe-420a-aba2-e3598bd99daa"]
[debug] &amp#27;[38;5;32m[AndroidUiautomator2Driver@9c7c (bbc92ba8)]&amp#27;[0m Valid locator strategies for this request: xpath, id, class name, accessibility id, css selector, -android uiautomator
[debug] &amp#27;[38;5;32m[AndroidUiautomator2Driver@9c7c (bbc92ba8)]&amp#27;[0m Waiting up to 10000 ms for condition
[debug] &amp#27;[38;5;32m[AndroidUiautomator2Driver@9c7c (bbc92ba8)]&amp#27;[0m Matched '/element' to command name 'findElement'
[debug] &amp#27;[38;5;32m[AndroidUiautomator2Driver@9c7c (bbc92ba8)]&amp#27;[0m Proxying [POST /element] to [POST http://127.0.0.1:8200/session/94c00423-d384-4605-9e4d-bf6da0426c3a/element] with body: {"strategy":"id","selector":"com.shopee.vn:id/cret_show_hide_text_image_view","context":"","multiple":false}
[debug] &amp#27;[38;5;32m[AndroidUiautomator2Driver@9c7c (bbc92ba8)]&amp#27;[0m Got response with status 200: {"sessionId":"94c00423-d384-4605-9e4d-bf6da0426c3a","value":{"ELEMENT":"00000000-0000-0124-ffff-ffff0000030a","element-6066-11e4-a52e-4f735466cecf":"00000000-0000-0124-ffff-ffff0000030a"}}
[debug] &amp#27;[38;5;32m[AndroidUiautomator2Driver@9c7c (bbc92ba8)]&amp#27;[0m Responding to client with driver.findElement() result: {"element-6066-11e4-a52e-4f735466cecf":"00000000-0000-0124-ffff-ffff0000030a","ELEMENT":"00000000-0000-0124-ffff-ffff0000030a"}
&amp#27;[38;5;0m[HTTP]&amp#27;[0m &amp#27;[37m<-- POST /session/bbc92ba8-adbe-420a-aba2-e3598bd99daa/element &amp#27;[39m&amp#27;[32m200&amp#27;[39m &amp#27;[90m547 ms - 137&amp#27;[39m
&amp#27;[38;5;0m[HTTP]&amp#27;[0m &amp#27;[90m&amp#27;[39m
&amp#27;[38;5;0m[HTTP]&amp#27;[0m &amp#27;[37m-->&amp#27;[39m &amp#27;[37mPOST&amp#27;[39m &amp#27;[37m/session/bbc92ba8-adbe-420a-aba2-e3598bd99daa/element/00000000-0000-0124-ffff-ffff0000030a/click&amp#27;[39m
&amp#27;[38;5;0m[HTTP]&amp#27;[0m &amp#27;[90m{"id":"00000000-0000-0124-ffff-ffff0000030a"}&amp#27;[39m
[debug] &amp#27;[38;5;32m[AndroidUiautomator2Driver@9c7c (bbc92ba8)]&amp#27;[0m Calling AppiumDriver.click() with args: ["00000000-0000-0124-ffff-ffff0000030a","bbc92ba8-adbe-420a-aba2-e3598bd99daa"]
[debug] &amp#27;[38;5;32m[AndroidUiautomator2Driver@9c7c (bbc92ba8)]&amp#27;[0m Matched '/element/00000000-0000-0124-ffff-ffff0000030a/click' to command name 'click'
[debug] &amp#27;[38;5;32m[AndroidUiautomator2Driver@9c7c (bbc92ba8)]&amp#27;[0m Proxying [POST /element/00000000-0000-0124-ffff-ffff0000030a/click] to [POST http://127.0.0.1:8200/session/94c00423-d384-4605-9e4d-bf6da0426c3a/element/00000000-0000-0124-ffff-ffff0000030a/click] with body: {"element":"00000000-0000-0124-ffff-ffff0000030a"}
[debug] &amp#27;[38;5;32m[AndroidUiautomator2Driver@9c7c (bbc92ba8)]&amp#27;[0m Got response with status 200: {"sessionId":"94c00423-d384-4605-9e4d-bf6da0426c3a","value":null}
[debug] &amp#27;[38;5;32m[AndroidUiautomator2Driver@9c7c (bbc92ba8)]&amp#27;[0m Responding to client with driver.click() result: null
&amp#27;[38;5;0m[HTTP]&amp#27;[0m &amp#27;[37m<-- POST /session/bbc92ba8-adbe-420a-aba2-e3598bd99daa/element/00000000-0000-0124-ffff-ffff0000030a/click &amp#27;[39m&amp#27;[32m200&amp#27;[39m &amp#27;[90m85 ms - 14&amp#27;[39m
&amp#27;[38;5;0m[HTTP]&amp#27;[0m &amp#27;[90m&amp#27;[39m
&amp#27;[38;5;0m[HTTP]&amp#27;[0m &amp#27;[37m-->&amp#27;[39m &amp#27;[37mGET&amp#27;[39m &amp#27;[37m/session/bbc92ba8-adbe-420a-aba2-e3598bd99daa/context&amp#27;[39m
&amp#27;[38;5;0m[HTTP]&amp#27;[0m &amp#27;[90m{}&amp#27;[39m
[debug] &amp#27;[38;5;32m[AndroidUiautomator2Driver@9c7c (bbc92ba8)]&amp#27;[0m Calling AppiumDriver.getCurrentContext() with args: ["bbc92ba8-adbe-420a-aba2-e3598bd99daa"]
[debug] &amp#27;[38;5;32m[AndroidUiautomator2Driver@9c7c (bbc92ba8)]&amp#27;[0m Responding to client with driver.getCurrentContext() result: "NATIVE_APP"
&amp#27;[38;5;0m[HTTP]&amp#27;[0m &amp#27;[37m<-- GET /session/bbc92ba8-adbe-420a-aba2-e3598bd99daa/context &amp#27;[39m&amp#27;[32m200&amp#27;[39m &amp#27;[90m1 ms - 22&amp#27;[39m
&amp#27;[38;5;0m[HTTP]&amp#27;[0m &amp#27;[90m&amp#27;[39m
&amp#27;[38;5;0m[HTTP]&amp#27;[0m &amp#27;[37m-->&amp#27;[39m &amp#27;[37mPOST&amp#27;[39m &amp#27;[37m/session/bbc92ba8-adbe-420a-aba2-e3598bd99daa/element&amp#27;[39m
&amp#27;[38;5;0m[HTTP]&amp#27;[0m &amp#27;[90m{"value":"com.shopee.vn:id/btnLogin","using":"id"}&amp#27;[39m
[debug] &amp#27;[38;5;32m[AndroidUiautomator2Driver@9c7c (bbc92ba8)]&amp#27;[0m Calling AppiumDriver.findElement() with args: ["id","com.shopee.vn:id/btnLogin","bbc92ba8-adbe-420a-aba2-e3598bd99daa"]
[debug] &amp#27;[38;5;32m[AndroidUiautomator2Driver@9c7c (bbc92ba8)]&amp#27;[0m Valid locator strategies for this request: xpath, id, class name, accessibility id, css selector, -android uiautomator
[debug] &amp#27;[38;5;32m[AndroidUiautomator2Driver@9c7c (bbc92ba8)]&amp#27;[0m Waiting up to 10000 ms for condition
[debug] &amp#27;[38;5;32m[AndroidUiautomator2Driver@9c7c (bbc92ba8)]&amp#27;[0m Matched '/element' to command name 'findElement'
[debug] &amp#27;[38;5;32m[AndroidUiautomator2Driver@9c7c (bbc92ba8)]&amp#27;[0m Proxying [POST /element] to [POST http://127.0.0.1:8200/session/94c00423-d384-4605-9e4d-bf6da0426c3a/element] with body: {"strategy":"id","selector":"com.shopee.vn:id/btnLogin","context":"","multiple":false}
[debug] &amp#27;[38;5;32m[AndroidUiautomator2Driver@9c7c (bbc92ba8)]&amp#27;[0m Got response with status 200: {"sessionId":"94c00423-d384-4605-9e4d-bf6da0426c3a","value":{"ELEMENT":"00000000-0000-0124-ffff-ffff00000314","element-6066-11e4-a52e-4f735466cecf":"00000000-0000-0124-ffff-ffff00000314"}}
[debug] &amp#27;[38;5;32m[AndroidUiautomator2Driver@9c7c (bbc92ba8)]&amp#27;[0m Responding to client with driver.findElement() result: {"element-6066-11e4-a52e-4f735466cecf":"00000000-0000-0124-ffff-ffff00000314","ELEMENT":"00000000-0000-0124-ffff-ffff00000314"}
&amp#27;[38;5;0m[HTTP]&amp#27;[0m &amp#27;[37m<-- POST /session/bbc92ba8-adbe-420a-aba2-e3598bd99daa/element &amp#27;[39m&amp#27;[32m200&amp#27;[39m &amp#27;[90m557 ms - 137&amp#27;[39m
&amp#27;[38;5;0m[HTTP]&amp#27;[0m &amp#27;[90m&amp#27;[39m
&amp#27;[38;5;0m[HTTP]&amp#27;[0m &amp#27;[37m-->&amp#27;[39m &amp#27;[37mPOST&amp#27;[39m &amp#27;[37m/session/bbc92ba8-adbe-420a-aba2-e3598bd99daa/element/00000000-0000-0124-ffff-ffff00000314/click&amp#27;[39m
&amp#27;[38;5;0m[HTTP]&amp#27;[0m &amp#27;[90m{"id":"00000000-0000-0124-ffff-ffff00000314"}&amp#27;[39m
[debug] &amp#27;[38;5;32m[AndroidUiautomator2Driver@9c7c (bbc92ba8)]&amp#27;[0m Calling AppiumDriver.click() with args: ["00000000-0000-0124-ffff-ffff00000314","bbc92ba8-adbe-420a-aba2-e3598bd99daa"]
[debug] &amp#27;[38;5;32m[AndroidUiautomator2Driver@9c7c (bbc92ba8)]&amp#27;[0m Matched '/element/00000000-0000-0124-ffff-ffff00000314/click' to command name 'click'
[debug] &amp#27;[38;5;32m[AndroidUiautomator2Driver@9c7c (bbc92ba8)]&amp#27;[0m Proxying [POST /element/00000000-0000-0124-ffff-ffff00000314/click] to [POST http://127.0.0.1:8200/session/94c00423-d384-4605-9e4d-bf6da0426c3a/element/00000000-0000-0124-ffff-ffff00000314/click] with body: {"element":"00000000-0000-0124-ffff-ffff00000314"}
[debug] &amp#27;[38;5;32m[AndroidUiautomator2Driver@9c7c (bbc92ba8)]&amp#27;[0m Got response with status 200: {"sessionId":"94c00423-d384-4605-9e4d-bf6da0426c3a","value":null}
[debug] &amp#27;[38;5;32m[AndroidUiautomator2Driver@9c7c (bbc92ba8)]&amp#27;[0m Responding to client with driver.click() result: null
&amp#27;[38;5;0m[HTTP]&amp#27;[0m &amp#27;[37m<-- POST /session/bbc92ba8-adbe-420a-aba2-e3598bd99daa/element/00000000-0000-0124-ffff-ffff00000314/click &amp#27;[39m&amp#27;[32m200&amp#27;[39m &amp#27;[90m1149 ms - 14&amp#27;[39m
&amp#27;[38;5;0m[HTTP]&amp#27;[0m &amp#27;[90m&amp#27;[39m
&amp#27;[38;5;0m[HTTP]&amp#27;[0m &amp#27;[37m-->&amp#27;[39m &amp#27;[37mPOST&amp#27;[39m &amp#27;[37m/session/bbc92ba8-adbe-420a-aba2-e3598bd99daa/element&amp#27;[39m
&amp#27;[38;5;0m[HTTP]&amp#27;[0m &amp#27;[90m{"value":"//android.widget.Toast[1]","using":"xpath"}&amp#27;[39m
[debug] &amp#27;[38;5;32m[AndroidUiautomator2Driver@9c7c (bbc92ba8)]&amp#27;[0m Calling AppiumDriver.findElement() with args: ["xpath","//android.widget.Toast[1]","bbc92ba8-adbe-420a-aba2-e3598bd99daa"]
[debug] &amp#27;[38;5;32m[AndroidUiautomator2Driver@9c7c (bbc92ba8)]&amp#27;[0m Valid locator strategies for this request: xpath, id, class name, accessibility id, css selector, -android uiautomator
[debug] &amp#27;[38;5;32m[AndroidUiautomator2Driver@9c7c (bbc92ba8)]&amp#27;[0m Waiting up to 10000 ms for condition
[debug] &amp#27;[38;5;32m[AndroidUiautomator2Driver@9c7c (bbc92ba8)]&amp#27;[0m Matched '/element' to command name 'findElement'
[debug] &amp#27;[38;5;32m[AndroidUiautomator2Driver@9c7c (bbc92ba8)]&amp#27;[0m Proxying [POST /element] to [POST http://127.0.0.1:8200/session/94c00423-d384-4605-9e4d-bf6da0426c3a/element] with body: {"strategy":"xpath","selector":"//android.widget.Toast[1]","context":"","multiple":false}
[debug] &amp#27;[38;5;32m[AndroidUiautomator2Driver@9c7c (bbc92ba8)]&amp#27;[0m Got response with status 200: {"sessionId":"94c00423-d384-4605-9e4d-bf6da0426c3a","value":{"ELEMENT":"ecc4eba7-5ebb-4bc9-852c-6e54f15be7c2","element-6066-11e4-a52e-4f735466cecf":"ecc4eba7-5ebb-4bc9-852c-6e54f15be7c2"}}
[debug] &amp#27;[38;5;32m[AndroidUiautomator2Driver@9c7c (bbc92ba8)]&amp#27;[0m Responding to client with driver.findElement() result: {"element-6066-11e4-a52e-4f735466cecf":"ecc4eba7-5ebb-4bc9-852c-6e54f15be7c2","ELEMENT":"ecc4eba7-5ebb-4bc9-852c-6e54f15be7c2"}
&amp#27;[38;5;0m[HTTP]&amp#27;[0m &amp#27;[37m<-- POST /session/bbc92ba8-adbe-420a-aba2-e3598bd99daa/element &amp#27;[39m&amp#27;[32m200&amp#27;[39m &amp#27;[90m163 ms - 137&amp#27;[39m
&amp#27;[38;5;0m[HTTP]&amp#27;[0m &amp#27;[90m&amp#27;[39m
&amp#27;[38;5;0m[HTTP]&amp#27;[0m &amp#27;[37m-->&amp#27;[39m &amp#27;[37mPOST&amp#27;[39m &amp#27;[37m/session/bbc92ba8-adbe-420a-aba2-e3598bd99daa/element&amp#27;[39m
&amp#27;[38;5;0m[HTTP]&amp#27;[0m &amp#27;[90m{"value":"//android.widget.Toast[1]","using":"xpath"}&amp#27;[39m
[debug] &amp#27;[38;5;32m[AndroidUiautomator2Driver@9c7c (bbc92ba8)]&amp#27;[0m Calling AppiumDriver.findElement() with args: ["xpath","//android.widget.Toast[1]","bbc92ba8-adbe-420a-aba2-e3598bd99daa"]
[debug] &amp#27;[38;5;32m[AndroidUiautomator2Driver@9c7c (bbc92ba8)]&amp#27;[0m Valid locator strategies for this request: xpath, id, class name, accessibility id, css selector, -android uiautomator
[debug] &amp#27;[38;5;32m[AndroidUiautomator2Driver@9c7c (bbc92ba8)]&amp#27;[0m Waiting up to 10000 ms for condition
[debug] &amp#27;[38;5;32m[AndroidUiautomator2Driver@9c7c (bbc92ba8)]&amp#27;[0m Matched '/element' to command name 'findElement'
[debug] &amp#27;[38;5;32m[AndroidUiautomator2Driver@9c7c (bbc92ba8)]&amp#27;[0m Proxying [POST /element] to [POST http://127.0.0.1:8200/session/94c00423-d384-4605-9e4d-bf6da0426c3a/element] with body: {"strategy":"xpath","selector":"//android.widget.Toast[1]","context":"","multiple":false}
[debug] &amp#27;[38;5;32m[AndroidUiautomator2Driver@9c7c (bbc92ba8)]&amp#27;[0m Got response with status 200: {"sessionId":"94c00423-d384-4605-9e4d-bf6da0426c3a","value":{"ELEMENT":"dd6eac29-a54b-4f74-8fa8-b2c09f2126b7","element-6066-11e4-a52e-4f735466cecf":"dd6eac29-a54b-4f74-8fa8-b2c09f2126b7"}}
[debug] &amp#27;[38;5;32m[AndroidUiautomator2Driver@9c7c (bbc92ba8)]&amp#27;[0m Responding to client with driver.findElement() result: {"element-6066-11e4-a52e-4f735466cecf":"dd6eac29-a54b-4f74-8fa8-b2c09f2126b7","ELEMENT":"dd6eac29-a54b-4f74-8fa8-b2c09f2126b7"}
&amp#27;[38;5;0m[HTTP]&amp#27;[0m &amp#27;[37m<-- POST /session/bbc92ba8-adbe-420a-aba2-e3598bd99daa/element &amp#27;[39m&amp#27;[32m200&amp#27;[39m &amp#27;[90m120 ms - 137&amp#27;[39m
&amp#27;[38;5;0m[HTTP]&amp#27;[0m &amp#27;[90m&amp#27;[39m
&amp#27;[38;5;0m[HTTP]&amp#27;[0m &amp#27;[37m-->&amp#27;[39m &amp#27;[37mGET&amp#27;[39m &amp#27;[37m/session/bbc92ba8-adbe-420a-aba2-e3598bd99daa/element/dd6eac29-a54b-4f74-8fa8-b2c09f2126b7/text&amp#27;[39m
&amp#27;[38;5;0m[HTTP]&amp#27;[0m &amp#27;[90m{}&amp#27;[39m
&amp#27;[38;5;32m[AndroidUiautomator2Driver@9c7c (bbc92ba8)]&amp#27;[0m Driver proxy active, passing request on via HTTP proxy
[debug] &amp#27;[38;5;32m[AndroidUiautomator2Driver@9c7c (bbc92ba8)]&amp#27;[0m Matched '/session/bbc92ba8-adbe-420a-aba2-e3598bd99daa/element/dd6eac29-a54b-4f74-8fa8-b2c09f2126b7/text' to command name 'getText'
[debug] &amp#27;[38;5;32m[AndroidUiautomator2Driver@9c7c (bbc92ba8)]&amp#27;[0m Proxying [GET /session/bbc92ba8-adbe-420a-aba2-e3598bd99daa/element/dd6eac29-a54b-4f74-8fa8-b2c09f2126b7/text] to [GET http://127.0.0.1:8200/session/94c00423-d384-4605-9e4d-bf6da0426c3a/element/dd6eac29-a54b-4f74-8fa8-b2c09f2126b7/text] with no body
[debug] &amp#27;[38;5;32m[AndroidUiautomator2Driver@9c7c (bbc92ba8)]&amp#27;[0m Got response with status 200: {"sessionId":"94c00423-d384-4605-9e4d-bf6da0426c3a","value":"TĂ i khoáº£n hoáº·c máº­t kháº©u Ä‘Äƒng nháº­p khĂ´ng chĂ­nh xĂ¡c. Vui lĂ²ng thá»­ láº¡i."}
&amp#27;[38;5;32m[AndroidUiautomator2Driver@9c7c (bbc92ba8)]&amp#27;[0m Replacing sessionId 94c00423-d384-4605-9e4d-bf6da0426c3a with bbc92ba8-adbe-420a-aba2-e3598bd99daa
&amp#27;[38;5;0m[HTTP]&amp#27;[0m &amp#27;[37m<-- GET /session/bbc92ba8-adbe-420a-aba2-e3598bd99daa/element/dd6eac29-a54b-4f74-8fa8-b2c09f2126b7/text &amp#27;[39m&amp#27;[32m200&amp#27;[39m &amp#27;[90m95 ms - 152&amp#27;[39m
&amp#27;[38;5;0m[HTTP]&amp#27;[0m &amp#27;[90m&amp#27;[39m
Toast: Tài kho?n ho?c m?t kh?u đăng nh?p không chính xác. Vui l?ng th? l?i.
&amp#27;[38;5;0m[HTTP]&amp#27;[0m &amp#27;[37m-->&amp#27;[39m &amp#27;[37mGET&amp#27;[39m &amp#27;[37m/session/bbc92ba8-adbe-420a-aba2-e3598bd99daa/screenshot&amp#27;[39m
&amp#27;[38;5;0m[HTTP]&amp#27;[0m &amp#27;[90m{}&amp#27;[39m
[debug] &amp#27;[38;5;32m[AndroidUiautomator2Driver@9c7c (bbc92ba8)]&amp#27;[0m Calling AppiumDriver.getScreenshot() with args: ["bbc92ba8-adbe-420a-aba2-e3598bd99daa"]
[debug] &amp#27;[38;5;32m[AndroidUiautomator2Driver@9c7c (bbc92ba8)]&amp#27;[0m Matched '/screenshot' to command name 'getScreenshot'
[debug] &amp#27;[38;5;32m[AndroidUiautomator2Driver@9c7c (bbc92ba8)]&amp#27;[0m Proxying [GET /screenshot] to [GET http://127.0.0.1:8200/session/94c00423-d384-4605-9e4d-bf6da0426c3a/screenshot] with no body
[debug] &amp#27;[38;5;32m[AndroidUiautomator2Driver@9c7c (bbc92ba8)]&amp#27;[0m Got response with status 200: {"sessionId":"94c00423-d384-4605-9e4d-bf6da0426c3a","value":"iVBORw0KGgoAAAANSUhEUgAABDgAAAlgCAYAAABtGofVAAAAAXNSR0IArs4c6QAAAARzQklUCAgICHwIZIgAACAASURBVHic7N15XFTl/gfwz5lhRwYXXHHfcWlxQb3ZomA3b6mgWVoJli2WmOYtE67a7+ZCq5aiWWkJmlouKFjmgpbeUkErd1zKdVxQQ2fYhJk5vz+GOc6ZGWCAGeDo5/168cpz5izPmVjmfM7zfB8BgAgiIiIiIiIiIgVTVXcDiIiIiIiIiIgqiwEHERERERERESkeAw4iIiIiIiIiUjwGHERERERERESkeAw4iIiIiIiIiEjxGHAQERERERERkeIx4CAiIiIiIiIixWPAQURERERERESKx4CDiIiIiIiIiBSPAQcRERERERERKR4DDiIiIiIiIiJSPAYcRERERERERKR4DDiIiIiIiIiISPEYcBARERERERGR4jHgICIiIiIiIiLFY8BBRERERERERIrHgIOIiIiIiIiIFI8BBxEREREREREpHgMOIiIiIiIiIlI8BhxEREREREREpHgMOIiIiIiIiIhI8RhwEBEREREREZHiMeAgIiIiIiIiIsVjwEFEREREREREiseAg4iIiIiIiIgUjwEHERERERERESkeAw4iIiIiIiIiUjwGHERERERERESkeAw4iIiIiIiIiEjxGHAQERERERERkeIx4CAiIiIiIiIixWPAQURERERERESKx4CDiIiIiIiIiBSPAQcRERERERERKR4DDiIiIiIiIiJSPAYcRERERERERKR4DDiIiIiIiIiISPEYcBARERERERGR4jHgICIiIiIiIiLFY8BBRERERERERIrHgIOIiIiIiIiIFI8BBxEREREREREpHgMOIiIiIiIiIlI8BhxEREREREREpHgMOIiIiIiIiIhI8RhwEBEREREREZHiMeAgIiIiIiIiIsVjwEFERERE...
[debug] &amp#27;[38;5;32m[AndroidUiautomator2Driver@9c7c (bbc92ba8)]&amp#27;[0m Responding to client with driver.getScreenshot() result: "iVBORw0KGgoAAAANSUhEUgAABDgAAAlgCAYAAABtGofVAAAAAXNSR0IArs4c6QAAAARzQklUCAgICHwIZIgAACAASURBVHic7N15XFTl/gfwz5lhRwYXXHHfcWlxQb3ZomA3b6mgWVoJli2WmOYtE67a7+ZCq5aiWWkJmlouKFjmgpbeUkErd1zKdVxQQ2fYhJk5vz+GOc6ZGWCAGeDo5/168cpz5izPmVjmfM7zfB8BgAgiIiIiIiIiIgVTVXcDiIiIiIiIiIgqiwEHERERERERESkeAw4iIiIiIiIiUjwGHERERERERESkeAw4iIiIiIiIiEjxGHAQERERERERkeIx4CAiIiIiIiIixWPAQURERERERESKx4CDiIiIiIiIiBSPAQcRERERERERKR4DDiIiIiIiIiJSPAYcRERERERERKR4DDiIiIiIiIiISPEYcBARERERERGR4jHgICIiIiIiIiLFY8BBRERERERERIrHgIOIiIiIiIiIFI8BBxEREREREREpHgMOIiIiIiIiIlI8BhxEREREREREpHgMOIiIiIiIiIhI8RhwEBEREREREZHiMeAgIiIiIiIiIsVjwEFEREREREREiseAg4iIiIiIiIgUjwEHERERERERESkeAw4iIiIiIiIiUjwGHERERERERESkeAw4iIiIiIiIiEjxGHAQERERERERkeIx4CAiIiIiIiIixWPAQURERERERESKx4CDiIiIiIiIiBSPAQcRERERERERKR4DDiIiIiIiIiJSPAYcRERERERERKR4DDiIiIiIiIiISPEYcBARERERERGR4jHgICIiIiIiIiLFY8BBRERERERERIrHgIOIiIiIiIiIFI8BBxEREREREREpHgMOIiIiIiIiIlI8BhxEREREREREpHgMOIiIiIiIiIhI8RhwEBEREREREZHiMeAgIiIiIiIiIsVjwEFEREREREREiseAg4iIiIiIiIgUjwEHERERERERESkeAw4iIiIiIiIiUjwGHERERERE...
&amp#27;[38;5;0m[HTTP]&amp#27;[0m &amp#27;[37m<-- GET /session/bbc92ba8-adbe-420a-aba2-e3598bd99daa/screenshot &amp#27;[39m&amp#27;[32m200&amp#27;[39m &amp#27;[90m638 ms - 268836&amp#27;[39m
&amp#27;[38;5;0m[HTTP]&amp#27;[0m &amp#27;[90m&amp#27;[39m
]]></system-out>
  </testcase>
  <testcase name="TestLoginFail_AccountLengthLessThan8" classname="TestCase.TestCaseLogin" time="6.855">
    <failure message="Thông báo lỗi không khớp.Mong đợi: Uiiii, cĂ³ lá»—i rá»“i. Vui lĂ²ng thá»­ láº¡i sau | Thực tế: Uiiii, có lỗi rồi. Vui lòng thử lại sau" type="java.lang.AssertionError">java.lang.AssertionError: Thông báo lỗi không khớp.Mong đợi: Uiiii, cĂ³ lá»—i rá»“i. Vui lĂ²ng thá»­ láº¡i sau | Thực tế: Uiiii, có lỗi rồi. Vui lòng thử lại sau
	at TestCase.TestCaseLogin.TestLoginFail_AccountLengthLessThan8(TestCaseLogin.java:171)
</failure>
    <system-out><![CDATA[Đóng hoàn toàn Appium driver...
&amp#27;[38;5;0m[HTTP]&amp#27;[0m &amp#27;[37m-->&amp#27;[39m &amp#27;[37mDELETE&amp#27;[39m &amp#27;[37m/session/bbc92ba8-adbe-420a-aba2-e3598bd99daa&amp#27;[39m
&amp#27;[38;5;0m[HTTP]&amp#27;[0m &amp#27;[90m{}&amp#27;[39m
[debug] &amp#27;[38;5;32m[AndroidUiautomator2Driver@9c7c (bbc92ba8)]&amp#27;[0m Calling AppiumDriver.deleteSession() with args: ["bbc92ba8-adbe-420a-aba2-e3598bd99daa"]
[debug] &amp#27;[38;5;16m[AppiumDriver@dfb1]&amp#27;[0m Event 'quitSessionRequested' logged at 1741656650180 (08:30:50 GMT+0700 (Indochina Time))
&amp#27;[38;5;16m[AppiumDriver@dfb1]&amp#27;[0m Removing session bbc92ba8-adbe-420a-aba2-e3598bd99daa from our master session list
[debug] &amp#27;[38;5;32m[AndroidUiautomator2Driver@9c7c (bbc92ba8)]&amp#27;[0m Deleting UiAutomator2 session
[debug] &amp#27;[38;5;32m[AndroidUiautomator2Driver@9c7c (bbc92ba8)]&amp#27;[0m Deleting UiAutomator2 server session
[debug] &amp#27;[38;5;32m[AndroidUiautomator2Driver@9c7c (bbc92ba8)]&amp#27;[0m Matched '/' to command name 'deleteSession'
[debug] &amp#27;[38;5;32m[AndroidUiautomator2Driver@9c7c (bbc92ba8)]&amp#27;[0m Proxying [DELETE /] to [DELETE http://127.0.0.1:8200/session/94c00423-d384-4605-9e4d-bf6da0426c3a] with no body
[debug] &amp#27;[38;5;32m[AndroidUiautomator2Driver@9c7c (bbc92ba8)]&amp#27;[0m Got response with status 200: {"sessionId":"94c00423-d384-4605-9e4d-bf6da0426c3a","value":null}
[debug] &amp#27;[38;5;32m[AndroidUiautomator2Driver@9c7c (bbc92ba8)]&amp#27;[0m [Instrumentation] io.appium.uiautomator2.server.test.AppiumUiAutomator2Server:
[debug] &amp#27;[38;5;32m[AndroidUiautomator2Driver@9c7c (bbc92ba8)]&amp#27;[0m [Instrumentation] The process has exited with code null, signal SIGTERM
[debug] &amp#27;[38;5;48m[ADB]&amp#27;[0m Running 'C:\Users\ASUS\AppData\Local\Android\Sdk\platform-tools\adb.exe -P 5037 -s 83639429 shell dumpsys activity services io.appium.settings/.recorder.RecorderService'
[debug] &amp#27;[38;5;48m[ADB]&amp#27;[0m Running 'C:\Users\ASUS\AppData\Local\Android\Sdk\platform-tools\adb.exe -P 5037 -s 83639429 shell am force-stop com.shopee.vn'
[debug] &amp#27;[38;5;48m[ADB]&amp#27;[0m Removing forwarded port socket connection: 8200 
[debug] &amp#27;[38;5;48m[ADB]&amp#27;[0m Running 'C:\Users\ASUS\AppData\Local\Android\Sdk\platform-tools\adb.exe -P 5037 -s 83639429 forward --remove tcp:8200'
&amp#27;[38;5;32m[AndroidUiautomator2Driver@9c7c (bbc92ba8)]&amp#27;[0m Restoring hidden api policy to the device default configuration
[debug] &amp#27;[38;5;48m[ADB]&amp#27;[0m Running 'C:\Users\ASUS\AppData\Local\Android\Sdk\platform-tools\adb.exe -P 5037 -s 83639429 shell 'settings delete global hidden_api_policy_pre_p_apps;settings delete global hidden_api_policy_p_apps;settings delete global hidden_api_policy''
[debug] &amp#27;[38;5;64m[Logcat]&amp#27;[0m Stopping logcat capture
[debug] &amp#27;[38;5;16m[AppiumDriver@dfb1]&amp#27;[0m Event 'quitSessionFinished' logged at 1741656650805 (08:30:50 GMT+0700 (Indochina Time))
[debug] &amp#27;[38;5;16m[AppiumDriver@dfb1]&amp#27;[0m Received response: null
[debug] &amp#27;[38;5;16m[AppiumDriver@dfb1]&amp#27;[0m But deleting session, so not returning
[debug] &amp#27;[38;5;16m[AppiumDriver@dfb1]&amp#27;[0m Responding to client with driver.deleteSession() result: null
&amp#27;[38;5;0m[HTTP]&amp#27;[0m &amp#27;[37m<-- DELETE /session/bbc92ba8-adbe-420a-aba2-e3598bd99daa &amp#27;[39m&amp#27;[32m200&amp#27;[39m &amp#27;[90m625 ms - 14&amp#27;[39m
&amp#27;[38;5;0m[HTTP]&amp#27;[0m &amp#27;[90m&amp#27;[39m
&amp#27;[38;5;0m[HTTP]&amp#27;[0m &amp#27;[37m-->&amp#27;[39m &amp#27;[37mGET&amp#27;[39m &amp#27;[37m/status&amp#27;[39m
&amp#27;[38;5;0m[HTTP]&amp#27;[0m &amp#27;[90m{}&amp#27;[39m
[debug] &amp#27;[38;5;16m[AppiumDriver@dfb1]&amp#27;[0m Calling AppiumDriver.getStatus() with args: []
[debug] &amp#27;[38;5;16m[AppiumDriver@dfb1]&amp#27;[0m Responding to client with driver.getStatus() result: {"build":{"version":"2.0.1","git-sha":"0872803c4f7fdc32137e96f0cd86c5e3cee35677","built":"2024-12-02 15:23:18 +0700"}}
&amp#27;[38;5;0m[HTTP]&amp#27;[0m &amp#27;[37m<-- GET /status &amp#27;[39m&amp#27;[32m200&amp#27;[39m &amp#27;[90m1 ms - 128&amp#27;[39m
&amp#27;[38;5;0m[HTTP]&amp#27;[0m &amp#27;[90m&amp#27;[39m
[debug] &amp#27;[38;5;0m[HTTP]&amp#27;[0m Request idempotency key: f816f8a2-7af7-425f-a8c2-ff1ba6c191c8
&amp#27;[38;5;0m[HTTP]&amp#27;[0m &amp#27;[37m-->&amp#27;[39m &amp#27;[37mPOST&amp#27;[39m &amp#27;[37m/session&amp#27;[39m
&amp#27;[38;5;0m[HTTP]&amp#27;[0m &amp#27;[90m{"capabilities":{"firstMatch":[{"appium:noReset":false,"appium:autoGrantPermissions":true,"appium:ignoreHiddenApiPolicyError":true,"appium:appActivity":"com.shopee.app.ui.home.HomeActivity_","appium:deviceName":"OPPO Reno4","platformName":"ANDROID","appium:automationName":"UiAutomator2","appium:appPackage":"com.shopee.vn"}]}}&amp#27;[39m
[debug] &amp#27;[38;5;16m[AppiumDriver@dfb1]&amp#27;[0m Calling AppiumDriver.createSession() with args: [null,null,{"firstMatch":[{"appium:noReset":false,"appium:autoGrantPermissions":true,"appium:ignoreHiddenApiPolicyError":true,"appium:appActivity":"com.shopee.app.ui.home.HomeActivity_","appium:deviceName":"OPPO Reno4","platformName":"ANDROID","appium:automationName":"UiAutomator2","appium:appPackage":"com.shopee.vn"}]}]
[debug] &amp#27;[38;5;16m[AppiumDriver@dfb1]&amp#27;[0m Event 'newSessionRequested' logged at 1741656650830 (08:30:50 GMT+0700 (Indochina Time))
&amp#27;[35m[Appium]&amp#27;[39m Attempting to find matching driver for automationName 'UiAutomator2' and platformName 'ANDROID'
&amp#27;[35m[Appium]&amp#27;[39m The 'uiautomator2' driver was installed and matched caps.
&amp#27;[35m[Appium]&amp#27;[39m Will require it at C:\Users\ASUS\.appium\node_modules\appium-uiautomator2-driver
[debug] &amp#27;[35m[Appium]&amp#27;[39m Requiring driver at C:\Users\ASUS\.appium\node_modules\appium-uiautomator2-driver
&amp#27;[38;5;16m[AppiumDriver@dfb1]&amp#27;[0m Appium v2.0.1 creating new AndroidUiautomator2Driver (v3.8.1) session
&amp#27;[38;5;16m[AppiumDriver@dfb1]&amp#27;[0m Checking BaseDriver versions for Appium and AndroidUiautomator2Driver
&amp#27;[38;5;16m[AppiumDriver@dfb1]&amp#27;[0m Appium's BaseDriver version is 9.6.0
&amp#27;[38;5;16m[AppiumDriver@dfb1]&amp#27;[0m AndroidUiautomator2Driver's BaseDriver version is 9.6.0
[debug] &amp#27;[38;5;32m[AndroidUiautomator2Driver@bf5e]&amp#27;[0m Creating session with W3C capabilities: {
[debug] &amp#27;[38;5;32m[AndroidUiautomator2Driver@bf5e]&amp#27;[0m   "alwaysMatch": {
[debug] &amp#27;[38;5;32m[AndroidUiautomator2Driver@bf5e]&amp#27;[0m     "platformName": "ANDROID",
[debug] &amp#27;[38;5;32m[AndroidUiautomator2Driver@bf5e]&amp#27;[0m     "appium:noReset": false,
[debug] &amp#27;[38;5;32m[AndroidUiautomator2Driver@bf5e]&amp#27;[0m     "appium:autoGrantPermissions": true,
[debug] &amp#27;[38;5;32m[AndroidUiautomator2Driver@bf5e]&amp#27;[0m     "appium:ignoreHiddenApiPolicyError": true,
[debug] &amp#27;[38;5;32m[AndroidUiautomator2Driver@bf5e]&amp#27;[0m     "appium:appActivity": "com.shopee.app.ui.home.HomeActivity_",
[debug] &amp#27;[38;5;32m[AndroidUiautomator2Driver@bf5e]&amp#27;[0m     "appium:deviceName": "OPPO Reno4",
[debug] &amp#27;[38;5;32m[AndroidUiautomator2Driver@bf5e]&amp#27;[0m     "appium:automationName": "UiAutomator2",
[debug] &amp#27;[38;5;32m[AndroidUiautomator2Driver@bf5e]&amp#27;[0m     "appium:appPackage": "com.shopee.vn"
[debug] &amp#27;[38;5;32m[AndroidUiautomator2Driver@bf5e]&amp#27;[0m   },
[debug] &amp#27;[38;5;32m[AndroidUiautomator2Driver@bf5e]&amp#27;[0m   "firstMatch": [
[debug] &amp#27;[38;5;32m[AndroidUiautomator2Driver@bf5e]&amp#27;[0m     {}
[debug] &amp#27;[38;5;32m[AndroidUiautomator2Driver@bf5e]&amp#27;[0m   ]
[debug] &amp#27;[38;5;32m[AndroidUiautomator2Driver@bf5e]&amp#27;[0m }
&amp#27;[38;5;32m[AndroidUiautomator2Driver@bf5e (a7c930e3)]&amp#27;[0m Session created with session id: a7c930e3-f715-4da0-9084-cae6d30d0283
&amp#27;[38;5;48m[ADB]&amp#27;[0m Using 'adb.exe' from 'C:\Users\ASUS\AppData\Local\Android\Sdk\platform-tools\adb.exe'
[debug] &amp#27;[38;5;48m[ADB]&amp#27;[0m Running 'C:\Users\ASUS\AppData\Local\Android\Sdk\platform-tools\adb.exe -P 5037 start-server'
&amp#27;[38;5;32m[AndroidUiautomator2Driver@bf5e (a7c930e3)]&amp#27;[0m Retrieving device list
[debug] &amp#27;[38;5;48m[ADB]&amp#27;[0m Trying to find connected Android devices
[debug] &amp#27;[38;5;48m[ADB]&amp#27;[0m Getting connected devices
[debug] &amp#27;[38;5;48m[ADB]&amp#27;[0m Connected devices: [{"udid":"83639429","state":"device"}]
&amp#27;[38;5;32m[AndroidUiautomator2Driver@bf5e (a7c930e3)]&amp#27;[0m Using device: 83639429
&amp#27;[38;5;48m[ADB]&amp#27;[0m Using 'adb.exe' from 'C:\Users\ASUS\AppData\Local\Android\Sdk\platform-tools\adb.exe'
[debug] &amp#27;[38;5;48m[ADB]&amp#27;[0m Running 'C:\Users\ASUS\AppData\Local\Android\Sdk\platform-tools\adb.exe -P 5037 start-server'
[debug] &amp#27;[38;5;48m[ADB]&amp#27;[0m Setting device id to 83639429
&amp#27;[38;5;32m[AndroidUiautomator2Driver@bf5e (a7c930e3)]&amp#27;[0m Starting 'com.shopee.vn' directly on the device
[debug] &amp#27;[38;5;48m[ADB]&amp#27;[0m Running 'C:\Users\ASUS\AppData\Local\Android\Sdk\platform-tools\adb.exe -P 5037 -s 83639429 shell getprop ro.build.version.sdk'
[debug] &amp#27;[38;5;48m[ADB]&amp#27;[0m Current device property 'ro.build.version.sdk': 31
&amp#27;[38;5;48m[ADB]&amp#27;[0m Getting device platform version
[debug] &amp#27;[38;5;48m[ADB]&amp#27;[0m Running 'C:\Users\ASUS\AppData\Local\Android\Sdk\platform-tools\adb.exe -P 5037 -s 83639429 shell getprop ro.build.version.release'
[debug] &amp#27;[38;5;48m[ADB]&amp#27;[0m Current device property 'ro.build.version.release': 12
[debug] &amp#27;[38;5;48m[ADB]&amp#27;[0m Device API level: 31
&amp#27;[38;5;32m[AndroidUiautomator2Driver@bf5e (a7c930e3)]&amp#27;[0m Relaxing hidden api policy
[debug] &amp#27;[38;5;48m[ADB]&amp#27;[0m Running 'C:\Users\ASUS\AppData\Local\Android\Sdk\platform-tools\adb.exe -P 5037 -s 83639429 shell 'settings put global hidden_api_policy_pre_p_apps 1;settings put global hidden_api_policy_p_apps 1;settings put global hidden_api_policy 1''
[debug] &amp#27;[38;5;32m[AndroidUiautomator2Driver@bf5e (a7c930e3)]&amp#27;[0m Pushing settings apk to the device...
[debug] &amp#27;[38;5;48m[ADB]&amp#27;[0m Getting package info for 'io.appium.settings'
[debug] &amp#27;[38;5;48m[ADB]&amp#27;[0m Running 'C:\Users\ASUS\AppData\Local\Android\Sdk\platform-tools\adb.exe -P 5037 -s 83639429 shell dumpsys package io.appium.settings'
&amp#27;[38;5;48m[ADB]&amp#27;[0m Using 'aapt2.exe' from 'C:\Users\ASUS\AppData\Local\Android\Sdk\build-tools\35.0.0-rc3\aapt2.exe'
[debug] &amp#27;[38;5;48m[ADB]&amp#27;[0m Reading package manifest: 'C:\\Users\\ASUS\\AppData\\Local\\Android\\Sdk\\build-tools\\35.0.0-rc3\\aapt2.exe dump badging C:\\Users\\ASUS\\.appium\\node_modules\\appium-uiautomator2-driver\\node_modules\\io.appium.settings\\apks\\settings_apk-debug.apk'
[debug] &amp#27;[38;5;48m[ADB]&amp#27;[0m The version name of the installed 'io.appium.settings' is greater or equal to the application version name ('5.12.22' >= '5.12.22')
[debug] &amp#27;[38;5;48m[ADB]&amp#27;[0m There is no need to install/upgrade 'C:\Users\ASUS\.appium\node_modules\appium-uiautomator2-driver\node_modules\io.appium.settings\apks\settings_apk-debug.apk'
[debug] &amp#27;[38;5;48m[ADB]&amp#27;[0m Running 'C:\Users\ASUS\AppData\Local\Android\Sdk\platform-tools\adb.exe -P 5037 -s 83639429 shell dumpsys activity services io.appium.settings'
[debug] &amp#27;[38;5;32m[AndroidUiautomator2Driver@bf5e (a7c930e3)]&amp#27;[0m io.appium.settings is already running. There is no need to reset its permissions.
[debug] &amp#27;[38;5;64m[Logcat]&amp#27;[0m Starting logs capture with command: C:\\Users\\ASUS\\AppData\\Local\\Android\\Sdk\\platform-tools\\adb.exe -P 5037 -s 83639429 logcat -v threadtime
[debug] &amp#27;[38;5;48m[ADB]&amp#27;[0m Running 'C:\Users\ASUS\AppData\Local\Android\Sdk\platform-tools\adb.exe -P 5037 -s 83639429 shell appops set io.appium.settings android:mock_location allow'
[debug] &amp#27;[38;5;48m[ADB]&amp#27;[0m Running 'C:\Users\ASUS\AppData\Local\Android\Sdk\platform-tools\adb.exe -P 5037 -s 83639429 shell "[ -e '/data/local/tmp/mock_apps.json' ] && echo __PASS__"'
[debug] &amp#27;[38;5;48m[ADB]&amp#27;[0m Running 'C:\Users\ASUS\AppData\Local\Android\Sdk\platform-tools\adb.exe -P 5037 -s 83639429 shell cat /data/local/tmp/mock_apps.json'
[debug] &amp#27;[38;5;32m[AndroidUiautomator2Driver@bf5e (a7c930e3)]&amp#27;[0m Forwarding UiAutomator2 Server port 6790 to local port 8200
[debug] &amp#27;[38;5;48m[ADB]&amp#27;[0m Forwarding system: 8200 to device: 6790
[debug] &amp#27;[38;5;48m[ADB]&amp#27;[0m Running 'C:\Users\ASUS\AppData\Local\Android\Sdk\platform-tools\adb.exe -P 5037 -s 83639429 forward tcp:8200 tcp:6790'
[debug] &amp#27;[38;5;48m[ADB]&amp#27;[0m Getting package info for 'io.appium.uiautomator2.server'
[debug] &amp#27;[38;5;48m[ADB]&amp#27;[0m Running 'C:\Users\ASUS\AppData\Local\Android\Sdk\platform-tools\adb.exe -P 5037 -s 83639429 shell dumpsys package io.appium.uiautomator2.server'
[debug] &amp#27;[38;5;48m[ADB]&amp#27;[0m Getting install status for io.appium.uiautomator2.server.test
[debug] &amp#27;[38;5;32m[AndroidUiautomator2Driver@bf5e (a7c930e3)]&amp#27;[0m No app capability. Assuming it is already on the device
[debug] &amp#27;[38;5;48m[ADB]&amp#27;[0m Getting install status for com.shopee.vn
[debug] &amp#27;[38;5;48m[ADB]&amp#27;[0m Running 'C:\Users\ASUS\AppData\Local\Android\Sdk\platform-tools\adb.exe -P 5037 -s 83639429 shell cmd package list packages'
[debug] &amp#27;[38;5;48m[ADB]&amp#27;[0m Running 'C:\Users\ASUS\AppData\Local\Android\Sdk\platform-tools\adb.exe -P 5037 -s 83639429 shell cmd package list packages'
[debug] &amp#27;[38;5;48m[ADB]&amp#27;[0m Reading package manifest: 'C:\\Users\\ASUS\\AppData\\Local\\Android\\Sdk\\build-tools\\35.0.0-rc3\\aapt2.exe dump badging C:\\Users\\ASUS\\.appium\\node_modules\\appium-uiautomator2-driver\\node_modules\\appium-uiautomator2-server\\apks\\appium-uiautomator2-server-v7.2.3.apk'
[debug] &amp#27;[38;5;48m[ADB]&amp#27;[0m 'com.shopee.vn' is installed
[debug] &amp#27;[38;5;48m[ADB]&amp#27;[0m 'io.appium.uiautomator2.server.test' is installed
[debug] &amp#27;[38;5;48m[ADB]&amp#27;[0m Running 'C:\Users\ASUS\AppData\Local\Android\Sdk\platform-tools\adb.exe -P 5037 -s 83639429 shell am force-stop com.shopee.vn'
[debug] &amp#27;[38;5;48m[ADB]&amp#27;[0m The version name of the installed 'io.appium.uiautomator2.server' is greater or equal to the application version name ('7.2.3' >= '7.2.3')
[debug] &amp#27;[38;5;32m[AndroidUiautomator2Driver@bf5e (a7c930e3)]&amp#27;[0m Server packages status: [{"installState":"sameVersionInstalled","appPath":"C:\\Users\\ASUS\\.appium\\node_modules\\appium-uiautomator2-driver\\node_modules\\appium-uiautomator2-server\\apks\\appium-uiautomator2-server-v7.2.3.apk","appId":"io.appium.uiautomator2.server"},{"installState":"sameVersionInstalled","appPath":"C:\\Users\\ASUS\\.appium\\node_modules\\appium-uiautomator2-driver\\node_modules\\appium-uiautomator2-server\\apks\\appium-uiautomator2-server-debug-androidTest.apk","appId":"io.appium.uiautomator2.server.test"}]
&amp#27;[38;5;32m[AndroidUiautomator2Driver@bf5e (a7c930e3)]&amp#27;[0m Server packages are not going to be (re)installed
[debug] &amp#27;[38;5;32m[AndroidUiautomator2Driver@bf5e (a7c930e3)]&amp#27;[0m Waiting up to 30000ms for services to be available
[debug] &amp#27;[38;5;48m[ADB]&amp#27;[0m Running 'C:\Users\ASUS\AppData\Local\Android\Sdk\platform-tools\adb.exe -P 5037 -s 83639429 shell pm list instrumentation'
[debug] &amp#27;[38;5;48m[ADB]&amp#27;[0m Running 'C:\Users\ASUS\AppData\Local\Android\Sdk\platform-tools\adb.exe -P 5037 -s 83639429 shell pm clear com.shopee.vn'
[debug] &amp#27;[38;5;32m[AndroidUiautomator2Driver@bf5e (a7c930e3)]&amp#27;[0m Instrumentation target 'io.appium.uiautomator2.server.test/androidx.test.runner.AndroidJUnitRunner' is available
&amp#27;[38;5;48m[ADB]&amp#27;[0m Adding packages ["io.appium.settings","io.appium.uiautomator2.server","io.appium.uiautomator2.server.test"] to Doze whitelist
[debug] &amp#27;[38;5;48m[ADB]&amp#27;[0m Got the following command chunks to execute: [["dumpsys","deviceidle","whitelist","+io.appium.settings",";","dumpsys","deviceidle","whitelist","+io.appium.uiautomator2.server",";","dumpsys","deviceidle","whitelist","+io.appium.uiautomator2.server.test",";"]]
[debug] &amp#27;[38;5;48m[ADB]&amp#27;[0m Running 'C:\Users\ASUS\AppData\Local\Android\Sdk\platform-tools\adb.exe -P 5037 -s 83639429 shell dumpsys deviceidle whitelist +io.appium.settings ; dumpsys deviceidle whitelist +io.appium.uiautomator2.server ; dumpsys deviceidle whitelist +io.appium.uiautomator2.server.test ;'
[debug] &amp#27;[38;5;48m[ADB]&amp#27;[0m Running 'C:\Users\ASUS\AppData\Local\Android\Sdk\platform-tools\adb.exe -P 5037 -s 83639429 shell dumpsys package com.shopee.vn'
[debug] &amp#27;[38;5;48m[ADB]&amp#27;[0m Retrieving requested permissions
[debug] &amp#27;[38;5;48m[ADB]&amp#27;[0m Retrieved 105 permissions from requested group
[debug] &amp#27;[38;5;48m[ADB]&amp#27;[0m Retrieving granted permissions
[debug] &amp#27;[38;5;48m[ADB]&amp#27;[0m Retrieved 23 permissions from install,runtime groups
[debug] &amp#27;[38;5;48m[ADB]&amp#27;[0m Granting permissions ["android.permission.ACCESS_BACKGROUND_LOCATION","android.permission.CAMERA","android.permission.READ_MEDIA_IMAGES","android.permission.READ_MEDIA_AUDIO","android.permission.READ_MEDIA_VIDEO","android.permission.READ_EXTERNAL_STORAGE","android.permission.WRITE_EXTERNAL_STORAGE","android.permission.ACCESS_FINE_LOCATION","android.permission.ACCESS_COARSE_LOCATION","android.permission.RECORD_AUDIO","android.permission.READ_CONTACTS","android.permission.BLUETOOTH_CONNECT","android.permission.POST_NOTIFICATIONS","android.permission.READ_MEDIA_VISUAL_USER_SELECTED","android.permission.SYSTEM_OVERLAY_WINDOW","android.permission.FOREGROUND_SERVICE_MICROPHONE","android.permission.FOREGROUND_SERVICE_PHONE_CALL","android.permission.INSTALL_SHORTCUT","android.permission.FOREGROUND_SERVICE_DATA_SYNC","android.launcher.permission.CHANGE_BADGE","android.launcher.permission.READ_SETTINGS","android.launcher.permission.WRITE_SETTINGS","android.permission.WRITE_CALENDAR","android.permission.READ_CALENDAR","android.permission.READ_CALENDAR","android.permission.ACCESS_FINE_LOCATION","android.permission.BLUETOOTH_CONNECT","android.permission.READ_EXTERNAL_STORAGE","android.permission.ACCESS_COARSE_LOCATION","android.permission.CAMERA","android.permission.WRITE_CALENDAR","android.permission.WRITE_EXTERNAL_STORAGE","android.permission.RECORD_AUDIO","android.permission.READ_CONTACTS","android.permission.ACCESS_BACKGROUND_LOCATION","android.permission.READ_CALENDAR","android.permission.ACCESS_FINE_LOCATION","android.permission.BLUETOOTH_CONNECT","android.permission.READ_EXTERNAL_STORAGE","android.permission.ACCESS_COARSE_LOCATION","android.permission.CAMERA","android.permission.WRITE_CALENDAR","android.permission.WRITE_EXTERNAL_STORAGE","android.permission.RECORD_AUDIO","android.permission.READ_CONTACTS","android.permission.ACCESS_BACKGROUND_LOCATION","android.permission.READ_CALENDAR","android.permission.ACCESS_FINE_LOCATION","android.permission.BLUETOOTH_CONNECT","android.permission.READ_EXTERNAL_STORAGE","android.permission.ACCESS_COARSE_LOCATION","android.permission.CAMERA","android.permission.WRITE_CALENDAR","android.permission.WRITE_EXTERNAL_STORAGE","android.permission.RECORD_AUDIO","android.permission.READ_CONTACTS","android.permission.ACCESS_BACKGROUND_LOCATION"] to 'com.shopee.vn'
[debug] &amp#27;[38;5;48m[ADB]&amp#27;[0m Got the following command chunks to execute: [["pm","grant","com.shopee.vn","android.permission.ACCESS_BACKGROUND_LOCATION",";","pm","grant","com.shopee.vn","android.permission.CAMERA",";","pm","grant","com.shopee.vn","android.permission.READ_MEDIA_IMAGES",";","pm","grant","com.shopee.vn","android.permission.READ_MEDIA_AUDIO",";","pm","grant","com.shopee.vn","android.permission.READ_MEDIA_VIDEO",";","pm","grant","com.shopee.vn","android.permission.READ_EXTERNAL_STORAGE",";","pm","grant","com.shopee.vn","android.permission.WRITE_EXTERNAL_STORAGE",";","pm","grant","com.shopee.vn","android.permission.ACCESS_FINE_LOCATION",";","pm","grant","com.shopee.vn","android.permission.ACCESS_COARSE_LOCATION",";","pm","grant","com.shopee.vn","android.permission.RECORD_AUDIO",";","pm","grant","com.shopee.vn","android.permission.READ_CONTACTS",";","pm","grant","com.shopee.vn","android.permission.BLUETOOTH_CONNECT",";","pm","grant","com.shopee.vn","android.permission.POST_NOTIFICATIONS",";","pm","grant","com.shopee.vn","android.permission.READ_MEDIA_VISUAL_USER_SELECTED",";","pm","grant","com.shopee.vn","android.permission.SYSTEM_OVERLAY_WINDOW",";"],["pm","grant","com.shopee.vn","android.permission.FOREGROUND_SERVICE_MICROPHONE",";","pm","grant","com.shopee.vn","android.permission.FOREGROUND_SERVICE_PHONE_CALL",";","pm","grant","com.shopee.vn","android.permission.INSTALL_SHORTCUT",";","pm","grant","com.shopee.vn","android.permission.FOREGROUND_SERVICE_DATA_SYNC",";","pm","grant","com.shopee.vn","android.launcher.permission.CHANGE_BADGE",";","pm","grant","com.shopee.vn","android.launcher.permission.READ_SETTINGS",";","pm","grant","com.shopee.vn","android.launcher.permission.WRITE_SETTINGS",";","pm","grant","com.shopee.vn","android.permission.WRITE_CALENDAR",";","pm","grant","com.shopee.vn","android.permission.READ_CALENDAR",";","pm","grant","com.shopee.vn","android.permission.READ_CALENDAR",";","pm","grant","com.shopee.vn","android.permission.ACCESS_FINE_LOCATION",";","pm","grant","com.shopee.vn","android.permission.BLUETOOTH_CONNECT",";","pm","grant","com.shopee.vn","android.permission.READ_EXTERNAL_STORAGE",";","pm","grant","com.shopee.vn","android.permission.ACCESS_COARSE_LOCATION",";","pm","grant","com.shopee.vn","android.permission.CAMERA",";"],["pm","grant","com.shopee.vn","android.permission.WRITE_CALENDAR",";","pm","grant","com.shopee.vn","android.permission.WRITE_EXTERNAL_STORAGE",";","pm","grant","com.shopee.vn","android.permission.RECORD_AUDIO",";","pm","grant","com.shopee.vn","android.permission.READ_CONTACTS",";","pm","grant","com.shopee.vn","android.permission.ACCESS_BACKGROUND_LOCATION",";","pm","grant","com.shopee.vn","android.permission.READ_CALENDAR",";","pm","grant","com.shopee.vn","android.permission.ACCESS_FINE_LOCATION",";","pm","grant","com.shopee.vn","android.permission.BLUETOOTH_CONNECT",";","pm","grant","com.shopee.vn","android.permission.READ_EXTERNAL_STORAGE",";","pm","grant","com.shopee.vn","android.permission.ACCESS_COARSE_LOCATION",";","pm","grant","com.shopee.vn","android.permission.CAMERA",";","pm","grant","com.shopee.vn","android.permission.WRITE_CALENDAR",";","pm","grant","com.shopee.vn","android.permission.WRITE_EXTERNAL_STORAGE",";","pm","grant","com.shopee.vn","android.permission.RECORD_AUDIO",";","pm","grant","com.shopee.vn","android.permission.READ_CONTACTS",";","pm","grant","com.shopee.vn","android.permission.ACCESS_BACKGROUND_LOCATION",";"],["pm","grant","com.shopee.vn","android.permission.READ_CALENDAR",";","pm","grant","com.shopee.vn","android.permission.ACCESS_FINE_LOCATION",";","pm","grant","com.shopee.vn","android.permission.BLUETOOTH_CONNECT",";","pm","grant","com.shopee.vn","android.permission.READ_EXTERNAL_STORAGE",";","pm","grant","com.shopee.vn","android.permission.ACCESS_COARSE_LOCATION",";","pm","grant","com.shopee.vn","android.permission.CAMERA",";","pm","grant","com.shopee.vn","android.permission.WRITE_CALENDAR",";","pm","grant","com.shopee.vn","android.permission.WRITE_EXTERNAL_STORAGE",";","pm","grant","com.shopee.vn","android.permission.RECORD_AUDIO",";","pm","grant","com.shopee.vn","android.permission.READ_CONTACTS",";","pm","grant","com.shopee.vn","android.permission.ACCESS_BACKGROUND_LOCATION",";"]]
[debug] &amp#27;[38;5;48m[ADB]&amp#27;[0m Running 'C:\Users\ASUS\AppData\Local\Android\Sdk\platform-tools\adb.exe -P 5037 -s 83639429 shell pm grant com.shopee.vn android.permission.ACCESS_BACKGROUND_LOCATION ; pm grant com.shopee.vn android.permission.CAMERA ; pm grant com.shopee.vn android.permission.READ_MEDIA_IMAGES ; pm grant com.shopee.vn android.permission.READ_MEDIA_AUDIO ; pm grant com.shopee.vn android.permission.READ_MEDIA_VIDEO ; pm grant com.shopee.vn android.permission.READ_EXTERNAL_STORAGE ; pm grant com.shopee.vn android.permission.WRITE_EXTERNAL_STORAGE ; pm grant com.shopee.vn android.permission.ACCESS_FINE_LOCATION ; pm grant com.shopee.vn android.permission.ACCESS_COARSE_LOCATION ; pm grant com.shopee.vn android.permission.RECORD_AUDIO ; pm grant com.shopee.vn android.permission.READ_CONTACTS ; pm grant com.shopee.vn android.permission.BLUETOOTH_CONNECT ; pm grant com.shopee.vn android.permission.POST_NOTIFICATIONS ; pm grant com.shopee.vn android.permission.READ_MEDIA_VISUAL_USER_SELECTED ; pm grant com.shopee.vn android.permission.SYSTEM_OVERLAY_WINDOW ;'
WARN Appium Appium encountered 1 warning while validating drivers found in manifest C:\Users\ASUS\.appium\node_modules\.cache\appium\extensions.yaml
WARN Appium Driver "uiautomator2" has 1 potential problem: 
WARN Appium   - Driver "uiautomator2" (package `appium-uiautomator2-driver`) may be incompatible with the current version of Appium (v2.0.1) due to its peer dependency on older Appium v^2.4.1. Please upgrade `appium-uiautomator2-driver` to v3.10.0 or newer.
[debug] &amp#27;[38;5;48m[ADB]&amp#27;[0m Running 'C:\Users\ASUS\AppData\Local\Android\Sdk\platform-tools\adb.exe -P 5037 -s 83639429 shell pm grant com.shopee.vn android.permission.FOREGROUND_SERVICE_MICROPHONE ; pm grant com.shopee.vn android.permission.FOREGROUND_SERVICE_PHONE_CALL ; pm grant com.shopee.vn android.permission.INSTALL_SHORTCUT ; pm grant com.shopee.vn android.permission.FOREGROUND_SERVICE_DATA_SYNC ; pm grant com.shopee.vn android.launcher.permission.CHANGE_BADGE ; pm grant com.shopee.vn android.launcher.permission.READ_SETTINGS ; pm grant com.shopee.vn android.launcher.permission.WRITE_SETTINGS ; pm grant com.shopee.vn android.permission.WRITE_CALENDAR ; pm grant com.shopee.vn android.permission.READ_CALENDAR ; pm grant com.shopee.vn android.permission.READ_CALENDAR ; pm grant com.shopee.vn android.permission.ACCESS_FINE_LOCATION ; pm grant com.shopee.vn android.permission.BLUETOOTH_CONNECT ; pm grant com.shopee.vn android.permission.READ_EXTERNAL_STORAGE ; pm grant com.shopee.vn android.permission.ACCESS_COARSE_LOCATION ; pm grant com.shopee.vn android.permission.CAMERA ;'
&amp#27;[35m[Appium]&amp#27;[39m Welcome to Appium v2.0.1 (REV 0872803c4f7fdc32137e96f0cd86c5e3cee35677)
&amp#27;[35m[Appium]&amp#27;[39m Non-default server args:
&amp#27;[35m[Appium]&amp#27;[39m { address: &amp#27;[32m'127.0.0.1'&amp#27;[39m }
&amp#27;[35m[Appium]&amp#27;[39m Attempting to load driver uiautomator2...
[debug] &amp#27;[35m[Appium]&amp#27;[39m Requiring driver at C:\Users\ASUS\.appium\node_modules\appium-uiautomator2-driver
[debug] &amp#27;[38;5;48m[ADB]&amp#27;[0m Running 'C:\Users\ASUS\AppData\Local\Android\Sdk\platform-tools\adb.exe -P 5037 -s 83639429 shell pm grant com.shopee.vn android.permission.WRITE_CALENDAR ; pm grant com.shopee.vn android.permission.WRITE_EXTERNAL_STORAGE ; pm grant com.shopee.vn android.permission.RECORD_AUDIO ; pm grant com.shopee.vn android.permission.READ_CONTACTS ; pm grant com.shopee.vn android.permission.ACCESS_BACKGROUND_LOCATION ; pm grant com.shopee.vn android.permission.READ_CALENDAR ; pm grant com.shopee.vn android.permission.ACCESS_FINE_LOCATION ; pm grant com.shopee.vn android.permission.BLUETOOTH_CONNECT ; pm grant com.shopee.vn android.permission.READ_EXTERNAL_STORAGE ; pm grant com.shopee.vn android.permission.ACCESS_COARSE_LOCATION ; pm grant com.shopee.vn android.permission.CAMERA ; pm grant com.shopee.vn android.permission.WRITE_CALENDAR ; pm grant com.shopee.vn android.permission.WRITE_EXTERNAL_STORAGE ; pm grant com.shopee.vn android.permission.RECORD_AUDIO ; pm grant com.shopee.vn android.permission.READ_CONTACTS ; pm grant com.shopee.vn android.permission.ACCESS_BACKGROUND_LOCATION ;'
&amp#27;[38;5;0m[HTTP]&amp#27;[0m Could not start REST http interface listener. The requested port may already be in use. Please make sure there is no other instance of this server running already.
&amp#27;[35m[Appium]&amp#27;[39m Could not configure Appium server. It's possible that a driver or plugin tried to update the server and failed. Original error: listen EADDRINUSE: address already in use 127.0.0.1:4723
[debug] &amp#27;[35m[Appium]&amp#27;[39m Error: listen EADDRINUSE: address already in use 127.0.0.1:4723
[debug] &amp#27;[35m[Appium]&amp#27;[39m     at Server.setupListenHandle [as _listen2] (node:net:1872:16)
[debug] &amp#27;[35m[Appium]&amp#27;[39m     at listenInCluster (node:net:1920:12)
[debug] &amp#27;[35m[Appium]&amp#27;[39m     at doListen (node:net:2075:7)
[debug] &amp#27;[35m[Appium]&amp#27;[39m     at processTicksAndRejections (node:internal/process/task_queues:83:21)
[debug] &amp#27;[38;5;48m[ADB]&amp#27;[0m Running 'C:\Users\ASUS\AppData\Local\Android\Sdk\platform-tools\adb.exe -P 5037 -s 83639429 shell pm grant com.shopee.vn android.permission.READ_CALENDAR ; pm grant com.shopee.vn android.permission.ACCESS_FINE_LOCATION ; pm grant com.shopee.vn android.permission.BLUETOOTH_CONNECT ; pm grant com.shopee.vn android.permission.READ_EXTERNAL_STORAGE ; pm grant com.shopee.vn android.permission.ACCESS_COARSE_LOCATION ; pm grant com.shopee.vn android.permission.CAMERA ; pm grant com.shopee.vn android.permission.WRITE_CALENDAR ; pm grant com.shopee.vn android.permission.WRITE_EXTERNAL_STORAGE ; pm grant com.shopee.vn android.permission.RECORD_AUDIO ; pm grant com.shopee.vn android.permission.READ_CONTACTS ; pm grant com.shopee.vn android.permission.ACCESS_BACKGROUND_LOCATION ;'
[debug] &amp#27;[38;5;32m[AndroidUiautomator2Driver@bf5e (a7c930e3)]&amp#27;[0m Performed fast reset on the installed 'com.shopee.vn' application (stop and clear)
[debug] &amp#27;[38;5;32m[AndroidUiautomator2Driver@bf5e (a7c930e3)]&amp#27;[0m Performing shallow cleanup of automation leftovers
[debug] &amp#27;[38;5;32m[AndroidUiautomator2Driver@bf5e (a7c930e3)]&amp#27;[0m No obsolete sessions have been detected (socket hang up)
[debug] &amp#27;[38;5;48m[ADB]&amp#27;[0m Running 'C:\Users\ASUS\AppData\Local\Android\Sdk\platform-tools\adb.exe -P 5037 -s 83639429 shell am force-stop io.appium.uiautomator2.server'
[debug] &amp#27;[38;5;48m[ADB]&amp#27;[0m Running 'C:\Users\ASUS\AppData\Local\Android\Sdk\platform-tools\adb.exe -P 5037 -s 83639429 shell am force-stop io.appium.uiautomator2.server.test'
&amp#27;[38;5;32m[AndroidUiautomator2Driver@bf5e (a7c930e3)]&amp#27;[0m Starting UIAutomator2 server 7.2.3
&amp#27;[38;5;32m[AndroidUiautomator2Driver@bf5e (a7c930e3)]&amp#27;[0m Using UIAutomator2 server from 'C:\Users\ASUS\.appium\node_modules\appium-uiautomator2-driver\node_modules\appium-uiautomator2-server\apks\appium-uiautomator2-server-v7.2.3.apk' and test from 'C:\Users\ASUS\.appium\node_modules\appium-uiautomator2-driver\node_modules\appium-uiautomator2-server\apks\appium-uiautomator2-server-debug-androidTest.apk'
&amp#27;[38;5;32m[AndroidUiautomator2Driver@bf5e (a7c930e3)]&amp#27;[0m Waiting up to 30000ms for UiAutomator2 to be online...
[debug] &amp#27;[38;5;48m[ADB]&amp#27;[0m Creating ADB subprocess with args: ["-P","5037","-s","83639429","shell","am","instrument","-w","-e","disableAnalytics","true","io.appium.uiautomator2.server.test/androidx.test.runner.AndroidJUnitRunner"]
[debug] &amp#27;[38;5;32m[AndroidUiautomator2Driver@bf5e (a7c930e3)]&amp#27;[0m Matched '/status' to command name 'getStatus'
[debug] &amp#27;[38;5;32m[AndroidUiautomator2Driver@bf5e (a7c930e3)]&amp#27;[0m Proxying [GET /status] to [GET http://127.0.0.1:8200/status] with no body
&amp#27;[38;5;32m[AndroidUiautomator2Driver@bf5e (a7c930e3)]&amp#27;[0m socket hang up
[debug] &amp#27;[38;5;32m[AndroidUiautomator2Driver@bf5e (a7c930e3)]&amp#27;[0m Matched '/status' to command name 'getStatus'
[debug] &amp#27;[38;5;32m[AndroidUiautomator2Driver@bf5e (a7c930e3)]&amp#27;[0m Proxying [GET /status] to [GET http://127.0.0.1:8200/status] with no body
&amp#27;[38;5;32m[AndroidUiautomator2Driver@bf5e (a7c930e3)]&amp#27;[0m socket hang up
[debug] &amp#27;[38;5;32m[AndroidUiautomator2Driver@bf5e (a7c930e3)]&amp#27;[0m [Instrumentation] 
[debug] &amp#27;[38;5;32m[AndroidUiautomator2Driver@bf5e (a7c930e3)]&amp#27;[0m Matched '/status' to command name 'getStatus'
[debug] &amp#27;[38;5;32m[AndroidUiautomator2Driver@bf5e (a7c930e3)]&amp#27;[0m Proxying [GET /status] to [GET http://127.0.0.1:8200/status] with no body
&amp#27;[38;5;32m[AndroidUiautomator2Driver@bf5e (a7c930e3)]&amp#27;[0m socket hang up
[debug] &amp#27;[38;5;32m[AndroidUiautomator2Driver@bf5e (a7c930e3)]&amp#27;[0m Matched '/status' to command name 'getStatus'
[debug] &amp#27;[38;5;32m[AndroidUiautomator2Driver@bf5e (a7c930e3)]&amp#27;[0m Proxying [GET /status] to [GET http://127.0.0.1:8200/status] with no body
[debug] &amp#27;[38;5;32m[AndroidUiautomator2Driver@bf5e (a7c930e3)]&amp#27;[0m Got response with status 200: {"sessionId":"None","value":{"message":"UiAutomator2 Server is ready to accept commands","ready":true}}
[debug] &amp#27;[38;5;32m[AndroidUiautomator2Driver@bf5e (a7c930e3)]&amp#27;[0m The initialization of the instrumentation process took 3137ms
[debug] &amp#27;[38;5;32m[AndroidUiautomator2Driver@bf5e (a7c930e3)]&amp#27;[0m Matched '/session' to command name 'createSession'
[debug] &amp#27;[38;5;32m[AndroidUiautomator2Driver@bf5e (a7c930e3)]&amp#27;[0m Proxying [POST /session] to [POST http://127.0.0.1:8200/session] with body: {"capabilities":{"firstMatch":[{"platformName":"ANDROID","noReset":false,"autoGrantPermissions":true,"ignoreHiddenApiPolicyError":true,"appActivity":"com.shopee.app.ui.home.HomeActivity_","deviceName":"83639429","automationName":"UiAutomator2","appPackage":"com.shopee.vn","platform":"LINUX","webStorageEnabled":false,"takesScreenshot":true,"javascriptEnabled":true,"databaseEnabled":false,"networkConnectionEnabled":true,"locationContextEnabled":false,"warnings":{},"desired":{"platformName":"ANDROID","noReset":false,"autoGrantPermissions":true,"ignoreHiddenApiPolicyError":true,"appActivity":"com.shopee.app.ui.home.HomeActivity_","deviceName":"OPPO Reno4","automationName":"UiAutomator2","appPackage":"com.shopee.vn"},"deviceUDID":"83639429"}],"alwaysMatch":{}}}
[debug] &amp#27;[38;5;32m[AndroidUiautomator2Driver@bf5e (a7c930e3)]&amp#27;[0m Got response with status 200: {"sessionId":"cb79fbe9-6db1-405e-968c-cfcea7b557ce","value":{"capabilities":{"firstMatch":[{"platformName":"ANDROID","noReset":false,"autoGrantPermissions":true,"ignoreHiddenApiPolicyError":true,"appActivity":"com.shopee.app.ui.home.HomeActivity_","deviceName":"83639429","automationName":"UiAutomator2","appPackage":"com.shopee.vn","platform":"LINUX","webStorageEnabled":false,"takesScreenshot":true,"javascriptEnabled":true,"databaseEnabled":false,"networkConnectionEnabled":true,"locationContextEnabled":false,"warnings":{},"desired":{"platformName":"ANDROID","noReset":false,"autoGrantPermissions":true,"ignoreHiddenApiPolicyError":true,"appActivity":"com.shopee.app.ui.home.HomeActivity_","deviceName":"OPPO Reno4","automationName":"UiAutomator2","appPackage":"com.shopee.vn"},"deviceUDID":"83639429"}],"alwaysMatch":{}},"sessionId":"cb79fbe9-6db1-405e-968c-cfcea7b557ce"}}
&amp#27;[38;5;32m[AndroidUiautomator2Driver@bf5e (a7c930e3)]&amp#27;[0m Determined the downstream protocol as 'W3C'
[debug] &amp#27;[38;5;32m[AndroidUiautomator2Driver@bf5e (a7c930e3)]&amp#27;[0m Proxying [GET /appium/device/pixel_ratio] to [GET http://127.0.0.1:8200/session/cb79fbe9-6db1-405e-968c-cfcea7b557ce/appium/device/pixel_ratio] with no body
[debug] &amp#27;[38;5;32m[AndroidUiautomator2Driver@bf5e (a7c930e3)]&amp#27;[0m Matched '/appium/device/system_bars' to command name 'getSystemBars'
[debug] &amp#27;[38;5;32m[AndroidUiautomator2Driver@bf5e (a7c930e3)]&amp#27;[0m Proxying [GET /appium/device/system_bars] to [GET http://127.0.0.1:8200/session/cb79fbe9-6db1-405e-968c-cfcea7b557ce/appium/device/system_bars] with no body
[debug] &amp#27;[38;5;32m[AndroidUiautomator2Driver@bf5e (a7c930e3)]&amp#27;[0m Matched '/window/current/size' to command name 'getWindowSize'
[debug] &amp#27;[38;5;32m[AndroidUiautomator2Driver@bf5e (a7c930e3)]&amp#27;[0m Proxying [GET /window/current/size] to [GET http://127.0.0.1:8200/session/cb79fbe9-6db1-405e-968c-cfcea7b557ce/window/current/size] with no body
[debug] &amp#27;[38;5;32m[AndroidUiautomator2Driver@bf5e (a7c930e3)]&amp#27;[0m Proxying [GET /appium/device/info] to [GET http://127.0.0.1:8200/session/cb79fbe9-6db1-405e-968c-cfcea7b557ce/appium/device/info] with no body
[debug] &amp#27;[38;5;48m[ADB]&amp#27;[0m Running 'C:\Users\ASUS\AppData\Local\Android\Sdk\platform-tools\adb.exe -P 5037 -s 83639429 shell dumpsys window'
[debug] &amp#27;[38;5;48m[ADB]&amp#27;[0m Running 'C:\Users\ASUS\AppData\Local\Android\Sdk\platform-tools\adb.exe -P 5037 -s 83639429 shell dumpsys power'
[debug] &amp#27;[38;5;32m[AndroidUiautomator2Driver@bf5e (a7c930e3)]&amp#27;[0m Got response with status 200: {"sessionId":"cb79fbe9-6db1-405e-968c-cfcea7b557ce","value":3}
[debug] &amp#27;[38;5;32m[AndroidUiautomator2Driver@bf5e (a7c930e3)]&amp#27;[0m Got response with status 200: {"sessionId":"cb79fbe9-6db1-405e-968c-cfcea7b557ce","value":{"height":2400,"width":1080}}
[debug] &amp#27;[38;5;32m[AndroidUiautomator2Driver@bf5e (a7c930e3)]&amp#27;[0m Got response with status 200: {"sessionId":"cb79fbe9-6db1-405e-968c-cfcea7b557ce","value":{"statusBar":111}}
[debug] &amp#27;[38;5;32m[AndroidUiautomator2Driver@bf5e (a7c930e3)]&amp#27;[0m Got response with status 200: {"sessionId":"cb79fbe9-6db1-405e-968c-cfcea7b557ce","value":{"androidId":"9a84d9556c736d65","apiVersion":"31","bluetooth":{"state":"OFF"},"brand":"OPPO","carrierName":"Viettel","displayDensity":480,"locale":"vi_VN","manufacturer":"OPPO","model":"CPH2113","networks":[{"capabilities":{"SSID":null,"linkDownBandwidthKbps":25214,"linkUpstreamBandwidthKbps":1235287,"networkCapabilities":"NET_CAPABILITY_IMS,NET_CAPABILITY_NOT_METERED,NET_CAPABILITY_TRUSTED,NET_CAPABILITY_NOT_VPN,NET_CAPABILITY_VALIDATED,NET_CAPABILITY_NOT_ROAMING,NET_CAPABILITY_FOREGROUND,NET_CAPABILITY_NOT_CONGESTED,NET_CAPABILITY_NOT_SUSPENDED","signalStrength":-2147483648,"transportTypes":"TRANSPORT_CELLULAR"},"detailedState":"CONNECTED","extraInfo":"ims","isAvailable":true,"isConnected":true,"isFailover":false,"isRoaming":false,"state":"CONNECTED","subtype":13,"subtypeName":"LTE","type":0,"typeName":"MOBILE"},{"capabilities":{"SSID":null,"linkDownBandwidthKbps":25214,"linkUpstreamBandwidthKbps":1235287,"networkCapabilities":"NET_CAPABILITY_IM...
&amp#27;[38;5;32m[AndroidUiautomator2Driver@bf5e (a7c930e3)]&amp#27;[0m Screen already unlocked, doing nothing
&amp#27;[38;5;32m[AndroidUiautomator2Driver@bf5e (a7c930e3)]&amp#27;[0m Starting 'com.shopee.vn/com.shopee.app.ui.home.HomeActivity_' and waiting for 'com.shopee.vn/com.shopee.app.ui.home.HomeActivity_'
[debug] &amp#27;[38;5;48m[ADB]&amp#27;[0m Running 'C:\Users\ASUS\AppData\Local\Android\Sdk\platform-tools\adb.exe -P 5037 -s 83639429 shell am start-activity -W -n com.shopee.vn/com.shopee.app.ui.home.HomeActivity_ -S -a android.intent.action.MAIN -c android.intent.category.LAUNCHER -f 0x10200000'
&amp#27;[38;5;16m[AppiumDriver@dfb1]&amp#27;[0m New AndroidUiautomator2Driver session created successfully, session a7c930e3-f715-4da0-9084-cae6d30d0283 added to master session list
[debug] &amp#27;[38;5;16m[AppiumDriver@dfb1]&amp#27;[0m Event 'newSessionStarted' logged at 1741656663710 (08:31:03 GMT+0700 (Indochina Time))
[debug] &amp#27;[38;5;32m[AndroidUiautomator2Driver@bf5e (a7c930e3)]&amp#27;[0m Cached the protocol value 'W3C' for the new session a7c930e3-f715-4da0-9084-cae6d30d0283
[debug] &amp#27;[38;5;32m[AndroidUiautomator2Driver@bf5e (a7c930e3)]&amp#27;[0m Responding to client with driver.createSession() result: {"capabilities":{"platformName":"ANDROID","noReset":false,"autoGrantPermissions":true,"ignoreHiddenApiPolicyError":true,"appActivity":"com.shopee.app.ui.home.HomeActivity_","deviceName":"83639429","automationName":"UiAutomator2","appPackage":"com.shopee.vn","platform":"LINUX","webStorageEnabled":false,"takesScreenshot":true,"javascriptEnabled":true,"databaseEnabled":false,"networkConnectionEnabled":true,"locationContextEnabled":false,"warnings":{},"desired":{"platformName":"ANDROID","noReset":false,"autoGrantPermissions":true,"ignoreHiddenApiPolicyError":true,"appActivity":"com.shopee.app.ui.home.HomeActivity_","deviceName":"OPPO Reno4","automationName":"UiAutomator2","appPackage":"com.shopee.vn"},"deviceUDID":"83639429","pixelRatio":"3","statBarHeight":111,"viewportRect":{"left":0,"top":111,"width":1080,"height":2289},"deviceApiLevel":31,"platformVersion":"12","deviceManufacturer":"OPPO","deviceModel":"CPH2113","deviceScreenSize":"1080x2400","deviceScreenDensity":480}}
&amp#27;[38;5;0m[HTTP]&amp#27;[0m &amp#27;[37m<-- POST /session &amp#27;[39m&amp#27;[32m200&amp#27;[39m &amp#27;[90m12881 ms - 1045&amp#27;[39m
&amp#27;[38;5;0m[HTTP]&amp#27;[0m &amp#27;[90m&amp#27;[39m
&amp#27;[38;5;0m[HTTP]&amp#27;[0m &amp#27;[37m-->&amp#27;[39m &amp#27;[37mPOST&amp#27;[39m &amp#27;[37m/session/a7c930e3-f715-4da0-9084-cae6d30d0283/timeouts&amp#27;[39m
&amp#27;[38;5;0m[HTTP]&amp#27;[0m &amp#27;[90m{"implicit":10000}&amp#27;[39m
[debug] &amp#27;[38;5;32m[AndroidUiautomator2Driver@bf5e (a7c930e3)]&amp#27;[0m Calling AppiumDriver.timeouts() with args: [null,null,null,null,10000,"a7c930e3-f715-4da0-9084-cae6d30d0283"]
[debug] &amp#27;[38;5;32m[AndroidUiautomator2Driver@bf5e (a7c930e3)]&amp#27;[0m W3C timeout argument: {"implicit":10000}}
[debug] &amp#27;[38;5;32m[AndroidUiautomator2Driver@bf5e (a7c930e3)]&amp#27;[0m Set implicit wait to 10000ms
[debug] &amp#27;[38;5;32m[AndroidUiautomator2Driver@bf5e (a7c930e3)]&amp#27;[0m Responding to client with driver.timeouts() result: null
&amp#27;[38;5;0m[HTTP]&amp#27;[0m &amp#27;[37m<-- POST /session/a7c930e3-f715-4da0-9084-cae6d30d0283/timeouts &amp#27;[39m&amp#27;[32m200&amp#27;[39m &amp#27;[90m1 ms - 14&amp#27;[39m
&amp#27;[38;5;0m[HTTP]&amp#27;[0m &amp#27;[90m&amp#27;[39m
&amp#27;[38;5;0m[HTTP]&amp#27;[0m &amp#27;[37m-->&amp#27;[39m &amp#27;[37mGET&amp#27;[39m &amp#27;[37m/session/a7c930e3-f715-4da0-9084-cae6d30d0283/context&amp#27;[39m
&amp#27;[38;5;0m[HTTP]&amp#27;[0m &amp#27;[90m{}&amp#27;[39m
[debug] &amp#27;[38;5;32m[AndroidUiautomator2Driver@bf5e (a7c930e3)]&amp#27;[0m Calling AppiumDriver.getCurrentContext() with args: ["a7c930e3-f715-4da0-9084-cae6d30d0283"]
[debug] &amp#27;[38;5;32m[AndroidUiautomator2Driver@bf5e (a7c930e3)]&amp#27;[0m Responding to client with driver.getCurrentContext() result: "NATIVE_APP"
&amp#27;[38;5;0m[HTTP]&amp#27;[0m &amp#27;[37m<-- GET /session/a7c930e3-f715-4da0-9084-cae6d30d0283/context &amp#27;[39m&amp#27;[32m200&amp#27;[39m &amp#27;[90m1 ms - 22&amp#27;[39m
&amp#27;[38;5;0m[HTTP]&amp#27;[0m &amp#27;[90m&amp#27;[39m
&amp#27;[38;5;0m[HTTP]&amp#27;[0m &amp#27;[37m-->&amp#27;[39m &amp#27;[37mPOST&amp#27;[39m &amp#27;[37m/session/a7c930e3-f715-4da0-9084-cae6d30d0283/element&amp#27;[39m
&amp#27;[38;5;0m[HTTP]&amp#27;[0m &amp#27;[90m{"value":"com.shopee.vn:id/btn","using":"id"}&amp#27;[39m
[debug] &amp#27;[38;5;32m[AndroidUiautomator2Driver@bf5e (a7c930e3)]&amp#27;[0m Calling AppiumDriver.findElement() with args: ["id","com.shopee.vn:id/btn","a7c930e3-f715-4da0-9084-cae6d30d0283"]
[debug] &amp#27;[38;5;32m[AndroidUiautomator2Driver@bf5e (a7c930e3)]&amp#27;[0m Valid locator strategies for this request: xpath, id, class name, accessibility id, css selector, -android uiautomator
[debug] &amp#27;[38;5;32m[AndroidUiautomator2Driver@bf5e (a7c930e3)]&amp#27;[0m Waiting up to 10000 ms for condition
[debug] &amp#27;[38;5;32m[AndroidUiautomator2Driver@bf5e (a7c930e3)]&amp#27;[0m Matched '/element' to command name 'findElement'
[debug] &amp#27;[38;5;32m[AndroidUiautomator2Driver@bf5e (a7c930e3)]&amp#27;[0m Proxying [POST /element] to [POST http://127.0.0.1:8200/session/cb79fbe9-6db1-405e-968c-cfcea7b557ce/element] with body: {"strategy":"id","selector":"com.shopee.vn:id/btn","context":"","multiple":false}
[debug] &amp#27;[38;5;32m[AndroidUiautomator2Driver@bf5e (a7c930e3)]&amp#27;[0m Got response with status 200: {"sessionId":"cb79fbe9-6db1-405e-968c-cfcea7b557ce","value":{"ELEMENT":"00000000-0000-0129-ffff-ffff000000cd","element-6066-11e4-a52e-4f735466cecf":"00000000-0000-0129-ffff-ffff000000cd"}}
[debug] &amp#27;[38;5;32m[AndroidUiautomator2Driver@bf5e (a7c930e3)]&amp#27;[0m Responding to client with driver.findElement() result: {"element-6066-11e4-a52e-4f735466cecf":"00000000-0000-0129-ffff-ffff000000cd","ELEMENT":"00000000-0000-0129-ffff-ffff000000cd"}
&amp#27;[38;5;0m[HTTP]&amp#27;[0m &amp#27;[37m<-- POST /session/a7c930e3-f715-4da0-9084-cae6d30d0283/element &amp#27;[39m&amp#27;[32m200&amp#27;[39m &amp#27;[90m152 ms - 137&amp#27;[39m
&amp#27;[38;5;0m[HTTP]&amp#27;[0m &amp#27;[90m&amp#27;[39m
&amp#27;[38;5;0m[HTTP]&amp#27;[0m &amp#27;[37m-->&amp#27;[39m &amp#27;[37mGET&amp#27;[39m &amp#27;[37m/session/a7c930e3-f715-4da0-9084-cae6d30d0283/element/00000000-0000-0129-ffff-ffff000000cd/displayed&amp#27;[39m
&amp#27;[38;5;0m[HTTP]&amp#27;[0m &amp#27;[90m{}&amp#27;[39m
[debug] &amp#27;[38;5;32m[AndroidUiautomator2Driver@bf5e (a7c930e3)]&amp#27;[0m Calling AppiumDriver.elementDisplayed() with args: ["00000000-0000-0129-ffff-ffff000000cd","a7c930e3-f715-4da0-9084-cae6d30d0283"]
[debug] &amp#27;[38;5;32m[AndroidUiautomator2Driver@bf5e (a7c930e3)]&amp#27;[0m Matched '/element/00000000-0000-0129-ffff-ffff000000cd/attribute/displayed' to command name 'getAttribute'
[debug] &amp#27;[38;5;32m[AndroidUiautomator2Driver@bf5e (a7c930e3)]&amp#27;[0m Proxying [GET /element/00000000-0000-0129-ffff-ffff000000cd/attribute/displayed] to [GET http://127.0.0.1:8200/session/cb79fbe9-6db1-405e-968c-cfcea7b557ce/element/00000000-0000-0129-ffff-ffff000000cd/attribute/displayed] with no body
[debug] &amp#27;[38;5;32m[AndroidUiautomator2Driver@bf5e (a7c930e3)]&amp#27;[0m Got response with status 200: {"sessionId":"cb79fbe9-6db1-405e-968c-cfcea7b557ce","value":"true"}
[debug] &amp#27;[38;5;32m[AndroidUiautomator2Driver@bf5e (a7c930e3)]&amp#27;[0m Responding to client with driver.elementDisplayed() result: true
&amp#27;[38;5;0m[HTTP]&amp#27;[0m &amp#27;[37m<-- GET /session/a7c930e3-f715-4da0-9084-cae6d30d0283/element/00000000-0000-0129-ffff-ffff000000cd/displayed &amp#27;[39m&amp#27;[32m200&amp#27;[39m &amp#27;[90m27 ms - 14&amp#27;[39m
&amp#27;[38;5;0m[HTTP]&amp#27;[0m &amp#27;[90m&amp#27;[39m
&amp#27;[38;5;0m[HTTP]&amp#27;[0m &amp#27;[37m-->&amp#27;[39m &amp#27;[37mGET&amp#27;[39m &amp#27;[37m/session/a7c930e3-f715-4da0-9084-cae6d30d0283/context&amp#27;[39m
&amp#27;[38;5;0m[HTTP]&amp#27;[0m &amp#27;[90m{}&amp#27;[39m
[debug] &amp#27;[38;5;32m[AndroidUiautomator2Driver@bf5e (a7c930e3)]&amp#27;[0m Calling AppiumDriver.getCurrentContext() with args: ["a7c930e3-f715-4da0-9084-cae6d30d0283"]
[debug] &amp#27;[38;5;32m[AndroidUiautomator2Driver@bf5e (a7c930e3)]&amp#27;[0m Responding to client with driver.getCurrentContext() result: "NATIVE_APP"
&amp#27;[38;5;0m[HTTP]&amp#27;[0m &amp#27;[37m<-- GET /session/a7c930e3-f715-4da0-9084-cae6d30d0283/context &amp#27;[39m&amp#27;[32m200&amp#27;[39m &amp#27;[90m1 ms - 22&amp#27;[39m
&amp#27;[38;5;0m[HTTP]&amp#27;[0m &amp#27;[90m&amp#27;[39m
&amp#27;[38;5;0m[HTTP]&amp#27;[0m &amp#27;[37m-->&amp#27;[39m &amp#27;[37mPOST&amp#27;[39m &amp#27;[37m/session/a7c930e3-f715-4da0-9084-cae6d30d0283/element&amp#27;[39m
&amp#27;[38;5;0m[HTTP]&amp#27;[0m &amp#27;[90m{"value":"com.shopee.vn:id/btn","using":"id"}&amp#27;[39m
[debug] &amp#27;[38;5;32m[AndroidUiautomator2Driver@bf5e (a7c930e3)]&amp#27;[0m Calling AppiumDriver.findElement() with args: ["id","com.shopee.vn:id/btn","a7c930e3-f715-4da0-9084-cae6d30d0283"]
[debug] &amp#27;[38;5;32m[AndroidUiautomator2Driver@bf5e (a7c930e3)]&amp#27;[0m Valid locator strategies for this request: xpath, id, class name, accessibility id, css selector, -android uiautomator
[debug] &amp#27;[38;5;32m[AndroidUiautomator2Driver@bf5e (a7c930e3)]&amp#27;[0m Waiting up to 10000 ms for condition
[debug] &amp#27;[38;5;32m[AndroidUiautomator2Driver@bf5e (a7c930e3)]&amp#27;[0m Matched '/element' to command name 'findElement'
[debug] &amp#27;[38;5;32m[AndroidUiautomator2Driver@bf5e (a7c930e3)]&amp#27;[0m Proxying [POST /element] to [POST http://127.0.0.1:8200/session/cb79fbe9-6db1-405e-968c-cfcea7b557ce/element] with body: {"strategy":"id","selector":"com.shopee.vn:id/btn","context":"","multiple":false}
[debug] &amp#27;[38;5;32m[AndroidUiautomator2Driver@bf5e (a7c930e3)]&amp#27;[0m Got response with status 200: {"sessionId":"cb79fbe9-6db1-405e-968c-cfcea7b557ce","value":{"ELEMENT":"00000000-0000-0129-ffff-ffff000000cd","element-6066-11e4-a52e-4f735466cecf":"00000000-0000-0129-ffff-ffff000000cd"}}
[debug] &amp#27;[38;5;32m[AndroidUiautomator2Driver@bf5e (a7c930e3)]&amp#27;[0m Responding to client with driver.findElement() result: {"element-6066-11e4-a52e-4f735466cecf":"00000000-0000-0129-ffff-ffff000000cd","ELEMENT":"00000000-0000-0129-ffff-ffff000000cd"}
&amp#27;[38;5;0m[HTTP]&amp#27;[0m &amp#27;[37m<-- POST /session/a7c930e3-f715-4da0-9084-cae6d30d0283/element &amp#27;[39m&amp#27;[32m200&amp#27;[39m &amp#27;[90m52 ms - 137&amp#27;[39m
&amp#27;[38;5;0m[HTTP]&amp#27;[0m &amp#27;[90m&amp#27;[39m
&amp#27;[38;5;0m[HTTP]&amp#27;[0m &amp#27;[37m-->&amp#27;[39m &amp#27;[37mGET&amp#27;[39m &amp#27;[37m/session/a7c930e3-f715-4da0-9084-cae6d30d0283/element/00000000-0000-0129-ffff-ffff000000cd/enabled&amp#27;[39m
&amp#27;[38;5;0m[HTTP]&amp#27;[0m &amp#27;[90m{}&amp#27;[39m
[debug] &amp#27;[38;5;32m[AndroidUiautomator2Driver@bf5e (a7c930e3)]&amp#27;[0m Calling AppiumDriver.elementEnabled() with args: ["00000000-0000-0129-ffff-ffff000000cd","a7c930e3-f715-4da0-9084-cae6d30d0283"]
[debug] &amp#27;[38;5;32m[AndroidUiautomator2Driver@bf5e (a7c930e3)]&amp#27;[0m Matched '/element/00000000-0000-0129-ffff-ffff000000cd/attribute/enabled' to command name 'getAttribute'
[debug] &amp#27;[38;5;32m[AndroidUiautomator2Driver@bf5e (a7c930e3)]&amp#27;[0m Proxying [GET /element/00000000-0000-0129-ffff-ffff000000cd/attribute/enabled] to [GET http://127.0.0.1:8200/session/cb79fbe9-6db1-405e-968c-cfcea7b557ce/element/00000000-0000-0129-ffff-ffff000000cd/attribute/enabled] with no body
[debug] &amp#27;[38;5;32m[AndroidUiautomator2Driver@bf5e (a7c930e3)]&amp#27;[0m Got response with status 200: {"sessionId":"cb79fbe9-6db1-405e-968c-cfcea7b557ce","value":"true"}
[debug] &amp#27;[38;5;32m[AndroidUiautomator2Driver@bf5e (a7c930e3)]&amp#27;[0m Responding to client with driver.elementEnabled() result: true
&amp#27;[38;5;0m[HTTP]&amp#27;[0m &amp#27;[37m<-- GET /session/a7c930e3-f715-4da0-9084-cae6d30d0283/element/00000000-0000-0129-ffff-ffff000000cd/enabled &amp#27;[39m&amp#27;[32m200&amp#27;[39m &amp#27;[90m46 ms - 14&amp#27;[39m
&amp#27;[38;5;0m[HTTP]&amp#27;[0m &amp#27;[90m&amp#27;[39m
&amp#27;[38;5;0m[HTTP]&amp#27;[0m &amp#27;[37m-->&amp#27;[39m &amp#27;[37mGET&amp#27;[39m &amp#27;[37m/session/a7c930e3-f715-4da0-9084-cae6d30d0283/context&amp#27;[39m
&amp#27;[38;5;0m[HTTP]&amp#27;[0m &amp#27;[90m{}&amp#27;[39m
[debug] &amp#27;[38;5;32m[AndroidUiautomator2Driver@bf5e (a7c930e3)]&amp#27;[0m Calling AppiumDriver.getCurrentContext() with args: ["a7c930e3-f715-4da0-9084-cae6d30d0283"]
[debug] &amp#27;[38;5;32m[AndroidUiautomator2Driver@bf5e (a7c930e3)]&amp#27;[0m Responding to client with driver.getCurrentContext() result: "NATIVE_APP"
&amp#27;[38;5;0m[HTTP]&amp#27;[0m &amp#27;[37m<-- GET /session/a7c930e3-f715-4da0-9084-cae6d30d0283/context &amp#27;[39m&amp#27;[32m200&amp#27;[39m &amp#27;[90m1 ms - 22&amp#27;[39m
&amp#27;[38;5;0m[HTTP]&amp#27;[0m &amp#27;[90m&amp#27;[39m
&amp#27;[38;5;0m[HTTP]&amp#27;[0m &amp#27;[37m-->&amp#27;[39m &amp#27;[37mPOST&amp#27;[39m &amp#27;[37m/session/a7c930e3-f715-4da0-9084-cae6d30d0283/element&amp#27;[39m
&amp#27;[38;5;0m[HTTP]&amp#27;[0m &amp#27;[90m{"value":"com.shopee.vn:id/btn","using":"id"}&amp#27;[39m
[debug] &amp#27;[38;5;32m[AndroidUiautomator2Driver@bf5e (a7c930e3)]&amp#27;[0m Calling AppiumDriver.findElement() with args: ["id","com.shopee.vn:id/btn","a7c930e3-f715-4da0-9084-cae6d30d0283"]
[debug] &amp#27;[38;5;32m[AndroidUiautomator2Driver@bf5e (a7c930e3)]&amp#27;[0m Valid locator strategies for this request: xpath, id, class name, accessibility id, css selector, -android uiautomator
[debug] &amp#27;[38;5;32m[AndroidUiautomator2Driver@bf5e (a7c930e3)]&amp#27;[0m Waiting up to 10000 ms for condition
[debug] &amp#27;[38;5;32m[AndroidUiautomator2Driver@bf5e (a7c930e3)]&amp#27;[0m Matched '/element' to command name 'findElement'
[debug] &amp#27;[38;5;32m[AndroidUiautomator2Driver@bf5e (a7c930e3)]&amp#27;[0m Proxying [POST /element] to [POST http://127.0.0.1:8200/session/cb79fbe9-6db1-405e-968c-cfcea7b557ce/element] with body: {"strategy":"id","selector":"com.shopee.vn:id/btn","context":"","multiple":false}
[debug] &amp#27;[38;5;32m[AndroidUiautomator2Driver@bf5e (a7c930e3)]&amp#27;[0m Got response with status 200: {"sessionId":"cb79fbe9-6db1-405e-968c-cfcea7b557ce","value":{"ELEMENT":"00000000-0000-0129-ffff-ffff000000cd","element-6066-11e4-a52e-4f735466cecf":"00000000-0000-0129-ffff-ffff000000cd"}}
[debug] &amp#27;[38;5;32m[AndroidUiautomator2Driver@bf5e (a7c930e3)]&amp#27;[0m Responding to client with driver.findElement() result: {"element-6066-11e4-a52e-4f735466cecf":"00000000-0000-0129-ffff-ffff000000cd","ELEMENT":"00000000-0000-0129-ffff-ffff000000cd"}
&amp#27;[38;5;0m[HTTP]&amp#27;[0m &amp#27;[37m<-- POST /session/a7c930e3-f715-4da0-9084-cae6d30d0283/element &amp#27;[39m&amp#27;[32m200&amp#27;[39m &amp#27;[90m47 ms - 137&amp#27;[39m
&amp#27;[38;5;0m[HTTP]&amp#27;[0m &amp#27;[90m&amp#27;[39m
&amp#27;[38;5;0m[HTTP]&amp#27;[0m &amp#27;[37m-->&amp#27;[39m &amp#27;[37mPOST&amp#27;[39m &amp#27;[37m/session/a7c930e3-f715-4da0-9084-cae6d30d0283/element/00000000-0000-0129-ffff-ffff000000cd/click&amp#27;[39m
&amp#27;[38;5;0m[HTTP]&amp#27;[0m &amp#27;[90m{"id":"00000000-0000-0129-ffff-ffff000000cd"}&amp#27;[39m
[debug] &amp#27;[38;5;32m[AndroidUiautomator2Driver@bf5e (a7c930e3)]&amp#27;[0m Calling AppiumDriver.click() with args: ["00000000-0000-0129-ffff-ffff000000cd","a7c930e3-f715-4da0-9084-cae6d30d0283"]
[debug] &amp#27;[38;5;32m[AndroidUiautomator2Driver@bf5e (a7c930e3)]&amp#27;[0m Matched '/element/00000000-0000-0129-ffff-ffff000000cd/click' to command name 'click'
[debug] &amp#27;[38;5;32m[AndroidUiautomator2Driver@bf5e (a7c930e3)]&amp#27;[0m Proxying [POST /element/00000000-0000-0129-ffff-ffff000000cd/click] to [POST http://127.0.0.1:8200/session/cb79fbe9-6db1-405e-968c-cfcea7b557ce/element/00000000-0000-0129-ffff-ffff000000cd/click] with body: {"element":"00000000-0000-0129-ffff-ffff000000cd"}
[debug] &amp#27;[38;5;32m[AndroidUiautomator2Driver@bf5e (a7c930e3)]&amp#27;[0m Got response with status 200: {"sessionId":"cb79fbe9-6db1-405e-968c-cfcea7b557ce","value":null}
[debug] &amp#27;[38;5;32m[AndroidUiautomator2Driver@bf5e (a7c930e3)]&amp#27;[0m Responding to client with driver.click() result: null
&amp#27;[38;5;0m[HTTP]&amp#27;[0m &amp#27;[37m<-- POST /session/a7c930e3-f715-4da0-9084-cae6d30d0283/element/00000000-0000-0129-ffff-ffff000000cd/click &amp#27;[39m&amp#27;[32m200&amp#27;[39m &amp#27;[90m113 ms - 14&amp#27;[39m
&amp#27;[38;5;0m[HTTP]&amp#27;[0m &amp#27;[90m&amp#27;[39m
&amp#27;[38;5;0m[HTTP]&amp#27;[0m &amp#27;[37m-->&amp#27;[39m &amp#27;[37mGET&amp#27;[39m &amp#27;[37m/session/a7c930e3-f715-4da0-9084-cae6d30d0283/context&amp#27;[39m
&amp#27;[38;5;0m[HTTP]&amp#27;[0m &amp#27;[90m{}&amp#27;[39m
[debug] &amp#27;[38;5;32m[AndroidUiautomator2Driver@bf5e (a7c930e3)]&amp#27;[0m Calling AppiumDriver.getCurrentContext() with args: ["a7c930e3-f715-4da0-9084-cae6d30d0283"]
[debug] &amp#27;[38;5;32m[AndroidUiautomator2Driver@bf5e (a7c930e3)]&amp#27;[0m Responding to client with driver.getCurrentContext() result: "NATIVE_APP"
&amp#27;[38;5;0m[HTTP]&amp#27;[0m &amp#27;[37m<-- GET /session/a7c930e3-f715-4da0-9084-cae6d30d0283/context &amp#27;[39m&amp#27;[32m200&amp#27;[39m &amp#27;[90m1 ms - 22&amp#27;[39m
&amp#27;[38;5;0m[HTTP]&amp#27;[0m &amp#27;[90m&amp#27;[39m
&amp#27;[38;5;0m[HTTP]&amp#27;[0m &amp#27;[37m-->&amp#27;[39m &amp#27;[37mPOST&amp#27;[39m &amp#27;[37m/session/a7c930e3-f715-4da0-9084-cae6d30d0283/element&amp#27;[39m
&amp#27;[38;5;0m[HTTP]&amp#27;[0m &amp#27;[90m{"value":"new UiSelector().text(\"TĂ´i\")","using":"-android uiautomator"}&amp#27;[39m
[debug] &amp#27;[38;5;32m[AndroidUiautomator2Driver@bf5e (a7c930e3)]&amp#27;[0m Calling AppiumDriver.findElement() with args: ["-android uiautomator","new UiSelector().text(\"TĂ´i\")","a7c930e3-f715-4da0-9084-cae6d30d0283"]
[debug] &amp#27;[38;5;32m[AndroidUiautomator2Driver@bf5e (a7c930e3)]&amp#27;[0m Valid locator strategies for this request: xpath, id, class name, accessibility id, css selector, -android uiautomator
[debug] &amp#27;[38;5;32m[AndroidUiautomator2Driver@bf5e (a7c930e3)]&amp#27;[0m Waiting up to 10000 ms for condition
[debug] &amp#27;[38;5;32m[AndroidUiautomator2Driver@bf5e (a7c930e3)]&amp#27;[0m Matched '/element' to command name 'findElement'
[debug] &amp#27;[38;5;32m[AndroidUiautomator2Driver@bf5e (a7c930e3)]&amp#27;[0m Proxying [POST /element] to [POST http://127.0.0.1:8200/session/cb79fbe9-6db1-405e-968c-cfcea7b557ce/element] with body: {"strategy":"-android uiautomator","selector":"new UiSelector().text(\"TĂ´i\")","context":"","multiple":false}
[debug] &amp#27;[38;5;32m[AndroidUiautomator2Driver@bf5e (a7c930e3)]&amp#27;[0m Got response with status 200: {"sessionId":"cb79fbe9-6db1-405e-968c-cfcea7b557ce","value":{"ELEMENT":"00000000-0000-0128-ffff-ffff0000004f","element-6066-11e4-a52e-4f735466cecf":"00000000-0000-0128-ffff-ffff0000004f"}}
[debug] &amp#27;[38;5;32m[AndroidUiautomator2Driver@bf5e (a7c930e3)]&amp#27;[0m Responding to client with driver.findElement() result: {"element-6066-11e4-a52e-4f735466cecf":"00000000-0000-0128-ffff-ffff0000004f","ELEMENT":"00000000-0000-0128-ffff-ffff0000004f"}
&amp#27;[38;5;0m[HTTP]&amp#27;[0m &amp#27;[37m<-- POST /session/a7c930e3-f715-4da0-9084-cae6d30d0283/element &amp#27;[39m&amp#27;[32m200&amp#27;[39m &amp#27;[90m2744 ms - 137&amp#27;[39m
&amp#27;[38;5;0m[HTTP]&amp#27;[0m &amp#27;[90m&amp#27;[39m
&amp#27;[38;5;0m[HTTP]&amp#27;[0m &amp#27;[37m-->&amp#27;[39m &amp#27;[37mPOST&amp#27;[39m &amp#27;[37m/session/a7c930e3-f715-4da0-9084-cae6d30d0283/element/00000000-0000-0128-ffff-ffff0000004f/click&amp#27;[39m
&amp#27;[38;5;0m[HTTP]&amp#27;[0m &amp#27;[90m{"id":"00000000-0000-0128-ffff-ffff0000004f"}&amp#27;[39m
[debug] &amp#27;[38;5;32m[AndroidUiautomator2Driver@bf5e (a7c930e3)]&amp#27;[0m Calling AppiumDriver.click() with args: ["00000000-0000-0128-ffff-ffff0000004f","a7c930e3-f715-4da0-9084-cae6d30d0283"]
[debug] &amp#27;[38;5;32m[AndroidUiautomator2Driver@bf5e (a7c930e3)]&amp#27;[0m Matched '/element/00000000-0000-0128-ffff-ffff0000004f/click' to command name 'click'
[debug] &amp#27;[38;5;32m[AndroidUiautomator2Driver@bf5e (a7c930e3)]&amp#27;[0m Proxying [POST /element/00000000-0000-0128-ffff-ffff0000004f/click] to [POST http://127.0.0.1:8200/session/cb79fbe9-6db1-405e-968c-cfcea7b557ce/element/00000000-0000-0128-ffff-ffff0000004f/click] with body: {"element":"00000000-0000-0128-ffff-ffff0000004f"}
[debug] &amp#27;[38;5;32m[AndroidUiautomator2Driver@bf5e (a7c930e3)]&amp#27;[0m Got response with status 200: {"sessionId":"cb79fbe9-6db1-405e-968c-cfcea7b557ce","value":null}
[debug] &amp#27;[38;5;32m[AndroidUiautomator2Driver@bf5e (a7c930e3)]&amp#27;[0m Responding to client with driver.click() result: null
&amp#27;[38;5;0m[HTTP]&amp#27;[0m &amp#27;[37m<-- POST /session/a7c930e3-f715-4da0-9084-cae6d30d0283/element/00000000-0000-0128-ffff-ffff0000004f/click &amp#27;[39m&amp#27;[32m200&amp#27;[39m &amp#27;[90m135 ms - 14&amp#27;[39m
&amp#27;[38;5;0m[HTTP]&amp#27;[0m &amp#27;[90m&amp#27;[39m
&amp#27;[38;5;0m[HTTP]&amp#27;[0m &amp#27;[37m-->&amp#27;[39m &amp#27;[37mGET&amp#27;[39m &amp#27;[37m/session/a7c930e3-f715-4da0-9084-cae6d30d0283/context&amp#27;[39m
&amp#27;[38;5;0m[HTTP]&amp#27;[0m &amp#27;[90m{}&amp#27;[39m
[debug] &amp#27;[38;5;32m[AndroidUiautomator2Driver@bf5e (a7c930e3)]&amp#27;[0m Calling AppiumDriver.getCurrentContext() with args: ["a7c930e3-f715-4da0-9084-cae6d30d0283"]
[debug] &amp#27;[38;5;32m[AndroidUiautomator2Driver@bf5e (a7c930e3)]&amp#27;[0m Responding to client with driver.getCurrentContext() result: "NATIVE_APP"
&amp#27;[38;5;0m[HTTP]&amp#27;[0m &amp#27;[37m<-- GET /session/a7c930e3-f715-4da0-9084-cae6d30d0283/context &amp#27;[39m&amp#27;[32m200&amp#27;[39m &amp#27;[90m1 ms - 22&amp#27;[39m
&amp#27;[38;5;0m[HTTP]&amp#27;[0m &amp#27;[90m&amp#27;[39m
&amp#27;[38;5;0m[HTTP]&amp#27;[0m &amp#27;[37m-->&amp#27;[39m &amp#27;[37mPOST&amp#27;[39m &amp#27;[37m/session/a7c930e3-f715-4da0-9084-cae6d30d0283/element&amp#27;[39m
&amp#27;[38;5;0m[HTTP]&amp#27;[0m &amp#27;[90m{"value":"new UiSelector().text(\"Ä�Äƒng nháº­p\")","using":"-android uiautomator"}&amp#27;[39m
[debug] &amp#27;[38;5;32m[AndroidUiautomator2Driver@bf5e (a7c930e3)]&amp#27;[0m Calling AppiumDriver.findElement() with args: ["-android uiautomator","new UiSelector().text(\"Ä�Äƒng nháº­p\")","a7c930e3-f715-4da0-9084-cae6d30d0283"]
[debug] &amp#27;[38;5;32m[AndroidUiautomator2Driver@bf5e (a7c930e3)]&amp#27;[0m Valid locator strategies for this request: xpath, id, class name, accessibility id, css selector, -android uiautomator
[debug] &amp#27;[38;5;32m[AndroidUiautomator2Driver@bf5e (a7c930e3)]&amp#27;[0m Waiting up to 10000 ms for condition
[debug] &amp#27;[38;5;32m[AndroidUiautomator2Driver@bf5e (a7c930e3)]&amp#27;[0m Matched '/element' to command name 'findElement'
[debug] &amp#27;[38;5;32m[AndroidUiautomator2Driver@bf5e (a7c930e3)]&amp#27;[0m Proxying [POST /element] to [POST http://127.0.0.1:8200/session/cb79fbe9-6db1-405e-968c-cfcea7b557ce/element] with body: {"strategy":"-android uiautomator","selector":"new UiSelector().text(\"Ä�Äƒng nháº­p\")","context":"","multiple":false}
&amp#27;[38;5;32m[AndroidUiautomator2Driver@bf5e (a7c930e3)]&amp#27;[0m Got response with status 404: {"sessionId":"cb79fbe9-6db1-405e-968c-cfcea7b557ce","value":{"error":"no such element","message":"An element could not be located on the page using the given search parameters","stacktrace":"io.appium.uiautomator2.common.exceptions.ElementNotFoundException: An element could not be located on the page using the given search parameters\n\tat io.appium.uiautomator2.handler.FindElement.safeHandle(FindElement.java:63)\n\tat io.appium.uiautomator2.handler.request.SafeRequestHandler.handle(SafeRequestHandler.java:59)\n\tat io.appium.uiautomator2.server.AppiumServlet.handleRequest(AppiumServlet.java:259)\n\tat io.appium.uiautomator2.server.AppiumServlet.handleHttpRequest(AppiumServlet.java:253)\n\tat io.appium.uiautomator2.http.ServerHandler.channelRead(ServerHandler.java:77)\n\tat io.netty.channel.AbstractChannelHandlerContext.invokeChannelRead(AbstractChannelHandlerContext.java:366)\n\tat io.netty.channel.AbstractChannelHandlerContext.invokeChannelRead(AbstractChannelHandlerContext.java:352)\n\tat io.netty.chann...
[debug] &amp#27;[38;5;80m[W3C]&amp#27;[0m Matched W3C error code 'no such element' to NoSuchElementError
[debug] &amp#27;[38;5;32m[AndroidUiautomator2Driver@bf5e (a7c930e3)]&amp#27;[0m Waited for 991 ms so far
[debug] &amp#27;[38;5;32m[AndroidUiautomator2Driver@bf5e (a7c930e3)]&amp#27;[0m Matched '/element' to command name 'findElement'
[debug] &amp#27;[38;5;32m[AndroidUiautomator2Driver@bf5e (a7c930e3)]&amp#27;[0m Proxying [POST /element] to [POST http://127.0.0.1:8200/session/cb79fbe9-6db1-405e-968c-cfcea7b557ce/element] with body: {"strategy":"-android uiautomator","selector":"new UiSelector().text(\"Ä�Äƒng nháº­p\")","context":"","multiple":false}
[debug] &amp#27;[38;5;32m[AndroidUiautomator2Driver@bf5e (a7c930e3)]&amp#27;[0m Got response with status 200: {"sessionId":"cb79fbe9-6db1-405e-968c-cfcea7b557ce","value":{"ELEMENT":"00000000-0000-0128-ffff-ffff0000022e","element-6066-11e4-a52e-4f735466cecf":"00000000-0000-0128-ffff-ffff0000022e"}}
[debug] &amp#27;[38;5;32m[AndroidUiautomator2Driver@bf5e (a7c930e3)]&amp#27;[0m Responding to client with driver.findElement() result: {"element-6066-11e4-a52e-4f735466cecf":"00000000-0000-0128-ffff-ffff0000022e","ELEMENT":"00000000-0000-0128-ffff-ffff0000022e"}
&amp#27;[38;5;0m[HTTP]&amp#27;[0m &amp#27;[37m<-- POST /session/a7c930e3-f715-4da0-9084-cae6d30d0283/element &amp#27;[39m&amp#27;[32m200&amp#27;[39m &amp#27;[90m2987 ms - 137&amp#27;[39m
&amp#27;[38;5;0m[HTTP]&amp#27;[0m &amp#27;[90m&amp#27;[39m
&amp#27;[38;5;0m[HTTP]&amp#27;[0m &amp#27;[37m-->&amp#27;[39m &amp#27;[37mGET&amp#27;[39m &amp#27;[37m/session/a7c930e3-f715-4da0-9084-cae6d30d0283/element/00000000-0000-0128-ffff-ffff0000022e/displayed&amp#27;[39m
&amp#27;[38;5;0m[HTTP]&amp#27;[0m &amp#27;[90m{}&amp#27;[39m
[debug] &amp#27;[38;5;32m[AndroidUiautomator2Driver@bf5e (a7c930e3)]&amp#27;[0m Calling AppiumDriver.elementDisplayed() with args: ["00000000-0000-0128-ffff-ffff0000022e","a7c930e3-f715-4da0-9084-cae6d30d0283"]
[debug] &amp#27;[38;5;32m[AndroidUiautomator2Driver@bf5e (a7c930e3)]&amp#27;[0m Matched '/element/00000000-0000-0128-ffff-ffff0000022e/attribute/displayed' to command name 'getAttribute'
[debug] &amp#27;[38;5;32m[AndroidUiautomator2Driver@bf5e (a7c930e3)]&amp#27;[0m Proxying [GET /element/00000000-0000-0128-ffff-ffff0000022e/attribute/displayed] to [GET http://127.0.0.1:8200/session/cb79fbe9-6db1-405e-968c-cfcea7b557ce/element/00000000-0000-0128-ffff-ffff0000022e/attribute/displayed] with no body
[debug] &amp#27;[38;5;32m[AndroidUiautomator2Driver@bf5e (a7c930e3)]&amp#27;[0m Got response with status 200: {"sessionId":"cb79fbe9-6db1-405e-968c-cfcea7b557ce","value":"true"}
[debug] &amp#27;[38;5;32m[AndroidUiautomator2Driver@bf5e (a7c930e3)]&amp#27;[0m Responding to client with driver.elementDisplayed() result: true
&amp#27;[38;5;0m[HTTP]&amp#27;[0m &amp#27;[37m<-- GET /session/a7c930e3-f715-4da0-9084-cae6d30d0283/element/00000000-0000-0128-ffff-ffff0000022e/displayed &amp#27;[39m&amp#27;[32m200&amp#27;[39m &amp#27;[90m1130 ms - 14&amp#27;[39m
&amp#27;[38;5;0m[HTTP]&amp#27;[0m &amp#27;[90m&amp#27;[39m
&amp#27;[38;5;0m[HTTP]&amp#27;[0m &amp#27;[37m-->&amp#27;[39m &amp#27;[37mGET&amp#27;[39m &amp#27;[37m/session/a7c930e3-f715-4da0-9084-cae6d30d0283/context&amp#27;[39m
&amp#27;[38;5;0m[HTTP]&amp#27;[0m &amp#27;[90m{}&amp#27;[39m
[debug] &amp#27;[38;5;32m[AndroidUiautomator2Driver@bf5e (a7c930e3)]&amp#27;[0m Calling AppiumDriver.getCurrentContext() with args: ["a7c930e3-f715-4da0-9084-cae6d30d0283"]
[debug] &amp#27;[38;5;32m[AndroidUiautomator2Driver@bf5e (a7c930e3)]&amp#27;[0m Responding to client with driver.getCurrentContext() result: "NATIVE_APP"
&amp#27;[38;5;0m[HTTP]&amp#27;[0m &amp#27;[37m<-- GET /session/a7c930e3-f715-4da0-9084-cae6d30d0283/context &amp#27;[39m&amp#27;[32m200&amp#27;[39m &amp#27;[90m1 ms - 22&amp#27;[39m
&amp#27;[38;5;0m[HTTP]&amp#27;[0m &amp#27;[90m&amp#27;[39m
&amp#27;[38;5;0m[HTTP]&amp#27;[0m &amp#27;[37m-->&amp#27;[39m &amp#27;[37mPOST&amp#27;[39m &amp#27;[37m/session/a7c930e3-f715-4da0-9084-cae6d30d0283/element&amp#27;[39m
&amp#27;[38;5;0m[HTTP]&amp#27;[0m &amp#27;[90m{"value":"new UiSelector().text(\"Ä�Äƒng nháº­p\")","using":"-android uiautomator"}&amp#27;[39m
[debug] &amp#27;[38;5;32m[AndroidUiautomator2Driver@bf5e (a7c930e3)]&amp#27;[0m Calling AppiumDriver.findElement() with args: ["-android uiautomator","new UiSelector().text(\"Ä�Äƒng nháº­p\")","a7c930e3-f715-4da0-9084-cae6d30d0283"]
[debug] &amp#27;[38;5;32m[AndroidUiautomator2Driver@bf5e (a7c930e3)]&amp#27;[0m Valid locator strategies for this request: xpath, id, class name, accessibility id, css selector, -android uiautomator
[debug] &amp#27;[38;5;32m[AndroidUiautomator2Driver@bf5e (a7c930e3)]&amp#27;[0m Waiting up to 10000 ms for condition
[debug] &amp#27;[38;5;32m[AndroidUiautomator2Driver@bf5e (a7c930e3)]&amp#27;[0m Matched '/element' to command name 'findElement'
[debug] &amp#27;[38;5;32m[AndroidUiautomator2Driver@bf5e (a7c930e3)]&amp#27;[0m Proxying [POST /element] to [POST http://127.0.0.1:8200/session/cb79fbe9-6db1-405e-968c-cfcea7b557ce/element] with body: {"strategy":"-android uiautomator","selector":"new UiSelector().text(\"Ä�Äƒng nháº­p\")","context":"","multiple":false}
[debug] &amp#27;[38;5;32m[AndroidUiautomator2Driver@bf5e (a7c930e3)]&amp#27;[0m Got response with status 200: {"sessionId":"cb79fbe9-6db1-405e-968c-cfcea7b557ce","value":{"ELEMENT":"00000000-0000-0128-ffff-ffff0000022e","element-6066-11e4-a52e-4f735466cecf":"00000000-0000-0128-ffff-ffff0000022e"}}
[debug] &amp#27;[38;5;32m[AndroidUiautomator2Driver@bf5e (a7c930e3)]&amp#27;[0m Responding to client with driver.findElement() result: {"element-6066-11e4-a52e-4f735466cecf":"00000000-0000-0128-ffff-ffff0000022e","ELEMENT":"00000000-0000-0128-ffff-ffff0000022e"}
&amp#27;[38;5;0m[HTTP]&amp#27;[0m &amp#27;[37m<-- POST /session/a7c930e3-f715-4da0-9084-cae6d30d0283/element &amp#27;[39m&amp#27;[32m200&amp#27;[39m &amp#27;[90m116 ms - 137&amp#27;[39m
&amp#27;[38;5;0m[HTTP]&amp#27;[0m &amp#27;[90m&amp#27;[39m
&amp#27;[38;5;0m[HTTP]&amp#27;[0m &amp#27;[37m-->&amp#27;[39m &amp#27;[37mGET&amp#27;[39m &amp#27;[37m/session/a7c930e3-f715-4da0-9084-cae6d30d0283/element/00000000-0000-0128-ffff-ffff0000022e/enabled&amp#27;[39m
&amp#27;[38;5;0m[HTTP]&amp#27;[0m &amp#27;[90m{}&amp#27;[39m
[debug] &amp#27;[38;5;32m[AndroidUiautomator2Driver@bf5e (a7c930e3)]&amp#27;[0m Calling AppiumDriver.elementEnabled() with args: ["00000000-0000-0128-ffff-ffff0000022e","a7c930e3-f715-4da0-9084-cae6d30d0283"]
[debug] &amp#27;[38;5;32m[AndroidUiautomator2Driver@bf5e (a7c930e3)]&amp#27;[0m Matched '/element/00000000-0000-0128-ffff-ffff0000022e/attribute/enabled' to command name 'getAttribute'
[debug] &amp#27;[38;5;32m[AndroidUiautomator2Driver@bf5e (a7c930e3)]&amp#27;[0m Proxying [GET /element/00000000-0000-0128-ffff-ffff0000022e/attribute/enabled] to [GET http://127.0.0.1:8200/session/cb79fbe9-6db1-405e-968c-cfcea7b557ce/element/00000000-0000-0128-ffff-ffff0000022e/attribute/enabled] with no body
[debug] &amp#27;[38;5;32m[AndroidUiautomator2Driver@bf5e (a7c930e3)]&amp#27;[0m Got response with status 200: {"sessionId":"cb79fbe9-6db1-405e-968c-cfcea7b557ce","value":"true"}
[debug] &amp#27;[38;5;32m[AndroidUiautomator2Driver@bf5e (a7c930e3)]&amp#27;[0m Responding to client with driver.elementEnabled() result: true
&amp#27;[38;5;0m[HTTP]&amp#27;[0m &amp#27;[37m<-- GET /session/a7c930e3-f715-4da0-9084-cae6d30d0283/element/00000000-0000-0128-ffff-ffff0000022e/enabled &amp#27;[39m&amp#27;[32m200&amp#27;[39m &amp#27;[90m62 ms - 14&amp#27;[39m
&amp#27;[38;5;0m[HTTP]&amp#27;[0m &amp#27;[90m&amp#27;[39m
&amp#27;[38;5;0m[HTTP]&amp#27;[0m &amp#27;[37m-->&amp#27;[39m &amp#27;[37mGET&amp#27;[39m &amp#27;[37m/session/a7c930e3-f715-4da0-9084-cae6d30d0283/context&amp#27;[39m
&amp#27;[38;5;0m[HTTP]&amp#27;[0m &amp#27;[90m{}&amp#27;[39m
[debug] &amp#27;[38;5;32m[AndroidUiautomator2Driver@bf5e (a7c930e3)]&amp#27;[0m Calling AppiumDriver.getCurrentContext() with args: ["a7c930e3-f715-4da0-9084-cae6d30d0283"]
[debug] &amp#27;[38;5;32m[AndroidUiautomator2Driver@bf5e (a7c930e3)]&amp#27;[0m Responding to client with driver.getCurrentContext() result: "NATIVE_APP"
&amp#27;[38;5;0m[HTTP]&amp#27;[0m &amp#27;[37m<-- GET /session/a7c930e3-f715-4da0-9084-cae6d30d0283/context &amp#27;[39m&amp#27;[32m200&amp#27;[39m &amp#27;[90m1 ms - 22&amp#27;[39m
&amp#27;[38;5;0m[HTTP]&amp#27;[0m &amp#27;[90m&amp#27;[39m
&amp#27;[38;5;0m[HTTP]&amp#27;[0m &amp#27;[37m-->&amp#27;[39m &amp#27;[37mPOST&amp#27;[39m &amp#27;[37m/session/a7c930e3-f715-4da0-9084-cae6d30d0283/element&amp#27;[39m
&amp#27;[38;5;0m[HTTP]&amp#27;[0m &amp#27;[90m{"value":"new UiSelector().text(\"Ä�Äƒng nháº­p\")","using":"-android uiautomator"}&amp#27;[39m
[debug] &amp#27;[38;5;32m[AndroidUiautomator2Driver@bf5e (a7c930e3)]&amp#27;[0m Calling AppiumDriver.findElement() with args: ["-android uiautomator","new UiSelector().text(\"Ä�Äƒng nháº­p\")","a7c930e3-f715-4da0-9084-cae6d30d0283"]
[debug] &amp#27;[38;5;32m[AndroidUiautomator2Driver@bf5e (a7c930e3)]&amp#27;[0m Valid locator strategies for this request: xpath, id, class name, accessibility id, css selector, -android uiautomator
[debug] &amp#27;[38;5;32m[AndroidUiautomator2Driver@bf5e (a7c930e3)]&amp#27;[0m Waiting up to 10000 ms for condition
[debug] &amp#27;[38;5;32m[AndroidUiautomator2Driver@bf5e (a7c930e3)]&amp#27;[0m Matched '/element' to command name 'findElement'
[debug] &amp#27;[38;5;32m[AndroidUiautomator2Driver@bf5e (a7c930e3)]&amp#27;[0m Proxying [POST /element] to [POST http://127.0.0.1:8200/session/cb79fbe9-6db1-405e-968c-cfcea7b557ce/element] with body: {"strategy":"-android uiautomator","selector":"new UiSelector().text(\"Ä�Äƒng nháº­p\")","context":"","multiple":false}
[debug] &amp#27;[38;5;32m[AndroidUiautomator2Driver@bf5e (a7c930e3)]&amp#27;[0m Got response with status 200: {"sessionId":"cb79fbe9-6db1-405e-968c-cfcea7b557ce","value":{"ELEMENT":"00000000-0000-0128-ffff-ffff0000022e","element-6066-11e4-a52e-4f735466cecf":"00000000-0000-0128-ffff-ffff0000022e"}}
[debug] &amp#27;[38;5;32m[AndroidUiautomator2Driver@bf5e (a7c930e3)]&amp#27;[0m Responding to client with driver.findElement() result: {"element-6066-11e4-a52e-4f735466cecf":"00000000-0000-0128-ffff-ffff0000022e","ELEMENT":"00000000-0000-0128-ffff-ffff0000022e"}
&amp#27;[38;5;0m[HTTP]&amp#27;[0m &amp#27;[37m<-- POST /session/a7c930e3-f715-4da0-9084-cae6d30d0283/element &amp#27;[39m&amp#27;[32m200&amp#27;[39m &amp#27;[90m141 ms - 137&amp#27;[39m
&amp#27;[38;5;0m[HTTP]&amp#27;[0m &amp#27;[90m&amp#27;[39m
&amp#27;[38;5;0m[HTTP]&amp#27;[0m &amp#27;[37m-->&amp#27;[39m &amp#27;[37mPOST&amp#27;[39m &amp#27;[37m/session/a7c930e3-f715-4da0-9084-cae6d30d0283/element/00000000-0000-0128-ffff-ffff0000022e/click&amp#27;[39m
&amp#27;[38;5;0m[HTTP]&amp#27;[0m &amp#27;[90m{"id":"00000000-0000-0128-ffff-ffff0000022e"}&amp#27;[39m
[debug] &amp#27;[38;5;32m[AndroidUiautomator2Driver@bf5e (a7c930e3)]&amp#27;[0m Calling AppiumDriver.click() with args: ["00000000-0000-0128-ffff-ffff0000022e","a7c930e3-f715-4da0-9084-cae6d30d0283"]
[debug] &amp#27;[38;5;32m[AndroidUiautomator2Driver@bf5e (a7c930e3)]&amp#27;[0m Matched '/element/00000000-0000-0128-ffff-ffff0000022e/click' to command name 'click'
[debug] &amp#27;[38;5;32m[AndroidUiautomator2Driver@bf5e (a7c930e3)]&amp#27;[0m Proxying [POST /element/00000000-0000-0128-ffff-ffff0000022e/click] to [POST http://127.0.0.1:8200/session/cb79fbe9-6db1-405e-968c-cfcea7b557ce/element/00000000-0000-0128-ffff-ffff0000022e/click] with body: {"element":"00000000-0000-0128-ffff-ffff0000022e"}
[debug] &amp#27;[38;5;32m[AndroidUiautomator2Driver@bf5e (a7c930e3)]&amp#27;[0m Got response with status 200: {"sessionId":"cb79fbe9-6db1-405e-968c-cfcea7b557ce","value":null}
[debug] &amp#27;[38;5;32m[AndroidUiautomator2Driver@bf5e (a7c930e3)]&amp#27;[0m Responding to client with driver.click() result: null
&amp#27;[38;5;0m[HTTP]&amp#27;[0m &amp#27;[37m<-- POST /session/a7c930e3-f715-4da0-9084-cae6d30d0283/element/00000000-0000-0128-ffff-ffff0000022e/click &amp#27;[39m&amp#27;[32m200&amp#27;[39m &amp#27;[90m1087 ms - 14&amp#27;[39m
&amp#27;[38;5;0m[HTTP]&amp#27;[0m &amp#27;[90m&amp#27;[39m
&amp#27;[38;5;0m[HTTP]&amp#27;[0m &amp#27;[37m-->&amp#27;[39m &amp#27;[37mGET&amp#27;[39m &amp#27;[37m/session/a7c930e3-f715-4da0-9084-cae6d30d0283/context&amp#27;[39m
&amp#27;[38;5;0m[HTTP]&amp#27;[0m &amp#27;[90m{}&amp#27;[39m
[debug] &amp#27;[38;5;32m[AndroidUiautomator2Driver@bf5e (a7c930e3)]&amp#27;[0m Calling AppiumDriver.getCurrentContext() with args: ["a7c930e3-f715-4da0-9084-cae6d30d0283"]
[debug] &amp#27;[38;5;32m[AndroidUiautomator2Driver@bf5e (a7c930e3)]&amp#27;[0m Responding to client with driver.getCurrentContext() result: "NATIVE_APP"
&amp#27;[38;5;0m[HTTP]&amp#27;[0m &amp#27;[37m<-- GET /session/a7c930e3-f715-4da0-9084-cae6d30d0283/context &amp#27;[39m&amp#27;[32m200&amp#27;[39m &amp#27;[90m1 ms - 22&amp#27;[39m
&amp#27;[38;5;0m[HTTP]&amp#27;[0m &amp#27;[90m&amp#27;[39m
&amp#27;[38;5;0m[HTTP]&amp#27;[0m &amp#27;[37m-->&amp#27;[39m &amp#27;[37mPOST&amp#27;[39m &amp#27;[37m/session/a7c930e3-f715-4da0-9084-cae6d30d0283/element&amp#27;[39m
&amp#27;[38;5;0m[HTTP]&amp#27;[0m &amp#27;[90m{"value":"(//android.widget.EditText[@resource-id=\"com.shopee.vn:id/cret_edit_text\"])[1]","using":"xpath"}&amp#27;[39m
[debug] &amp#27;[38;5;32m[AndroidUiautomator2Driver@bf5e (a7c930e3)]&amp#27;[0m Calling AppiumDriver.findElement() with args: ["xpath","(//android.widget.EditText[@resource-id=\"com.shopee.vn:id/cret_edit_text\"])[1]","a7c930e3-f715-4da0-9084-cae6d30d0283"]
[debug] &amp#27;[38;5;32m[AndroidUiautomator2Driver@bf5e (a7c930e3)]&amp#27;[0m Valid locator strategies for this request: xpath, id, class name, accessibility id, css selector, -android uiautomator
[debug] &amp#27;[38;5;32m[AndroidUiautomator2Driver@bf5e (a7c930e3)]&amp#27;[0m Waiting up to 10000 ms for condition
[debug] &amp#27;[38;5;32m[AndroidUiautomator2Driver@bf5e (a7c930e3)]&amp#27;[0m Matched '/element' to command name 'findElement'
[debug] &amp#27;[38;5;32m[AndroidUiautomator2Driver@bf5e (a7c930e3)]&amp#27;[0m Proxying [POST /element] to [POST http://127.0.0.1:8200/session/cb79fbe9-6db1-405e-968c-cfcea7b557ce/element] with body: {"strategy":"xpath","selector":"(//android.widget.EditText[@resource-id=\"com.shopee.vn:id/cret_edit_text\"])[1]","context":"","multiple":false}
[debug] &amp#27;[38;5;32m[AndroidUiautomator2Driver@bf5e (a7c930e3)]&amp#27;[0m Got response with status 200: {"sessionId":"cb79fbe9-6db1-405e-968c-cfcea7b557ce","value":{"ELEMENT":"00000000-0000-012a-ffff-ffff0000031c","element-6066-11e4-a52e-4f735466cecf":"00000000-0000-012a-ffff-ffff0000031c"}}
[debug] &amp#27;[38;5;32m[AndroidUiautomator2Driver@bf5e (a7c930e3)]&amp#27;[0m Responding to client with driver.findElement() result: {"element-6066-11e4-a52e-4f735466cecf":"00000000-0000-012a-ffff-ffff0000031c","ELEMENT":"00000000-0000-012a-ffff-ffff0000031c"}
&amp#27;[38;5;0m[HTTP]&amp#27;[0m &amp#27;[37m<-- POST /session/a7c930e3-f715-4da0-9084-cae6d30d0283/element &amp#27;[39m&amp#27;[32m200&amp#27;[39m &amp#27;[90m639 ms - 137&amp#27;[39m
&amp#27;[38;5;0m[HTTP]&amp#27;[0m &amp#27;[90m&amp#27;[39m
&amp#27;[38;5;0m[HTTP]&amp#27;[0m &amp#27;[37m-->&amp#27;[39m &amp#27;[37mGET&amp#27;[39m &amp#27;[37m/session/a7c930e3-f715-4da0-9084-cae6d30d0283/element/00000000-0000-012a-ffff-ffff0000031c/displayed&amp#27;[39m
&amp#27;[38;5;0m[HTTP]&amp#27;[0m &amp#27;[90m{}&amp#27;[39m
[debug] &amp#27;[38;5;32m[AndroidUiautomator2Driver@bf5e (a7c930e3)]&amp#27;[0m Calling AppiumDriver.elementDisplayed() with args: ["00000000-0000-012a-ffff-ffff0000031c","a7c930e3-f715-4da0-9084-cae6d30d0283"]
[debug] &amp#27;[38;5;32m[AndroidUiautomator2Driver@bf5e (a7c930e3)]&amp#27;[0m Matched '/element/00000000-0000-012a-ffff-ffff0000031c/attribute/displayed' to command name 'getAttribute'
[debug] &amp#27;[38;5;32m[AndroidUiautomator2Driver@bf5e (a7c930e3)]&amp#27;[0m Proxying [GET /element/00000000-0000-012a-ffff-ffff0000031c/attribute/displayed] to [GET http://127.0.0.1:8200/session/cb79fbe9-6db1-405e-968c-cfcea7b557ce/element/00000000-0000-012a-ffff-ffff0000031c/attribute/displayed] with no body
[debug] &amp#27;[38;5;32m[AndroidUiautomator2Driver@bf5e (a7c930e3)]&amp#27;[0m Got response with status 200: {"sessionId":"cb79fbe9-6db1-405e-968c-cfcea7b557ce","value":"true"}
[debug] &amp#27;[38;5;32m[AndroidUiautomator2Driver@bf5e (a7c930e3)]&amp#27;[0m Responding to client with driver.elementDisplayed() result: true
&amp#27;[38;5;0m[HTTP]&amp#27;[0m &amp#27;[37m<-- GET /session/a7c930e3-f715-4da0-9084-cae6d30d0283/element/00000000-0000-012a-ffff-ffff0000031c/displayed &amp#27;[39m&amp#27;[32m200&amp#27;[39m &amp#27;[90m22 ms - 14&amp#27;[39m
&amp#27;[38;5;0m[HTTP]&amp#27;[0m &amp#27;[90m&amp#27;[39m
&amp#27;[38;5;0m[HTTP]&amp#27;[0m &amp#27;[37m-->&amp#27;[39m &amp#27;[37mGET&amp#27;[39m &amp#27;[37m/session/a7c930e3-f715-4da0-9084-cae6d30d0283/context&amp#27;[39m
&amp#27;[38;5;0m[HTTP]&amp#27;[0m &amp#27;[90m{}&amp#27;[39m
[debug] &amp#27;[38;5;32m[AndroidUiautomator2Driver@bf5e (a7c930e3)]&amp#27;[0m Calling AppiumDriver.getCurrentContext() with args: ["a7c930e3-f715-4da0-9084-cae6d30d0283"]
[debug] &amp#27;[38;5;32m[AndroidUiautomator2Driver@bf5e (a7c930e3)]&amp#27;[0m Responding to client with driver.getCurrentContext() result: "NATIVE_APP"
&amp#27;[38;5;0m[HTTP]&amp#27;[0m &amp#27;[37m<-- GET /session/a7c930e3-f715-4da0-9084-cae6d30d0283/context &amp#27;[39m&amp#27;[32m200&amp#27;[39m &amp#27;[90m1 ms - 22&amp#27;[39m
&amp#27;[38;5;0m[HTTP]&amp#27;[0m &amp#27;[90m&amp#27;[39m
&amp#27;[38;5;0m[HTTP]&amp#27;[0m &amp#27;[37m-->&amp#27;[39m &amp#27;[37mPOST&amp#27;[39m &amp#27;[37m/session/a7c930e3-f715-4da0-9084-cae6d30d0283/element&amp#27;[39m
&amp#27;[38;5;0m[HTTP]&amp#27;[0m &amp#27;[90m{"value":"(//android.widget.EditText[@resource-id=\"com.shopee.vn:id/cret_edit_text\"])[1]","using":"xpath"}&amp#27;[39m
[debug] &amp#27;[38;5;32m[AndroidUiautomator2Driver@bf5e (a7c930e3)]&amp#27;[0m Calling AppiumDriver.findElement() with args: ["xpath","(//android.widget.EditText[@resource-id=\"com.shopee.vn:id/cret_edit_text\"])[1]","a7c930e3-f715-4da0-9084-cae6d30d0283"]
[debug] &amp#27;[38;5;32m[AndroidUiautomator2Driver@bf5e (a7c930e3)]&amp#27;[0m Valid locator strategies for this request: xpath, id, class name, accessibility id, css selector, -android uiautomator
[debug] &amp#27;[38;5;32m[AndroidUiautomator2Driver@bf5e (a7c930e3)]&amp#27;[0m Waiting up to 10000 ms for condition
[debug] &amp#27;[38;5;32m[AndroidUiautomator2Driver@bf5e (a7c930e3)]&amp#27;[0m Matched '/element' to command name 'findElement'
[debug] &amp#27;[38;5;32m[AndroidUiautomator2Driver@bf5e (a7c930e3)]&amp#27;[0m Proxying [POST /element] to [POST http://127.0.0.1:8200/session/cb79fbe9-6db1-405e-968c-cfcea7b557ce/element] with body: {"strategy":"xpath","selector":"(//android.widget.EditText[@resource-id=\"com.shopee.vn:id/cret_edit_text\"])[1]","context":"","multiple":false}
[debug] &amp#27;[38;5;32m[AndroidUiautomator2Driver@bf5e (a7c930e3)]&amp#27;[0m Got response with status 200: {"sessionId":"cb79fbe9-6db1-405e-968c-cfcea7b557ce","value":{"ELEMENT":"00000000-0000-012a-ffff-ffff0000031c","element-6066-11e4-a52e-4f735466cecf":"00000000-0000-012a-ffff-ffff0000031c"}}
[debug] &amp#27;[38;5;32m[AndroidUiautomator2Driver@bf5e (a7c930e3)]&amp#27;[0m Responding to client with driver.findElement() result: {"element-6066-11e4-a52e-4f735466cecf":"00000000-0000-012a-ffff-ffff0000031c","ELEMENT":"00000000-0000-012a-ffff-ffff0000031c"}
&amp#27;[38;5;0m[HTTP]&amp#27;[0m &amp#27;[37m<-- POST /session/a7c930e3-f715-4da0-9084-cae6d30d0283/element &amp#27;[39m&amp#27;[32m200&amp#27;[39m &amp#27;[90m187 ms - 137&amp#27;[39m
&amp#27;[38;5;0m[HTTP]&amp#27;[0m &amp#27;[90m&amp#27;[39m
&amp#27;[38;5;0m[HTTP]&amp#27;[0m &amp#27;[37m-->&amp#27;[39m &amp#27;[37mPOST&amp#27;[39m &amp#27;[37m/session/a7c930e3-f715-4da0-9084-cae6d30d0283/element/00000000-0000-012a-ffff-ffff0000031c/value&amp#27;[39m
&amp#27;[38;5;0m[HTTP]&amp#27;[0m &amp#27;[90m{"id":"00000000-0000-012a-ffff-ffff0000031c","value":["8","4","5","3","2","3","4"],"text":"8453234"}&amp#27;[39m
[debug] &amp#27;[38;5;32m[AndroidUiautomator2Driver@bf5e (a7c930e3)]&amp#27;[0m Calling AppiumDriver.setValue() with args: [["8","4","5","3","2","3","4"],"00000000-0000-012a-ffff-ffff0000031c","a7c930e3-f715-4da0-9084-cae6d30d0283"]
[debug] &amp#27;[38;5;32m[AndroidUiautomator2Driver@bf5e (a7c930e3)]&amp#27;[0m Matched '/element/00000000-0000-012a-ffff-ffff0000031c/value' to command name 'setValue'
[debug] &amp#27;[38;5;32m[AndroidUiautomator2Driver@bf5e (a7c930e3)]&amp#27;[0m Added 'value' property ["8","4","5","3","2","3","4"] to 'setValue' request body
[debug] &amp#27;[38;5;32m[AndroidUiautomator2Driver@bf5e (a7c930e3)]&amp#27;[0m Proxying [POST /element/00000000-0000-012a-ffff-ffff0000031c/value] to [POST http://127.0.0.1:8200/session/cb79fbe9-6db1-405e-968c-cfcea7b557ce/element/00000000-0000-012a-ffff-ffff0000031c/value] with body: {"elementId":"00000000-0000-012a-ffff-ffff0000031c","text":"8453234","replace":false,"value":["8","4","5","3","2","3","4"]}
[debug] &amp#27;[38;5;32m[AndroidUiautomator2Driver@bf5e (a7c930e3)]&amp#27;[0m Got response with status 200: {"sessionId":"cb79fbe9-6db1-405e-968c-cfcea7b557ce","value":null}
[debug] &amp#27;[38;5;32m[AndroidUiautomator2Driver@bf5e (a7c930e3)]&amp#27;[0m Responding to client with driver.setValue() result: null
&amp#27;[38;5;0m[HTTP]&amp#27;[0m &amp#27;[37m<-- POST /session/a7c930e3-f715-4da0-9084-cae6d30d0283/element/00000000-0000-012a-ffff-ffff0000031c/value &amp#27;[39m&amp#27;[32m200&amp#27;[39m &amp#27;[90m696 ms - 14&amp#27;[39m
&amp#27;[38;5;0m[HTTP]&amp#27;[0m &amp#27;[90m&amp#27;[39m
&amp#27;[38;5;0m[HTTP]&amp#27;[0m &amp#27;[37m-->&amp#27;[39m &amp#27;[37mGET&amp#27;[39m &amp#27;[37m/session/a7c930e3-f715-4da0-9084-cae6d30d0283/context&amp#27;[39m
&amp#27;[38;5;0m[HTTP]&amp#27;[0m &amp#27;[90m{}&amp#27;[39m
[debug] &amp#27;[38;5;32m[AndroidUiautomator2Driver@bf5e (a7c930e3)]&amp#27;[0m Calling AppiumDriver.getCurrentContext() with args: ["a7c930e3-f715-4da0-9084-cae6d30d0283"]
[debug] &amp#27;[38;5;32m[AndroidUiautomator2Driver@bf5e (a7c930e3)]&amp#27;[0m Responding to client with driver.getCurrentContext() result: "NATIVE_APP"
&amp#27;[38;5;0m[HTTP]&amp#27;[0m &amp#27;[37m<-- GET /session/a7c930e3-f715-4da0-9084-cae6d30d0283/context &amp#27;[39m&amp#27;[32m200&amp#27;[39m &amp#27;[90m1 ms - 22&amp#27;[39m
&amp#27;[38;5;0m[HTTP]&amp#27;[0m &amp#27;[90m&amp#27;[39m
&amp#27;[38;5;0m[HTTP]&amp#27;[0m &amp#27;[37m-->&amp#27;[39m &amp#27;[37mPOST&amp#27;[39m &amp#27;[37m/session/a7c930e3-f715-4da0-9084-cae6d30d0283/element&amp#27;[39m
&amp#27;[38;5;0m[HTTP]&amp#27;[0m &amp#27;[90m{"value":"(//android.widget.EditText[@resource-id=\"com.shopee.vn:id/cret_edit_text\"])[2]","using":"xpath"}&amp#27;[39m
[debug] &amp#27;[38;5;32m[AndroidUiautomator2Driver@bf5e (a7c930e3)]&amp#27;[0m Calling AppiumDriver.findElement() with args: ["xpath","(//android.widget.EditText[@resource-id=\"com.shopee.vn:id/cret_edit_text\"])[2]","a7c930e3-f715-4da0-9084-cae6d30d0283"]
[debug] &amp#27;[38;5;32m[AndroidUiautomator2Driver@bf5e (a7c930e3)]&amp#27;[0m Valid locator strategies for this request: xpath, id, class name, accessibility id, css selector, -android uiautomator
[debug] &amp#27;[38;5;32m[AndroidUiautomator2Driver@bf5e (a7c930e3)]&amp#27;[0m Waiting up to 10000 ms for condition
[debug] &amp#27;[38;5;32m[AndroidUiautomator2Driver@bf5e (a7c930e3)]&amp#27;[0m Matched '/element' to command name 'findElement'
[debug] &amp#27;[38;5;32m[AndroidUiautomator2Driver@bf5e (a7c930e3)]&amp#27;[0m Proxying [POST /element] to [POST http://127.0.0.1:8200/session/cb79fbe9-6db1-405e-968c-cfcea7b557ce/element] with body: {"strategy":"xpath","selector":"(//android.widget.EditText[@resource-id=\"com.shopee.vn:id/cret_edit_text\"])[2]","context":"","multiple":false}
[debug] &amp#27;[38;5;32m[AndroidUiautomator2Driver@bf5e (a7c930e3)]&amp#27;[0m Got response with status 200: {"sessionId":"cb79fbe9-6db1-405e-968c-cfcea7b557ce","value":{"ELEMENT":"00000000-0000-012a-ffff-ffff00000324","element-6066-11e4-a52e-4f735466cecf":"00000000-0000-012a-ffff-ffff00000324"}}
[debug] &amp#27;[38;5;32m[AndroidUiautomator2Driver@bf5e (a7c930e3)]&amp#27;[0m Responding to client with driver.findElement() result: {"element-6066-11e4-a52e-4f735466cecf":"00000000-0000-012a-ffff-ffff00000324","ELEMENT":"00000000-0000-012a-ffff-ffff00000324"}
&amp#27;[38;5;0m[HTTP]&amp#27;[0m &amp#27;[37m<-- POST /session/a7c930e3-f715-4da0-9084-cae6d30d0283/element &amp#27;[39m&amp#27;[32m200&amp#27;[39m &amp#27;[90m679 ms - 137&amp#27;[39m
&amp#27;[38;5;0m[HTTP]&amp#27;[0m &amp#27;[90m&amp#27;[39m
&amp#27;[38;5;0m[HTTP]&amp#27;[0m &amp#27;[37m-->&amp#27;[39m &amp#27;[37mGET&amp#27;[39m &amp#27;[37m/session/a7c930e3-f715-4da0-9084-cae6d30d0283/element/00000000-0000-012a-ffff-ffff00000324/displayed&amp#27;[39m
&amp#27;[38;5;0m[HTTP]&amp#27;[0m &amp#27;[90m{}&amp#27;[39m
[debug] &amp#27;[38;5;32m[AndroidUiautomator2Driver@bf5e (a7c930e3)]&amp#27;[0m Calling AppiumDriver.elementDisplayed() with args: ["00000000-0000-012a-ffff-ffff00000324","a7c930e3-f715-4da0-9084-cae6d30d0283"]
[debug] &amp#27;[38;5;32m[AndroidUiautomator2Driver@bf5e (a7c930e3)]&amp#27;[0m Matched '/element/00000000-0000-012a-ffff-ffff00000324/attribute/displayed' to command name 'getAttribute'
[debug] &amp#27;[38;5;32m[AndroidUiautomator2Driver@bf5e (a7c930e3)]&amp#27;[0m Proxying [GET /element/00000000-0000-012a-ffff-ffff00000324/attribute/displayed] to [GET http://127.0.0.1:8200/session/cb79fbe9-6db1-405e-968c-cfcea7b557ce/element/00000000-0000-012a-ffff-ffff00000324/attribute/displayed] with no body
[debug] &amp#27;[38;5;32m[AndroidUiautomator2Driver@bf5e (a7c930e3)]&amp#27;[0m Got response with status 200: {"sessionId":"cb79fbe9-6db1-405e-968c-cfcea7b557ce","value":"true"}
[debug] &amp#27;[38;5;32m[AndroidUiautomator2Driver@bf5e (a7c930e3)]&amp#27;[0m Responding to client with driver.elementDisplayed() result: true
&amp#27;[38;5;0m[HTTP]&amp#27;[0m &amp#27;[37m<-- GET /session/a7c930e3-f715-4da0-9084-cae6d30d0283/element/00000000-0000-012a-ffff-ffff00000324/displayed &amp#27;[39m&amp#27;[32m200&amp#27;[39m &amp#27;[90m17 ms - 14&amp#27;[39m
&amp#27;[38;5;0m[HTTP]&amp#27;[0m &amp#27;[90m&amp#27;[39m
&amp#27;[38;5;0m[HTTP]&amp#27;[0m &amp#27;[37m-->&amp#27;[39m &amp#27;[37mGET&amp#27;[39m &amp#27;[37m/session/a7c930e3-f715-4da0-9084-cae6d30d0283/context&amp#27;[39m
&amp#27;[38;5;0m[HTTP]&amp#27;[0m &amp#27;[90m{}&amp#27;[39m
[debug] &amp#27;[38;5;32m[AndroidUiautomator2Driver@bf5e (a7c930e3)]&amp#27;[0m Calling AppiumDriver.getCurrentContext() with args: ["a7c930e3-f715-4da0-9084-cae6d30d0283"]
[debug] &amp#27;[38;5;32m[AndroidUiautomator2Driver@bf5e (a7c930e3)]&amp#27;[0m Responding to client with driver.getCurrentContext() result: "NATIVE_APP"
&amp#27;[38;5;0m[HTTP]&amp#27;[0m &amp#27;[37m<-- GET /session/a7c930e3-f715-4da0-9084-cae6d30d0283/context &amp#27;[39m&amp#27;[32m200&amp#27;[39m &amp#27;[90m1 ms - 22&amp#27;[39m
&amp#27;[38;5;0m[HTTP]&amp#27;[0m &amp#27;[90m&amp#27;[39m
&amp#27;[38;5;0m[HTTP]&amp#27;[0m &amp#27;[37m-->&amp#27;[39m &amp#27;[37mPOST&amp#27;[39m &amp#27;[37m/session/a7c930e3-f715-4da0-9084-cae6d30d0283/element&amp#27;[39m
&amp#27;[38;5;0m[HTTP]&amp#27;[0m &amp#27;[90m{"value":"(//android.widget.EditText[@resource-id=\"com.shopee.vn:id/cret_edit_text\"])[2]","using":"xpath"}&amp#27;[39m
[debug] &amp#27;[38;5;32m[AndroidUiautomator2Driver@bf5e (a7c930e3)]&amp#27;[0m Calling AppiumDriver.findElement() with args: ["xpath","(//android.widget.EditText[@resource-id=\"com.shopee.vn:id/cret_edit_text\"])[2]","a7c930e3-f715-4da0-9084-cae6d30d0283"]
[debug] &amp#27;[38;5;32m[AndroidUiautomator2Driver@bf5e (a7c930e3)]&amp#27;[0m Valid locator strategies for this request: xpath, id, class name, accessibility id, css selector, -android uiautomator
[debug] &amp#27;[38;5;32m[AndroidUiautomator2Driver@bf5e (a7c930e3)]&amp#27;[0m Waiting up to 10000 ms for condition
[debug] &amp#27;[38;5;32m[AndroidUiautomator2Driver@bf5e (a7c930e3)]&amp#27;[0m Matched '/element' to command name 'findElement'
[debug] &amp#27;[38;5;32m[AndroidUiautomator2Driver@bf5e (a7c930e3)]&amp#27;[0m Proxying [POST /element] to [POST http://127.0.0.1:8200/session/cb79fbe9-6db1-405e-968c-cfcea7b557ce/element] with body: {"strategy":"xpath","selector":"(//android.widget.EditText[@resource-id=\"com.shopee.vn:id/cret_edit_text\"])[2]","context":"","multiple":false}
[debug] &amp#27;[38;5;32m[AndroidUiautomator2Driver@bf5e (a7c930e3)]&amp#27;[0m Got response with status 200: {"sessionId":"cb79fbe9-6db1-405e-968c-cfcea7b557ce","value":{"ELEMENT":"00000000-0000-012a-ffff-ffff00000324","element-6066-11e4-a52e-4f735466cecf":"00000000-0000-012a-ffff-ffff00000324"}}
[debug] &amp#27;[38;5;32m[AndroidUiautomator2Driver@bf5e (a7c930e3)]&amp#27;[0m Responding to client with driver.findElement() result: {"element-6066-11e4-a52e-4f735466cecf":"00000000-0000-012a-ffff-ffff00000324","ELEMENT":"00000000-0000-012a-ffff-ffff00000324"}
&amp#27;[38;5;0m[HTTP]&amp#27;[0m &amp#27;[37m<-- POST /session/a7c930e3-f715-4da0-9084-cae6d30d0283/element &amp#27;[39m&amp#27;[32m200&amp#27;[39m &amp#27;[90m186 ms - 137&amp#27;[39m
&amp#27;[38;5;0m[HTTP]&amp#27;[0m &amp#27;[90m&amp#27;[39m
&amp#27;[38;5;0m[HTTP]&amp#27;[0m &amp#27;[37m-->&amp#27;[39m &amp#27;[37mPOST&amp#27;[39m &amp#27;[37m/session/a7c930e3-f715-4da0-9084-cae6d30d0283/element/00000000-0000-012a-ffff-ffff00000324/value&amp#27;[39m
&amp#27;[38;5;0m[HTTP]&amp#27;[0m &amp#27;[90m{"id":"00000000-0000-012a-ffff-ffff00000324","value":["U","K","s","j","s","d","W","@","1","2","3"],"text":"UKsjsdW@123"}&amp#27;[39m
[debug] &amp#27;[38;5;32m[AndroidUiautomator2Driver@bf5e (a7c930e3)]&amp#27;[0m Calling AppiumDriver.setValue() with args: [["U","K","s","j","s","d","W","@","1","2","3"],"00000000-0000-012a-ffff-ffff00000324","a7c930e3-f715-4da0-9084-cae6d30d0283"]
[debug] &amp#27;[38;5;32m[AndroidUiautomator2Driver@bf5e (a7c930e3)]&amp#27;[0m Matched '/element/00000000-0000-012a-ffff-ffff00000324/value' to command name 'setValue'
[debug] &amp#27;[38;5;32m[AndroidUiautomator2Driver@bf5e (a7c930e3)]&amp#27;[0m Added 'value' property ["U","K","s","j","s","d","W","@","1","2","3"] to 'setValue' request body
[debug] &amp#27;[38;5;32m[AndroidUiautomator2Driver@bf5e (a7c930e3)]&amp#27;[0m Proxying [POST /element/00000000-0000-012a-ffff-ffff00000324/value] to [POST http://127.0.0.1:8200/session/cb79fbe9-6db1-405e-968c-cfcea7b557ce/element/00000000-0000-012a-ffff-ffff00000324/value] with body: {"elementId":"00000000-0000-012a-ffff-ffff00000324","text":"UKsjsdW@123","replace":false,"value":["U","K","s","j","s","d","W","@","1","2","3"]}
[debug] &amp#27;[38;5;32m[AndroidUiautomator2Driver@bf5e (a7c930e3)]&amp#27;[0m Got response with status 200: {"sessionId":"cb79fbe9-6db1-405e-968c-cfcea7b557ce","value":null}
[debug] &amp#27;[38;5;32m[AndroidUiautomator2Driver@bf5e (a7c930e3)]&amp#27;[0m Responding to client with driver.setValue() result: null
&amp#27;[38;5;0m[HTTP]&amp#27;[0m &amp#27;[37m<-- POST /session/a7c930e3-f715-4da0-9084-cae6d30d0283/element/00000000-0000-012a-ffff-ffff00000324/value &amp#27;[39m&amp#27;[32m200&amp#27;[39m &amp#27;[90m650 ms - 14&amp#27;[39m
&amp#27;[38;5;0m[HTTP]&amp#27;[0m &amp#27;[90m&amp#27;[39m
&amp#27;[38;5;0m[HTTP]&amp#27;[0m &amp#27;[37m-->&amp#27;[39m &amp#27;[37mGET&amp#27;[39m &amp#27;[37m/session/a7c930e3-f715-4da0-9084-cae6d30d0283/context&amp#27;[39m
&amp#27;[38;5;0m[HTTP]&amp#27;[0m &amp#27;[90m{}&amp#27;[39m
[debug] &amp#27;[38;5;32m[AndroidUiautomator2Driver@bf5e (a7c930e3)]&amp#27;[0m Calling AppiumDriver.getCurrentContext() with args: ["a7c930e3-f715-4da0-9084-cae6d30d0283"]
[debug] &amp#27;[38;5;32m[AndroidUiautomator2Driver@bf5e (a7c930e3)]&amp#27;[0m Responding to client with driver.getCurrentContext() result: "NATIVE_APP"
&amp#27;[38;5;0m[HTTP]&amp#27;[0m &amp#27;[37m<-- GET /session/a7c930e3-f715-4da0-9084-cae6d30d0283/context &amp#27;[39m&amp#27;[32m200&amp#27;[39m &amp#27;[90m1 ms - 22&amp#27;[39m
&amp#27;[38;5;0m[HTTP]&amp#27;[0m &amp#27;[90m&amp#27;[39m
&amp#27;[38;5;0m[HTTP]&amp#27;[0m &amp#27;[37m-->&amp#27;[39m &amp#27;[37mPOST&amp#27;[39m &amp#27;[37m/session/a7c930e3-f715-4da0-9084-cae6d30d0283/element&amp#27;[39m
&amp#27;[38;5;0m[HTTP]&amp#27;[0m &amp#27;[90m{"value":"com.shopee.vn:id/cret_show_hide_text_image_view","using":"id"}&amp#27;[39m
[debug] &amp#27;[38;5;32m[AndroidUiautomator2Driver@bf5e (a7c930e3)]&amp#27;[0m Calling AppiumDriver.findElement() with args: ["id","com.shopee.vn:id/cret_show_hide_text_image_view","a7c930e3-f715-4da0-9084-cae6d30d0283"]
[debug] &amp#27;[38;5;32m[AndroidUiautomator2Driver@bf5e (a7c930e3)]&amp#27;[0m Valid locator strategies for this request: xpath, id, class name, accessibility id, css selector, -android uiautomator
[debug] &amp#27;[38;5;32m[AndroidUiautomator2Driver@bf5e (a7c930e3)]&amp#27;[0m Waiting up to 10000 ms for condition
[debug] &amp#27;[38;5;32m[AndroidUiautomator2Driver@bf5e (a7c930e3)]&amp#27;[0m Matched '/element' to command name 'findElement'
[debug] &amp#27;[38;5;32m[AndroidUiautomator2Driver@bf5e (a7c930e3)]&amp#27;[0m Proxying [POST /element] to [POST http://127.0.0.1:8200/session/cb79fbe9-6db1-405e-968c-cfcea7b557ce/element] with body: {"strategy":"id","selector":"com.shopee.vn:id/cret_show_hide_text_image_view","context":"","multiple":false}
[debug] &amp#27;[38;5;32m[AndroidUiautomator2Driver@bf5e (a7c930e3)]&amp#27;[0m Got response with status 200: {"sessionId":"cb79fbe9-6db1-405e-968c-cfcea7b557ce","value":{"ELEMENT":"00000000-0000-012a-ffff-ffff00000322","element-6066-11e4-a52e-4f735466cecf":"00000000-0000-012a-ffff-ffff00000322"}}
[debug] &amp#27;[38;5;32m[AndroidUiautomator2Driver@bf5e (a7c930e3)]&amp#27;[0m Responding to client with driver.findElement() result: {"element-6066-11e4-a52e-4f735466cecf":"00000000-0000-012a-ffff-ffff00000322","ELEMENT":"00000000-0000-012a-ffff-ffff00000322"}
&amp#27;[38;5;0m[HTTP]&amp#27;[0m &amp#27;[37m<-- POST /session/a7c930e3-f715-4da0-9084-cae6d30d0283/element &amp#27;[39m&amp#27;[32m200&amp#27;[39m &amp#27;[90m539 ms - 137&amp#27;[39m
&amp#27;[38;5;0m[HTTP]&amp#27;[0m &amp#27;[90m&amp#27;[39m
&amp#27;[38;5;0m[HTTP]&amp#27;[0m &amp#27;[37m-->&amp#27;[39m &amp#27;[37mPOST&amp#27;[39m &amp#27;[37m/session/a7c930e3-f715-4da0-9084-cae6d30d0283/element/00000000-0000-012a-ffff-ffff00000322/click&amp#27;[39m
&amp#27;[38;5;0m[HTTP]&amp#27;[0m &amp#27;[90m{"id":"00000000-0000-012a-ffff-ffff00000322"}&amp#27;[39m
[debug] &amp#27;[38;5;32m[AndroidUiautomator2Driver@bf5e (a7c930e3)]&amp#27;[0m Calling AppiumDriver.click() with args: ["00000000-0000-012a-ffff-ffff00000322","a7c930e3-f715-4da0-9084-cae6d30d0283"]
[debug] &amp#27;[38;5;32m[AndroidUiautomator2Driver@bf5e (a7c930e3)]&amp#27;[0m Matched '/element/00000000-0000-012a-ffff-ffff00000322/click' to command name 'click'
[debug] &amp#27;[38;5;32m[AndroidUiautomator2Driver@bf5e (a7c930e3)]&amp#27;[0m Proxying [POST /element/00000000-0000-012a-ffff-ffff00000322/click] to [POST http://127.0.0.1:8200/session/cb79fbe9-6db1-405e-968c-cfcea7b557ce/element/00000000-0000-012a-ffff-ffff00000322/click] with body: {"element":"00000000-0000-012a-ffff-ffff00000322"}
[debug] &amp#27;[38;5;32m[AndroidUiautomator2Driver@bf5e (a7c930e3)]&amp#27;[0m Got response with status 200: {"sessionId":"cb79fbe9-6db1-405e-968c-cfcea7b557ce","value":null}
[debug] &amp#27;[38;5;32m[AndroidUiautomator2Driver@bf5e (a7c930e3)]&amp#27;[0m Responding to client with driver.click() result: null
&amp#27;[38;5;0m[HTTP]&amp#27;[0m &amp#27;[37m<-- POST /session/a7c930e3-f715-4da0-9084-cae6d30d0283/element/00000000-0000-012a-ffff-ffff00000322/click &amp#27;[39m&amp#27;[32m200&amp#27;[39m &amp#27;[90m84 ms - 14&amp#27;[39m
&amp#27;[38;5;0m[HTTP]&amp#27;[0m &amp#27;[90m&amp#27;[39m
&amp#27;[38;5;0m[HTTP]&amp#27;[0m &amp#27;[37m-->&amp#27;[39m &amp#27;[37mGET&amp#27;[39m &amp#27;[37m/session/a7c930e3-f715-4da0-9084-cae6d30d0283/context&amp#27;[39m
&amp#27;[38;5;0m[HTTP]&amp#27;[0m &amp#27;[90m{}&amp#27;[39m
[debug] &amp#27;[38;5;32m[AndroidUiautomator2Driver@bf5e (a7c930e3)]&amp#27;[0m Calling AppiumDriver.getCurrentContext() with args: ["a7c930e3-f715-4da0-9084-cae6d30d0283"]
[debug] &amp#27;[38;5;32m[AndroidUiautomator2Driver@bf5e (a7c930e3)]&amp#27;[0m Responding to client with driver.getCurrentContext() result: "NATIVE_APP"
&amp#27;[38;5;0m[HTTP]&amp#27;[0m &amp#27;[37m<-- GET /session/a7c930e3-f715-4da0-9084-cae6d30d0283/context &amp#27;[39m&amp#27;[32m200&amp#27;[39m &amp#27;[90m1 ms - 22&amp#27;[39m
&amp#27;[38;5;0m[HTTP]&amp#27;[0m &amp#27;[90m&amp#27;[39m
&amp#27;[38;5;0m[HTTP]&amp#27;[0m &amp#27;[37m-->&amp#27;[39m &amp#27;[37mPOST&amp#27;[39m &amp#27;[37m/session/a7c930e3-f715-4da0-9084-cae6d30d0283/element&amp#27;[39m
&amp#27;[38;5;0m[HTTP]&amp#27;[0m &amp#27;[90m{"value":"com.shopee.vn:id/btnLogin","using":"id"}&amp#27;[39m
[debug] &amp#27;[38;5;32m[AndroidUiautomator2Driver@bf5e (a7c930e3)]&amp#27;[0m Calling AppiumDriver.findElement() with args: ["id","com.shopee.vn:id/btnLogin","a7c930e3-f715-4da0-9084-cae6d30d0283"]
[debug] &amp#27;[38;5;32m[AndroidUiautomator2Driver@bf5e (a7c930e3)]&amp#27;[0m Valid locator strategies for this request: xpath, id, class name, accessibility id, css selector, -android uiautomator
[debug] &amp#27;[38;5;32m[AndroidUiautomator2Driver@bf5e (a7c930e3)]&amp#27;[0m Waiting up to 10000 ms for condition
[debug] &amp#27;[38;5;32m[AndroidUiautomator2Driver@bf5e (a7c930e3)]&amp#27;[0m Matched '/element' to command name 'findElement'
[debug] &amp#27;[38;5;32m[AndroidUiautomator2Driver@bf5e (a7c930e3)]&amp#27;[0m Proxying [POST /element] to [POST http://127.0.0.1:8200/session/cb79fbe9-6db1-405e-968c-cfcea7b557ce/element] with body: {"strategy":"id","selector":"com.shopee.vn:id/btnLogin","context":"","multiple":false}
[debug] &amp#27;[38;5;32m[AndroidUiautomator2Driver@bf5e (a7c930e3)]&amp#27;[0m Got response with status 200: {"sessionId":"cb79fbe9-6db1-405e-968c-cfcea7b557ce","value":{"ELEMENT":"00000000-0000-012a-ffff-ffff0000032c","element-6066-11e4-a52e-4f735466cecf":"00000000-0000-012a-ffff-ffff0000032c"}}
[debug] &amp#27;[38;5;32m[AndroidUiautomator2Driver@bf5e (a7c930e3)]&amp#27;[0m Responding to client with driver.findElement() result: {"element-6066-11e4-a52e-4f735466cecf":"00000000-0000-012a-ffff-ffff0000032c","ELEMENT":"00000000-0000-012a-ffff-ffff0000032c"}
&amp#27;[38;5;0m[HTTP]&amp#27;[0m &amp#27;[37m<-- POST /session/a7c930e3-f715-4da0-9084-cae6d30d0283/element &amp#27;[39m&amp#27;[32m200&amp#27;[39m &amp#27;[90m549 ms - 137&amp#27;[39m
&amp#27;[38;5;0m[HTTP]&amp#27;[0m &amp#27;[90m&amp#27;[39m
&amp#27;[38;5;0m[HTTP]&amp#27;[0m &amp#27;[37m-->&amp#27;[39m &amp#27;[37mPOST&amp#27;[39m &amp#27;[37m/session/a7c930e3-f715-4da0-9084-cae6d30d0283/element/00000000-0000-012a-ffff-ffff0000032c/click&amp#27;[39m
&amp#27;[38;5;0m[HTTP]&amp#27;[0m &amp#27;[90m{"id":"00000000-0000-012a-ffff-ffff0000032c"}&amp#27;[39m
[debug] &amp#27;[38;5;32m[AndroidUiautomator2Driver@bf5e (a7c930e3)]&amp#27;[0m Calling AppiumDriver.click() with args: ["00000000-0000-012a-ffff-ffff0000032c","a7c930e3-f715-4da0-9084-cae6d30d0283"]
[debug] &amp#27;[38;5;32m[AndroidUiautomator2Driver@bf5e (a7c930e3)]&amp#27;[0m Matched '/element/00000000-0000-012a-ffff-ffff0000032c/click' to command name 'click'
[debug] &amp#27;[38;5;32m[AndroidUiautomator2Driver@bf5e (a7c930e3)]&amp#27;[0m Proxying [POST /element/00000000-0000-012a-ffff-ffff0000032c/click] to [POST http://127.0.0.1:8200/session/cb79fbe9-6db1-405e-968c-cfcea7b557ce/element/00000000-0000-012a-ffff-ffff0000032c/click] with body: {"element":"00000000-0000-012a-ffff-ffff0000032c"}
[debug] &amp#27;[38;5;32m[AndroidUiautomator2Driver@bf5e (a7c930e3)]&amp#27;[0m Got response with status 200: {"sessionId":"cb79fbe9-6db1-405e-968c-cfcea7b557ce","value":null}
[debug] &amp#27;[38;5;32m[AndroidUiautomator2Driver@bf5e (a7c930e3)]&amp#27;[0m Responding to client with driver.click() result: null
&amp#27;[38;5;0m[HTTP]&amp#27;[0m &amp#27;[37m<-- POST /session/a7c930e3-f715-4da0-9084-cae6d30d0283/element/00000000-0000-012a-ffff-ffff0000032c/click &amp#27;[39m&amp#27;[32m200&amp#27;[39m &amp#27;[90m1053 ms - 14&amp#27;[39m
&amp#27;[38;5;0m[HTTP]&amp#27;[0m &amp#27;[90m&amp#27;[39m
&amp#27;[38;5;0m[HTTP]&amp#27;[0m &amp#27;[37m-->&amp#27;[39m &amp#27;[37mPOST&amp#27;[39m &amp#27;[37m/session/a7c930e3-f715-4da0-9084-cae6d30d0283/element&amp#27;[39m
&amp#27;[38;5;0m[HTTP]&amp#27;[0m &amp#27;[90m{"value":"//android.widget.Toast[1]","using":"xpath"}&amp#27;[39m
[debug] &amp#27;[38;5;32m[AndroidUiautomator2Driver@bf5e (a7c930e3)]&amp#27;[0m Calling AppiumDriver.findElement() with args: ["xpath","//android.widget.Toast[1]","a7c930e3-f715-4da0-9084-cae6d30d0283"]
[debug] &amp#27;[38;5;32m[AndroidUiautomator2Driver@bf5e (a7c930e3)]&amp#27;[0m Valid locator strategies for this request: xpath, id, class name, accessibility id, css selector, -android uiautomator
[debug] &amp#27;[38;5;32m[AndroidUiautomator2Driver@bf5e (a7c930e3)]&amp#27;[0m Waiting up to 10000 ms for condition
[debug] &amp#27;[38;5;32m[AndroidUiautomator2Driver@bf5e (a7c930e3)]&amp#27;[0m Matched '/element' to command name 'findElement'
[debug] &amp#27;[38;5;32m[AndroidUiautomator2Driver@bf5e (a7c930e3)]&amp#27;[0m Proxying [POST /element] to [POST http://127.0.0.1:8200/session/cb79fbe9-6db1-405e-968c-cfcea7b557ce/element] with body: {"strategy":"xpath","selector":"//android.widget.Toast[1]","context":"","multiple":false}
[debug] &amp#27;[38;5;32m[AndroidUiautomator2Driver@bf5e (a7c930e3)]&amp#27;[0m Got response with status 200: {"sessionId":"cb79fbe9-6db1-405e-968c-cfcea7b557ce","value":{"ELEMENT":"a28e4ecd-dbbe-4d9a-8d1d-59c5530ea646","element-6066-11e4-a52e-4f735466cecf":"a28e4ecd-dbbe-4d9a-8d1d-59c5530ea646"}}
[debug] &amp#27;[38;5;32m[AndroidUiautomator2Driver@bf5e (a7c930e3)]&amp#27;[0m Responding to client with driver.findElement() result: {"element-6066-11e4-a52e-4f735466cecf":"a28e4ecd-dbbe-4d9a-8d1d-59c5530ea646","ELEMENT":"a28e4ecd-dbbe-4d9a-8d1d-59c5530ea646"}
&amp#27;[38;5;0m[HTTP]&amp#27;[0m &amp#27;[37m<-- POST /session/a7c930e3-f715-4da0-9084-cae6d30d0283/element &amp#27;[39m&amp#27;[32m200&amp#27;[39m &amp#27;[90m159 ms - 137&amp#27;[39m
&amp#27;[38;5;0m[HTTP]&amp#27;[0m &amp#27;[90m&amp#27;[39m
&amp#27;[38;5;0m[HTTP]&amp#27;[0m &amp#27;[37m-->&amp#27;[39m &amp#27;[37mPOST&amp#27;[39m &amp#27;[37m/session/a7c930e3-f715-4da0-9084-cae6d30d0283/element&amp#27;[39m
&amp#27;[38;5;0m[HTTP]&amp#27;[0m &amp#27;[90m{"value":"//android.widget.Toast[1]","using":"xpath"}&amp#27;[39m
[debug] &amp#27;[38;5;32m[AndroidUiautomator2Driver@bf5e (a7c930e3)]&amp#27;[0m Calling AppiumDriver.findElement() with args: ["xpath","//android.widget.Toast[1]","a7c930e3-f715-4da0-9084-cae6d30d0283"]
[debug] &amp#27;[38;5;32m[AndroidUiautomator2Driver@bf5e (a7c930e3)]&amp#27;[0m Valid locator strategies for this request: xpath, id, class name, accessibility id, css selector, -android uiautomator
[debug] &amp#27;[38;5;32m[AndroidUiautomator2Driver@bf5e (a7c930e3)]&amp#27;[0m Waiting up to 10000 ms for condition
[debug] &amp#27;[38;5;32m[AndroidUiautomator2Driver@bf5e (a7c930e3)]&amp#27;[0m Matched '/element' to command name 'findElement'
[debug] &amp#27;[38;5;32m[AndroidUiautomator2Driver@bf5e (a7c930e3)]&amp#27;[0m Proxying [POST /element] to [POST http://127.0.0.1:8200/session/cb79fbe9-6db1-405e-968c-cfcea7b557ce/element] with body: {"strategy":"xpath","selector":"//android.widget.Toast[1]","context":"","multiple":false}
[debug] &amp#27;[38;5;32m[AndroidUiautomator2Driver@bf5e (a7c930e3)]&amp#27;[0m Got response with status 200: {"sessionId":"cb79fbe9-6db1-405e-968c-cfcea7b557ce","value":{"ELEMENT":"3372fc97-7886-45a1-9c5d-9b4093b1e180","element-6066-11e4-a52e-4f735466cecf":"3372fc97-7886-45a1-9c5d-9b4093b1e180"}}
[debug] &amp#27;[38;5;32m[AndroidUiautomator2Driver@bf5e (a7c930e3)]&amp#27;[0m Responding to client with driver.findElement() result: {"element-6066-11e4-a52e-4f735466cecf":"3372fc97-7886-45a1-9c5d-9b4093b1e180","ELEMENT":"3372fc97-7886-45a1-9c5d-9b4093b1e180"}
&amp#27;[38;5;0m[HTTP]&amp#27;[0m &amp#27;[37m<-- POST /session/a7c930e3-f715-4da0-9084-cae6d30d0283/element &amp#27;[39m&amp#27;[32m200&amp#27;[39m &amp#27;[90m136 ms - 137&amp#27;[39m
&amp#27;[38;5;0m[HTTP]&amp#27;[0m &amp#27;[90m&amp#27;[39m
&amp#27;[38;5;0m[HTTP]&amp#27;[0m &amp#27;[37m-->&amp#27;[39m &amp#27;[37mGET&amp#27;[39m &amp#27;[37m/session/a7c930e3-f715-4da0-9084-cae6d30d0283/element/3372fc97-7886-45a1-9c5d-9b4093b1e180/text&amp#27;[39m
&amp#27;[38;5;0m[HTTP]&amp#27;[0m &amp#27;[90m{}&amp#27;[39m
&amp#27;[38;5;32m[AndroidUiautomator2Driver@bf5e (a7c930e3)]&amp#27;[0m Driver proxy active, passing request on via HTTP proxy
[debug] &amp#27;[38;5;32m[AndroidUiautomator2Driver@bf5e (a7c930e3)]&amp#27;[0m Matched '/session/a7c930e3-f715-4da0-9084-cae6d30d0283/element/3372fc97-7886-45a1-9c5d-9b4093b1e180/text' to command name 'getText'
[debug] &amp#27;[38;5;32m[AndroidUiautomator2Driver@bf5e (a7c930e3)]&amp#27;[0m Proxying [GET /session/a7c930e3-f715-4da0-9084-cae6d30d0283/element/3372fc97-7886-45a1-9c5d-9b4093b1e180/text] to [GET http://127.0.0.1:8200/session/cb79fbe9-6db1-405e-968c-cfcea7b557ce/element/3372fc97-7886-45a1-9c5d-9b4093b1e180/text] with no body
[debug] &amp#27;[38;5;32m[AndroidUiautomator2Driver@bf5e (a7c930e3)]&amp#27;[0m Got response with status 200: {"sessionId":"cb79fbe9-6db1-405e-968c-cfcea7b557ce","value":"Uiiii, cĂ³ lá»—i rá»“i. Vui lĂ²ng thá»­ láº¡i sau"}
&amp#27;[38;5;32m[AndroidUiautomator2Driver@bf5e (a7c930e3)]&amp#27;[0m Replacing sessionId cb79fbe9-6db1-405e-968c-cfcea7b557ce with a7c930e3-f715-4da0-9084-cae6d30d0283
&amp#27;[38;5;0m[HTTP]&amp#27;[0m &amp#27;[37m<-- GET /session/a7c930e3-f715-4da0-9084-cae6d30d0283/element/3372fc97-7886-45a1-9c5d-9b4093b1e180/text &amp#27;[39m&amp#27;[32m200&amp#27;[39m &amp#27;[90m103 ms - 112&amp#27;[39m
&amp#27;[38;5;0m[HTTP]&amp#27;[0m &amp#27;[90m&amp#27;[39m
Toast: Uiiii, có l?i r?i. Vui l?ng th? l?i sau
&amp#27;[38;5;0m[HTTP]&amp#27;[0m &amp#27;[37m-->&amp#27;[39m &amp#27;[37mGET&amp#27;[39m &amp#27;[37m/session/a7c930e3-f715-4da0-9084-cae6d30d0283/screenshot&amp#27;[39m
&amp#27;[38;5;0m[HTTP]&amp#27;[0m &amp#27;[90m{}&amp#27;[39m
[debug] &amp#27;[38;5;32m[AndroidUiautomator2Driver@bf5e (a7c930e3)]&amp#27;[0m Calling AppiumDriver.getScreenshot() with args: ["a7c930e3-f715-4da0-9084-cae6d30d0283"]
[debug] &amp#27;[38;5;32m[AndroidUiautomator2Driver@bf5e (a7c930e3)]&amp#27;[0m Matched '/screenshot' to command name 'getScreenshot'
[debug] &amp#27;[38;5;32m[AndroidUiautomator2Driver@bf5e (a7c930e3)]&amp#27;[0m Proxying [GET /screenshot] to [GET http://127.0.0.1:8200/session/cb79fbe9-6db1-405e-968c-cfcea7b557ce/screenshot] with no body
[debug] &amp#27;[38;5;32m[AndroidUiautomator2Driver@bf5e (a7c930e3)]&amp#27;[0m Got response with status 200: {"sessionId":"cb79fbe9-6db1-405e-968c-cfcea7b557ce","value":"iVBORw0KGgoAAAANSUhEUgAABDgAAAlgCAYAAABtGofVAAAAAXNSR0IArs4c6QAAAARzQklUCAgICHwIZIgAACAASURBVHic7N15XFTl/gfwz5lhWAYZRBEX1MQdlxYX1Jt1S9Cbt6uCtmglVLaY4pLXTLha9+aCbWqKS6UlWGqLomCZC1r6u6mgdd1xKVdccEFnZBGYOb8/hjnOYQYYYAY48nm/XrxkzpzlOeMAcz7neb6PAEAEEREREREREZGCqWq6AUREREREREREVcWAg4iIiIiIiIgUjwEHERERERERESkeAw4iIiIiIiIiUjwGHERERERERESkeAw4iIiIiIiIiEjxGHAQERERERERkeIx4CAiIiIiIiIixWPAQURERERERESKx4CDiIiIiIiIiBSPAQcRERERERERKR4DDiIiIiIiIiJSPAYcRERERERERKR4DDiIiIiIiIiISPEYcBARERERERGR4jHgICIiIiIiIiLFY8BBRERERERERIrHgIOIiIiIiIiIFI8BBxEREREREREpHgMOIiIiIiIiIlI8BhxEREREREREpHgMOIiIiIiIiIhI8RhwEBEREREREZHiMeAgIiIiIiIiIsVjwEFEREREREREiseAg4iIiIiIiIgUjwEHERERERERESkeAw4iIiIiIiIiUjwGHERERERERESkeAw4iIiIiIiIiEjxGHAQERERERERkeIx4CAiIiIiIiIixWPAQURERERERESKx4CDiIiIiIiIiBSPAQcRERERERERKR4DDiIiIiIiIiJSPAYcRERERERERKR4DDiIiIiIiIiISPEYcBARERERERGR4jHgICIiIiIiIiLFY8BBRERERERERIrHgIOIiIiIiIiIFI8BBxEREREREREpHgMOIiIiIiIiIlI8BhxEREREREREpHgMOIiIiIiIiIhI8RhwEBEREREREZHiMeAg...
[debug] &amp#27;[38;5;32m[AndroidUiautomator2Driver@bf5e (a7c930e3)]&amp#27;[0m Responding to client with driver.getScreenshot() result: "iVBORw0KGgoAAAANSUhEUgAABDgAAAlgCAYAAABtGofVAAAAAXNSR0IArs4c6QAAAARzQklUCAgICHwIZIgAACAASURBVHic7N15XFTl/gfwz5lhWAYZRBEX1MQdlxYX1Jt1S9Cbt6uCtmglVLaY4pLXTLha9+aCbWqKS6UlWGqLomCZC1r6u6mgdd1xKVdccEFnZBGYOb8/hjnOYQYYYAY48nm/XrxkzpzlOeMAcz7neb6PAEAEEREREREREZGCqWq6AUREREREREREVcWAg4iIiIiIiIgUjwEHERERERERESkeAw4iIiIiIiIiUjwGHERERERERESkeAw4iIiIiIiIiEjxGHAQERERERERkeIx4CAiIiIiIiIixWPAQURERERERESKx4CDiIiIiIiIiBSPAQcRERERERERKR4DDiIiIiIiIiJSPAYcRERERERERKR4DDiIiIiIiIiISPEYcBARERERERGR4jHgICIiIiIiIiLFY8BBRERERERERIrHgIOIiIiIiIiIFI8BBxEREREREREpHgMOIiIiIiIiIlI8BhxEREREREREpHgMOIiIiIiIiIhI8RhwEBEREREREZHiMeAgIiIiIiIiIsVjwEFEREREREREiseAg4iIiIiIiIgUjwEHERERERERESkeAw4iIiIiIiIiUjwGHERERERERESkeAw4iIiIiIiIiEjxGHAQERERERERkeIx4CAiIiIiIiIixWPAQURERERERESKx4CDiIiIiIiIiBSPAQcRERERERERKR4DDiIiIiIiIiJSPAYcRERERERERKR4DDiIiIiIiIiISPEYcBARERERERGR4jHgICIiIiIiIiLFY8BBRERERERERIrHgIOIiIiIiIiIFI8BBxEREREREREpHgMOIiIiIiIiIlI8BhxEREREREREpHgMOIiIiIiIiIhI8RhwEBEREREREZHiMeAgIiIiIiIiIsVjwEFEREREREREiseAg4iIiIiIiIgUjwEHERERERERESkeAw4i...
&amp#27;[38;5;0m[HTTP]&amp#27;[0m &amp#27;[37m<-- GET /session/a7c930e3-f715-4da0-9084-cae6d30d0283/screenshot &amp#27;[39m&amp#27;[32m200&amp#27;[39m &amp#27;[90m578 ms - 258000&amp#27;[39m
&amp#27;[38;5;0m[HTTP]&amp#27;[0m &amp#27;[90m&amp#27;[39m
]]></system-out>
  </testcase>
</testsuite>