<?xml version="1.0" encoding="UTF-8"?>
<!-- Generated by org.testng.reporters.JUnitReportReporter -->
<testsuite hostname="intern-pmquang-laptop" failures="0" tests="1" name="TestCase.BasicTest" time="0.143" errors="0" timestamp="2025-02-14T09:21:38 ICT" skipped="0">
  <testcase classname="TestCase.BasicTest" name="Test" time="0.143"/>
</testsuite> <!-- TestCase.BasicTest -->
