<?xml version="1.0" encoding="UTF-8"?>
<!-- Generated by org.testng.reporters.JUnitReportReporter -->
<testsuite hostname="intern-pmquang-laptop" failures="0" tests="2" name="TestCase.TestCaseSearchProduct" time="193.285" errors="0" timestamp="2025-02-19T11:24:23 ICT" skipped="0">
  <testcase classname="TestCase.TestCaseSearchProduct" name="TestSearchProduct" time="110.148"/>
  <testcase classname="TestCase.TestCaseSearchProduct" name="TestSearchProduct" time="83.137"/>
</testsuite> <!-- TestCase.TestCaseSearchProduct -->
