<?xml version="1.0" encoding="UTF-8"?>
<!-- Generated by org.testng.reporters.JUnitReportReporter -->
<testsuite hostname="intern-pmquang-laptop" failures="0" tests="1" name="TestCase.TestCaseAddProduct" time="158.964" errors="0" timestamp="2025-03-12T13:41:36 ICT" skipped="0">
  <testcase classname="TestCase.TestCaseAddProduct" name="testSaveProductSuccessfully" time="158.964"/>
</testsuite> <!-- TestCase.TestCaseAddProduct -->
