<?xml version="1.0" encoding="UTF-8"?>
<!-- Generated by org.testng.reporters.JUnitReportReporter -->
<testsuite hostname="intern-pmquang-laptop" failures="0" tests="2" name="TestCase.TestCaseLogin" time="112.105" errors="0" timestamp="2025-02-19T11:24:23 ICT" skipped="0">
  <testcase classname="TestCase.TestCaseLogin" name="TestLoginWithPhoneNumber" time="45.758"/>
  <testcase classname="TestCase.TestCaseLogin" name="TestLoginFail" time="66.347"/>
</testsuite> <!-- TestCase.TestCaseLogin -->
