<?xml version="1.0" encoding="UTF-8"?>
<!-- Generated by org.testng.reporters.JUnitReportReporter -->
<testsuite hostname="intern-pmquang-laptop" failures="0" tests="1" name="TestCase.TestCaseAddProduct" time="151.669" errors="0" timestamp="2025-03-01T17:18:04 ICT" skipped="0">
  <testcase classname="TestCase.TestCaseAddProduct" name="testCheckErrorProductNameAndDescription" time="151.669"/>
</testsuite> <!-- TestCase.TestCaseAddProduct -->
