<?xml version="1.0" encoding="UTF-8"?>
<!-- Generated by org.testng.reporters.JUnitReportReporter -->
<testsuite hostname="intern-pmquang-laptop" failures="0" tests="4" name="TestCase.TestCaseLogin" time="161.175" errors="0" timestamp="2025-03-01T18:51:37 ICT" skipped="0">
  <testcase classname="TestCase.TestCaseLogin" name="TestLoginWithPhoneNumber" time="50.282"/>
  <testcase classname="TestCase.TestCaseLogin" name="TestLoginWithEmail" time="42.299"/>
  <testcase classname="TestCase.TestCaseLogin" name="TestLoginFail" time="34.263"/>
  <testcase classname="TestCase.TestCaseLogin" name="TestLoginFail_AccountLengthLessThan8" time="34.331"/>
</testsuite> <!-- TestCase.TestCaseLogin -->
